
RUN ALL TESTS

Check if script tests the correct version

Running test_args

/usr/lib/x86_64-linux-gnu/elektra/tool_exec/test_args
Running test_array

 ARRAY   TESTS
==================

Test array
Decrement array indizes
Test no array
Test start array
Test get arrayTest get array nextTest validate base name
test_array RESULTS: 1067 test(s) done. 0 error(s).
Running test_backend

  BACKEND   TESTS
====================

Test simple building of backend
Test default dump
Test back references

test_backend RESULTS: 192 test(s) done. 0 error(s).
Running test_context

[==========] Running 12 tests from 1 test case.
[----------] Global test environment set-up.
[----------] 12 tests from Context
[ RUN      ] Context.Exist
[       OK ] Context.Exist (1 ms)
[ RUN      ] Context.ExistWithContext
[       OK ] Context.ExistWithContext (2 ms)
[ RUN      ] Context.ExistWithContextCascading
[       OK ] Context.ExistWithContextCascading (4 ms)
[ RUN      ] Context.ExistWithContextOverrideCascading
[       OK ] Context.ExistWithContextOverrideCascading (1 ms)
[ RUN      ] Context.ExistWithContextOverrideCascadingSystem
[       OK ] Context.ExistWithContextOverrideCascadingSystem (2 ms)
[ RUN      ] Context.ExistWithContextOverrideCascadingDir
[       OK ] Context.ExistWithContextOverrideCascadingDir (1 ms)
[ RUN      ] Context.ExistWithContextOverrideCascadingProc
[       OK ] Context.ExistWithContextOverrideCascadingProc (1 ms)
[ RUN      ] Context.ExistWithContextOverrideCascadingWithSlash
[       OK ] Context.ExistWithContextOverrideCascadingWithSlash (2 ms)
[ RUN      ] Context.NameExplicit
[       OK ] Context.NameExplicit (1 ms)
[ RUN      ] Context.ExistWithContextOverrideCascadingOverrideUser
[       OK ] Context.ExistWithContextOverrideCascadingOverrideUser (2 ms)
[ RUN      ] Context.ExistWithContextOverrideCascadingOverrideSystem
[       OK ] Context.ExistWithContextOverrideCascadingOverrideSystem (1 ms)
[ RUN      ] Context.ExistWithContextOverrideCascadingOverride
[       OK ] Context.ExistWithContextOverrideCascadingOverride (1 ms)
[----------] 12 tests from Context (19 ms total)

[----------] Global test environment tear-down
[==========] 12 tests from 1 test case ran. (19 ms total)
[  PASSED  ] 12 tests.
Running test_fork

[==========] Running 1 test from 1 test case.
[----------] Global test environment set-up.
[----------] 1 test from GetEnv
[ RUN      ] GetEnv.SimpleFork
[       OK ] GetEnv.SimpleFork (2 ms)
[----------] 1 test from GetEnv (2 ms total)

[----------] Global test environment tear-down
[==========] 1 test from 1 test case ran. (2 ms total)
[  PASSED  ] 1 test.
[       OK ] GetEnv.SimpleFork (2 ms)
[----------] 1 test from GetEnv (2 ms total)

[----------] Global test environment tear-down
[==========] 1 test from 1 test case ran. (2 ms total)
[  PASSED  ] 1 test.
[       OK ] GetEnv.SimpleFork (2 ms)
[----------] 1 test from GetEnv (2 ms total)

[----------] Global test environment tear-down
[==========] 1 test from 1 test case ran. (2 ms total)
[  PASSED  ] 1 test.
[       OK ] GetEnv.SimpleFork (2 ms)
[----------] 1 test from GetEnv (2 ms total)

[----------] Global test environment tear-down
[==========] 1 test from 1 test case ran. (2 ms total)
[  PASSED  ] 1 test.
Running test_getenv

[==========] Running 13 tests from 1 test case.
[----------] Global test environment set-up.
[----------] 13 tests from GetEnv
[ RUN      ] GetEnv.NonExist
[       OK ] GetEnv.NonExist (0 ms)
[ RUN      ] GetEnv.ExistOverride
[       OK ] GetEnv.ExistOverride (2 ms)
[ RUN      ] GetEnv.ExistOverrideFallback
[       OK ] GetEnv.ExistOverrideFallback (1 ms)
[ RUN      ] GetEnv.ExistEnv
[       OK ] GetEnv.ExistEnv (1 ms)
[ RUN      ] GetEnv.ExistEnvFallback
[       OK ] GetEnv.ExistEnvFallback (2 ms)
[ RUN      ] GetEnv.ExistFallback
[       OK ] GetEnv.ExistFallback (1 ms)
[ RUN      ] GetEnv.ExistFallbackFallback
[       OK ] GetEnv.ExistFallbackFallback (2 ms)
[ RUN      ] GetEnv.OpenClose
[       OK ] GetEnv.OpenClose (1 ms)
[ RUN      ] GetEnv.OpenCloseFallback
[       OK ] GetEnv.OpenCloseFallback (1 ms)
[ RUN      ] GetEnv.ArgvParam
[       OK ] GetEnv.ArgvParam (2 ms)
[ RUN      ] GetEnv.ArgvParamUninvolved
[       OK ] GetEnv.ArgvParamUninvolved (1 ms)
[ RUN      ] GetEnv.NameArgv0
[       OK ] GetEnv.NameArgv0 (2 ms)
[ RUN      ] GetEnv.NameExplicit
[       OK ] GetEnv.NameExplicit (1 ms)
[----------] 13 tests from GetEnv (17 ms total)

[----------] Global test environment tear-down
[==========] 13 tests from 1 test case ran. (17 ms total)
[  PASSED  ] 13 tests.
Running test_globbing

 GLOBBING   TESTS
==================

star
question mark
hash
underscore
prefix
keyset
test_globbing Results: 79 Tests done ‚Äî 0 errors.
Running test_internal

INTERNALS    TESTS
==================

Test elektraStrLen
test validate key name
test escape key name part
test unescape key name 
test keyNameGetOneLevel

test_internals RESULTS: 433 test(s) done. 0 error(s).
Running test_key

KEY      TESTS
==================

Test key helpers
test escapeKeyNamePart
test roundtripping properties
test unescapeKeyNamePart
test unescapeKeyName
test keyCompare
test keyNewExtensions
Test comment of key
Test comment of key 2
Test owner of keys
Test comment of key
Test comment of key 2
Test directory keys
Test key time
test owner
test elektraKeySetName
Test locking
Test key need sync
test copy key
test fixed new
Test KEY_FLAGS

test_key RESULTS: 135037 test(s) done. 0 error(s).
Running test_keyname

KEY   NAME   TESTS
==================

Get relative name of key with backend mounted at `/`
Get relative name of key with cascading mountpoint
Get relative name of key with generic mountpoint
Get relative name of key which is the same as the parent key

/usr/lib/x86_64-linux-gnu/elektra/tool_exec/test_keyname RESULTS: 16 test(s) done. 0 error(s).
Running test_ks

KS         TESTS
==================

test rename keys
test empty keys
test cascading lookup
Test creating lookup

test_ks RESULTS: 50 test(s) done. 0 error(s).
Running test_ks_opmphm

KS OPMPHM      TESTS
==================


test_ks_opmphm Results: 111 Tests done ‚Äî 0 errors.
Running test_meta

KEY META     TESTS
==================


test_meta RESULTS: 181 test(s) done. 0 error(s).
Running test_mount

MOUNT      TESTS
==================

test mount backend
Test minimal mount
Test simple mount
Test simple mount with plugins
Test two mounts
Test mounting of user and system backends
Test mounting with different endings
Test mounting with old root
Test simple mount with cascading
Test mounting with root
Test mounting with default
Test mounting with init (no config)
Test mounting with root and init
Test mounting with modules

test_trie RESULTS: 469 test(s) done. 0 error(s).
Running test_mountsplit

MOUNTSPLIT    TESTS
===================

test mount backend
Test minimal mount
Test simple mount
Test mounting of user and system backends
Test simple mount with cascading
Test mounting with root
Test mounting with default
Test mounting with modules
Test mounting with default only

test_mountsplit RESULTS: 346 test(s) done. 0 error(s).
Running test_namespace

NAMESPACE    TESTS
==================

Test namespaces

test_namespace RESULTS: 47 test(s) done. 0 error(s).
Running test_operation

OPERATION    TESTS
==================

Testing operation search (internal)
Test key format

test_operation RESULTS: 44 test(s) done. 0 error(s).
Running test_opmphm

OPMPHM      TESTS
==================


test_opmphm Results: 35238662 Tests done ‚Äî 0 errors.
Running test_opmphm_predictor

OPMPHM PREDICTOR      TESTS
==================


test_opmphm_predictor Results: 46116 Tests done ‚Äî 0 errors.
Running test_opts

 OPTS   TESTS
==================


test_opts Results: 132 Tests done ‚Äî 0 errors.
Running test_order

KEYSET ORDERING      TESTS
==========================

Test ks creation
Test bug duplicate
Test holes in keysets
Test if keyset is sorted after appending
Compare two keys
Append Keys with ownerTest bug lookup with case
Test bug lookup with owner

/usr/lib/x86_64-linux-gnu/elektra/tool_exec/test_order RESULTS: 296 test(s) done. 0 error(s).
Running test_plugin

 PLUGINS  TESTS
====================

Test processing of plugin name
Test plugin
Test name

test_plugin RESULTS: 96 test(s) done. 0 error(s).
Running test_proposal

KEY PROPOSAL TESTS
==================

test keyAsCascading
test keyGetLevelsBelow
test keyRel2

test_proposal RESULTS: 79 test(s) done. 0 error(s).
Running test_size

KEYSET SIZE  TESTS
==================

Test resize of keyset

test_size RESULTS: 527 test(s) done. 0 error(s).
Running test_spec

SPEC  TESTS
==========================

Test lookup single
Test lookup chain
Test lookup chain last
Test lookup chain real world
Test lookup with override not found
Test lookup default
Test lookup without cascading
Test lookup default with cascading
Test lookup long chain
Test lookup cascading
Test lookup namespace
Test lookup by indirect spec
Test lookup by double indirect spec
Test lookup by double indirect spec with default

/usr/lib/x86_64-linux-gnu/elektra/tool_exec/test_spec RESULTS: 156 test(s) done. 0 error(s).
Running test_split

SPLIT       TESTS
==================

Test create split
Test resize split
Test append split
Test remove from split

test_split RESULTS: 165 test(s) done. 0 error(s).
Running test_splitget

SPLIT GET   TESTS
==================

Test simple trie
Test simple cascading
Test basic get
Test limit
Test keys without backends in split
Test sizes
Test sizes in backends with trie
Test sizes in backends with trie
Test real world example

test_splitget RESULTS: 459 test(s) done. 0 error(s).
Running test_splitset

SPLIT SET   TESTS
==================

Test needs sync
Test mount split
Test parent separation of user and system (default Backend)
Test optimization split (user, system in trie)
Test three mountpoints
Test user removing
Test system removing
Test empty removing
Test real world example
Test empty split
Test buildup with nothing to sync
Test state conflicts

test_splitset RESULTS: 754 test(s) done. 0 error(s).
Running test_storage

STORAGE     TESTS
==================

Testing plugin mmapstorage_crc
Tmp-file: /tmp/elektra-test.NrzWpk/elektra-tmp.p3Q5xq
Testing plugin mmapstorage
Tmp-file: /tmp/elektra-test.NrzWpk/elektra-tmp.p3Q5xq
Testing plugin dump
Tmp-file: /tmp/elektra-test.NrzWpk/elektra-tmp.p3Q5xq
Testing plugin quickdump
Tmp-file: /tmp/elektra-test.NrzWpk/elektra-tmp.p3Q5xq

test_storage RESULTS: 1664 test(s) done. 0 error(s).
Running test_trie

TRIE       TESTS
==================

Test minimal trie
Test simple trie
Test iterate trie
Test reviterate trie
Test moreiterate trie
Test revmoreiterate trie
Test umlauts trie
Test endings trie
Test trie with root
Test double insertion
Test empty values in trie

test_trie RESULTS: 848 test(s) done. 0 error(s).
Running test_utility

Utility Tests
=============

Test elektraLskip
Test elektraRstrip
Test elektraStrip

Results: 25 Tests done ‚Äî 0 Errors.
Running testabi_key

KEY ABI  TESTS
==================

Test special key creation
Test system key creation
Test user key creation
Test key reference
Test Key Name
Test Key Full Name
Test Key Base Name
Test Slashes in Key Name
Test trailing Slashes in Key Name
Test Dots in Key Name
Test Double Dots in Key Name
Test Mixed Dots and Slashes in Key Name
Test failure key creation
Test key's name manipulation
Test value of keys
Test string of key
Test binary of key
Test binary special cases
Test of active and inactive keys
Test of relative positions of keys
Test key duplication
Test key copy
Test binary values
Test of keyBelowOrSame
Test special keynames
Test clear of key
Test basename
Test set basename
Test add basename
Test direct below check
test escape in basename
test keyAdd
test cascading
test keyUnescapedName
test canonify

testabi_key RESULTS: 4548 test(s) done. 0 error(s).
Running testabi_ks

KEYSET ABI   TESTS
==================

Test ks creation
Test empty keysets
Test reference of key
Test ks duplication
Test ks copy
Test keyset iterate
Test keyset cursor
Test ks sort
Test lookup
Test lookup by name
Test lookup functions
Test nocase lookup functions
Test domain lookup functions
Test lookup functions with KDB_O_NOALL
Test cascading lookup functions
Test appending keys
Test functional style
Test ksLookup with KDB_O_POP
Test nocase lookup functions
Test cascading lookup functions
Test domain lookup functions
Test sync flag of KeySet
Test double appending
Test double appending of key
Test cursor after appending key
Test keyVNew
Test modify key after insertion
Testing operation cut
Testing operation cut point
Testing operation cascading cut point
Testing operation cascading root cut point
Testing operation cut point 1
Testing operation cut root point
Testing operation cut with unique cutpoint
Testing cutting below some keys
Testing cutting below some keys (cascading)
test cut cursor
More cut test cases
More cut after
Test simple lookup
Test lookup in all namespaces
Test more involved appending
Test appending same key

testabi_ks RESULTS: 10527 test(s) done. 0 error(s).
Running testabi_meta

KEY META ABI TESTS
==================

Test key meta copy
Test key meta copy all

testabi_meta RESULTS: 202 test(s) done. 0 error(s).
Running testabi_rel

KEY RELATION TESTS
==================

check keyCmp
check if direct below
check if below
check examples
check hierarchy
check invalid keys or null ptr

test_key RESULTS: 575 test(s) done. 0 error(s).
Running testcpp_contextual_basic

Running main() from gtest_main.cc
[==========] Running 25 tests from 3 test cases.
[----------] Global test environment set-up.
[----------] 7 tests from test_contextual_basic
[ RUN      ] test_contextual_basic.command
[       OK ] test_contextual_basic.command (0 ms)
[ RUN      ] test_contextual_basic.integer_copy
[       OK ] test_contextual_basic.integer_copy (0 ms)
[ RUN      ] test_contextual_basic.evaluate
[       OK ] test_contextual_basic.evaluate (0 ms)
[ RUN      ] test_contextual_basic.valueObserver
[       OK ] test_contextual_basic.valueObserver (0 ms)
[ RUN      ] test_contextual_basic.threads
[       OK ] test_contextual_basic.threads (0 ms)
[ RUN      ] test_contextual_basic.nocontext
[       OK ] test_contextual_basic.nocontext (0 ms)
[ RUN      ] test_contextual_basic.operators
[       OK ] test_contextual_basic.operators (0 ms)
[----------] 7 tests from test_contextual_basic (0 ms total)

[----------] 9 tests from test_contextual_basic/0, where TypeParam = kdb::Context
[ RUN      ] test_contextual_basic/0.integer
[       OK ] test_contextual_basic/0.integer (1 ms)
[ RUN      ] test_contextual_basic/0.mixedWithActivate
[       OK ] test_contextual_basic/0.mixedWithActivate (0 ms)
[ RUN      ] test_contextual_basic/0.nestedWithActivate
[       OK ] test_contextual_basic/0.nestedWithActivate (0 ms)
[ RUN      ] test_contextual_basic/0.nestedWithActivateConflicting
[       OK ] test_contextual_basic/0.nestedWithActivateConflicting (0 ms)
[ RUN      ] test_contextual_basic/0.counting
[       OK ] test_contextual_basic/0.counting (0 ms)
[ RUN      ] test_contextual_basic/0.groups
[       OK ] test_contextual_basic/0.groups (0 ms)
[ RUN      ] test_contextual_basic/0.wrapped
[       OK ] test_contextual_basic/0.wrapped (0 ms)
[ RUN      ] test_contextual_basic/0.cvWrapped
[       OK ] test_contextual_basic/0.cvWrapped (0 ms)
[ RUN      ] test_contextual_basic/0.cvWrappedInt
[       OK ] test_contextual_basic/0.cvWrappedInt (0 ms)
[----------] 9 tests from test_contextual_basic/0 (1 ms total)

[----------] 9 tests from test_contextual_basic/1, where TypeParam = kdb::ThreadContext
[ RUN      ] test_contextual_basic/1.integer
[       OK ] test_contextual_basic/1.integer (1 ms)
[ RUN      ] test_contextual_basic/1.mixedWithActivate
[       OK ] test_contextual_basic/1.mixedWithActivate (0 ms)
[ RUN      ] test_contextual_basic/1.nestedWithActivate
[       OK ] test_contextual_basic/1.nestedWithActivate (0 ms)
[ RUN      ] test_contextual_basic/1.nestedWithActivateConflicting
[       OK ] test_contextual_basic/1.nestedWithActivateConflicting (0 ms)
[ RUN      ] test_contextual_basic/1.counting
[       OK ] test_contextual_basic/1.counting (0 ms)
[ RUN      ] test_contextual_basic/1.groups
[       OK ] test_contextual_basic/1.groups (0 ms)
[ RUN      ] test_contextual_basic/1.wrapped
[       OK ] test_contextual_basic/1.wrapped (0 ms)
[ RUN      ] test_contextual_basic/1.cvWrapped
[       OK ] test_contextual_basic/1.cvWrapped (0 ms)
[ RUN      ] test_contextual_basic/1.cvWrappedInt
[       OK ] test_contextual_basic/1.cvWrappedInt (0 ms)
[----------] 9 tests from test_contextual_basic/1 (1 ms total)

[----------] Global test environment tear-down
[==========] 25 tests from 3 test cases ran. (2 ms total)
[  PASSED  ] 25 tests.
Running testcpp_contextual_nocontext

Running main() from gtest_main.cc
[==========] Running 1 test from 1 test case.
[----------] Global test environment set-up.
[----------] 1 test from test_contextual_nocontext
[ RUN      ] test_contextual_nocontext.integer
[       OK ] test_contextual_nocontext.integer (0 ms)
[----------] 1 test from test_contextual_nocontext (0 ms total)

[----------] Global test environment tear-down
[==========] 1 test from 1 test case ran. (0 ms total)
[  PASSED  ] 1 test.
Running testcpp_contextual_policy

Running main() from gtest_main.cc
[==========] Running 8 tests from 1 test case.
[----------] Global test environment set-up.
[----------] 8 tests from test_contextual_policy
[ RUN      ] test_contextual_policy.staticGetPolicy
[       OK ] test_contextual_policy.staticGetPolicy (0 ms)
[ RUN      ] test_contextual_policy.ValueWrapper
[       OK ] test_contextual_policy.ValueWrapper (0 ms)
[ RUN      ] test_contextual_policy.setPolicy
[       OK ] test_contextual_policy.setPolicy (0 ms)
[ RUN      ] test_contextual_policy.readonlyPolicy
[       OK ] test_contextual_policy.readonlyPolicy (0 ms)
[ RUN      ] test_contextual_policy.dynamicGetPolicy
[       OK ] test_contextual_policy.dynamicGetPolicy (0 ms)
[ RUN      ] test_contextual_policy.root
[       OK ] test_contextual_policy.root (0 ms)
[ RUN      ] test_contextual_policy.myCVRoot
[       OK ] test_contextual_policy.myCVRoot (0 ms)
[ RUN      ] test_contextual_policy.myCV2Root
[       OK ] test_contextual_policy.myCV2Root (0 ms)
[----------] 8 tests from test_contextual_policy (0 ms total)

[----------] Global test environment tear-down
[==========] 8 tests from 1 test case ran. (0 ms total)
[  PASSED  ] 8 tests.
Running testcpp_contextual_thread

Running main() from gtest_main.cc
[==========] Running 8 tests from 1 test case.
[----------] Global test environment set-up.
[----------] 8 tests from test_contextual_thread
[ RUN      ] test_contextual_thread.instanciation
[       OK ] test_contextual_thread.instanciation (151 ms)
[ RUN      ] test_contextual_thread.activate
[       OK ] test_contextual_thread.activate (201 ms)
[ RUN      ] test_contextual_thread.ThreadNoContext
[       OK ] test_contextual_thread.ThreadNoContext (0 ms)
[ RUN      ] test_contextual_thread.activateNoDependency
[       OK ] test_contextual_thread.activateNoDependency (0 ms)
[ RUN      ] test_contextual_thread.activateWithDependency
[       OK ] test_contextual_thread.activateWithDependency (0 ms)
[ RUN      ] test_contextual_thread.activateWithDirectDependency
[       OK ] test_contextual_thread.activateWithDirectDependency (1 ms)
[ RUN      ] test_contextual_thread.syncInWith
[       OK ] test_contextual_thread.syncInWith (0 ms)
[ RUN      ] test_contextual_thread.syncBeforeWith
[       OK ] test_contextual_thread.syncBeforeWith (0 ms)
[----------] 8 tests from test_contextual_thread (353 ms total)

[----------] Global test environment tear-down
[==========] 8 tests from 1 test case ran. (353 ms total)
[  PASSED  ] 8 tests.
Running testcpp_contextual_update

Running main() from gtest_main.cc
[==========] Running 14 tests from 1 test case.
[----------] Global test environment set-up.
[----------] 14 tests from test_contextual_update
[ RUN      ] test_contextual_update.activate
[       OK ] test_contextual_update.activate (0 ms)
[ RUN      ] test_contextual_update.changeKey
[       OK ] test_contextual_update.changeKey (0 ms)
[ RUN      ] test_contextual_update.syncCache
[       OK ] test_contextual_update.syncCache (0 ms)
[ RUN      ] test_contextual_update.notifyAllEvents
[       OK ] test_contextual_update.notifyAllEvents (0 ms)
[ RUN      ] test_contextual_update.notifyAllEventsChange
[       OK ] test_contextual_update.notifyAllEventsChange (0 ms)
[ RUN      ] test_contextual_update.notifyKeySetUpdate
[       OK ] test_contextual_update.notifyKeySetUpdate (1 ms)
[ RUN      ] test_contextual_update.notifyAssignKeySetUpdate
[       OK ] test_contextual_update.notifyAssignKeySetUpdate (0 ms)
[ RUN      ] test_contextual_update.notifyAssignKeySetUpdateLayer
[       OK ] test_contextual_update.notifyAssignKeySetUpdateLayer (0 ms)
[ RUN      ] test_contextual_update.notifyAssignKeySetUpdateLayerActivateOrder
[       OK ] test_contextual_update.notifyAssignKeySetUpdateLayerActivateOrder (0 ms)
[ RUN      ] test_contextual_update.notifyAssignKeySetUpdateLayerActivate
[       OK ] test_contextual_update.notifyAssignKeySetUpdateLayerActivate (0 ms)
[ RUN      ] test_contextual_update.activateLayersByCV
[       OK ] test_contextual_update.activateLayersByCV (0 ms)
[ RUN      ] test_contextual_update.notifyAssignKeySetUpdateMore
[       OK ] test_contextual_update.notifyAssignKeySetUpdateMore (0 ms)
[ RUN      ] test_contextual_update.notifySyncAssign
[       OK ] test_contextual_update.notifySyncAssign (1 ms)
[ RUN      ] test_contextual_update.notifySyncCycle
[       OK ] test_contextual_update.notifySyncCycle (0 ms)
[----------] 14 tests from test_contextual_update (2 ms total)

[----------] Global test environment tear-down
[==========] 14 tests from 1 test case ran. (2 ms total)
[  PASSED  ] 14 tests.
Running testcpp_iter

Running main() from gtest_main.cc
[==========] Running 4 tests from 1 test case.
[----------] Global test environment set-up.
[----------] 4 tests from test_iter
[ RUN      ] test_iter.iterate
[       OK ] test_iter.iterate (0 ms)
[ RUN      ] test_iter.const_iterate
[       OK ] test_iter.const_iterate (0 ms)
[ RUN      ] test_iter.iterator
[       OK ] test_iter.iterator (0 ms)
[ RUN      ] test_iter.const_iterator
[       OK ] test_iter.const_iterator (0 ms)
[----------] 4 tests from test_iter (0 ms total)

[----------] Global test environment tear-down
[==========] 4 tests from 1 test case ran. (0 ms total)
[  PASSED  ] 4 tests.
Running testcpp_iter_name

Running main() from gtest_main.cc
[==========] Running 4 tests from 2 test cases.
[----------] Global test environment set-up.
[----------] 2 tests from test_iter_name
[ RUN      ] test_iter_name.forward
[       OK ] test_iter_name.forward (0 ms)
[ RUN      ] test_iter_name.reverse
[       OK ] test_iter_name.reverse (0 ms)
[----------] 2 tests from test_iter_name (0 ms total)

[----------] 2 tests from iterNameCascading
[ RUN      ] iterNameCascading.forward
[       OK ] iterNameCascading.forward (0 ms)
[ RUN      ] iterNameCascading.reverse
[       OK ] iterNameCascading.reverse (0 ms)
[----------] 2 tests from iterNameCascading (0 ms total)

[----------] Global test environment tear-down
[==========] 4 tests from 2 test cases ran. (0 ms total)
[  PASSED  ] 4 tests.
Running testcpp_kdb

Running main() from gtest_main.cc
[==========] Running 1 test from 1 test case.
[----------] Global test environment set-up.
[----------] 1 test from kdb
[ RUN      ] kdb.get_set
[       OK ] kdb.get_set (25 ms)
[----------] 1 test from kdb (25 ms total)

[----------] Global test environment tear-down
[==========] 1 test from 1 test case ran. (25 ms total)
[  PASSED  ] 1 test.
Running testcpp_key

Running main() from gtest_main.cc
[==========] Running 17 tests from 1 test case.
[----------] Global test environment set-up.
[----------] 17 tests from key
[ RUN      ] key.null
[       OK ] key.null (0 ms)
[ RUN      ] key.typebool
[       OK ] key.typebool (0 ms)
[ RUN      ] key.keynew
[       OK ] key.keynew (0 ms)
[ RUN      ] key.constructor
[       OK ] key.constructor (0 ms)
[ RUN      ] key.set
[       OK ] key.set (0 ms)
[ RUN      ] key.cast
[       OK ] key.cast (0 ms)
[ RUN      ] key.value
[       OK ] key.value (0 ms)
[ RUN      ] key.exceptions
[       OK ] key.exceptions (0 ms)
[ RUN      ] key.name
[       OK ] key.name (0 ms)
[ RUN      ] key.ref
[       OK ] key.ref (0 ms)
[ RUN      ] key.dup
[       OK ] key.dup (0 ms)
[ RUN      ] key.valid
[       OK ] key.valid (0 ms)
[ RUN      ] key.clear
[       OK ] key.clear (0 ms)
[ RUN      ] key.conversation
[       OK ] key.conversation (0 ms)
[ RUN      ] key.keynamespace
[       OK ] key.keynamespace (0 ms)
[ RUN      ] key.comparision
[       OK ] key.comparision (0 ms)
[ RUN      ] key.move
[       OK ] key.move (0 ms)
[----------] 17 tests from key (1 ms total)

[----------] Global test environment tear-down
[==========] 17 tests from 1 test case ran. (1 ms total)
[  PASSED  ] 17 tests.
Running testcpp_keyio

Running main() from gtest_main.cc
[==========] Running 4 tests from 1 test case.
[----------] Global test environment set-up.
[----------] 4 tests from keyio
[ RUN      ] keyio.out
[       OK ] keyio.out (0 ms)
[ RUN      ] keyio.in
[       OK ] keyio.in (0 ms)
[ RUN      ] keyio.outmeta
[       OK ] keyio.outmeta (0 ms)
[ RUN      ] keyio.inmeta
[       OK ] keyio.inmeta (1 ms)
[----------] 4 tests from keyio (1 ms total)

[----------] Global test environment tear-down
[==========] 4 tests from 1 test case ran. (1 ms total)
[  PASSED  ] 4 tests.
Running testcpp_ks

Running main() from gtest_main.cc
[==========] Running 19 tests from 1 test case.
[----------] Global test environment set-up.
[----------] 19 tests from ks
[ RUN      ] ks.new
[       OK ] ks.new (0 ms)
[ RUN      ] ks.dup
[       OK ] ks.dup (0 ms)
[ RUN      ] ks.copy
[       OK ] ks.copy (0 ms)
[ RUN      ] ks.iterate
[       OK ] ks.iterate (0 ms)
[ RUN      ] ks.cursor
[       OK ] ks.cursor (0 ms)
[ RUN      ] ks.pop
[       OK ] ks.pop (0 ms)
[ RUN      ] ks.lookup
[       OK ] ks.lookup (0 ms)
[ RUN      ] ks.append
[       OK ] ks.append (0 ms)
[ RUN      ] ks.permutations
[       OK ] ks.permutations (18 ms)
[ RUN      ] ks.appendOwner
[       OK ] ks.appendOwner (0 ms)
[ RUN      ] ks.permutateOwner
[       OK ] ks.permutateOwner (10 ms)
[ RUN      ] ks.comparision
[       OK ] ks.comparision (0 ms)
[ RUN      ] ks.call
[       OK ] ks.call (0 ms)
[ RUN      ] ks.call2
[       OK ] ks.call2 (0 ms)
[ RUN      ] ks.release
[       OK ] ks.release (0 ms)
[ RUN      ] ks.lookupPop
[       OK ] ks.lookupPop (0 ms)
[ RUN      ] ks.duplicate
[       OK ] ks.duplicate (0 ms)
[ RUN      ] ks.move
[       OK ] ks.move (0 ms)
[ RUN      ] ks.vaargs
[       OK ] ks.vaargs (0 ms)
[----------] 19 tests from ks (28 ms total)

[----------] Global test environment tear-down
[==========] 19 tests from 1 test case ran. (28 ms total)
[  PASSED  ] 19 tests.
Running testcpp_ksget

Running main() from gtest_main.cc
[==========] Running 3 tests from 1 test case.
[----------] Global test environment set-up.
[----------] 3 tests from ks
[ RUN      ] ks.get
[       OK ] ks.get (0 ms)
[ RUN      ] ks.getOwnType
[       OK ] ks.getOwnType (0 ms)
[ RUN      ] ks.getCascading
[       OK ] ks.getCascading (0 ms)
[----------] 3 tests from ks (0 ms total)

[----------] Global test environment tear-down
[==========] 3 tests from 1 test case ran. (0 ms total)
[  PASSED  ] 3 tests.
Running testcpp_meta

Running main() from gtest_main.cc
[==========] Running 5 tests from 2 test cases.
[----------] Global test environment set-up.
[----------] 4 tests from meta
[ RUN      ] meta.basic
[       OK ] meta.basic (1 ms)
[ RUN      ] meta.iter
[       OK ] meta.iter (0 ms)
[ RUN      ] meta.string
[       OK ] meta.string (0 ms)
[ RUN      ] meta.copyAll
[       OK ] meta.copyAll (0 ms)
[----------] 4 tests from meta (1 ms total)

[----------] 1 test from test
[ RUN      ] test.copy
[       OK ] test.copy (0 ms)
[----------] 1 test from test (0 ms total)

[----------] Global test environment tear-down
[==========] 5 tests from 2 test cases ran. (1 ms total)
[  PASSED  ] 5 tests.
Running testmod_augeas

AUGEAS       TESTS
==================


test_augeas Results: 85979 Tests done ‚Äî 0 errors.
Running testmod_base64

BASE64       TESTS
==================


base64 Results: 68 Tests done ‚Äî 0 errors.
Running testmod_blockresolver

BLOCKRESOLVER     TESTS
==================


testmod_blockresolver Results: 14 Tests done ‚Äî 0 errors.
Running testmod_boolean

BOOLEAN     TESTS
==================


testmod_boolean Results: 64 Tests done ‚Äî 0 errors.
Running testmod_cache

CACHE     TESTS
==================

test basics

testmod_cache Results: 11 Tests done ‚Äî 0 errors.
Running testmod_cachefilter

CACHEFILTER     TESTS
==================


testmod_cachefilter Results: 176 Tests done ‚Äî 0 errors.
Running testmod_camel

üê™ Camel Tests
===============

‚Ä¢ Test basic functionality of plugin
‚Ä¢ Parse file ‚Äúcamel/simple.yaml‚Äù

testmod_camel Results: 15 Tests done ‚Äî 0 errors.
Running testmod_ccode

Running main() from gtest_main.cc
[==========] Running 1 test from 1 test case.
[----------] Global test environment set-up.
[----------] 1 test from type
[ RUN      ] type.roundtrip
[       OK ] type.roundtrip (1 ms)
[----------] 1 test from type (1 ms total)

[----------] Global test environment tear-down
[==========] 1 test from 1 test case ran. (2 ms total)
[  PASSED  ] 1 test.
Running testmod_conditionals

CONDITIONALS     TESTS
==================


testmod_conditionals Results: 150 Tests done ‚Äî 0 errors.
Running testmod_cpptemplate

Running main() from gtest_main.cc
[==========] Running 1 test from 1 test case.
[----------] Global test environment set-up.
[----------] 1 test from cpptemplate
[ RUN      ] cpptemplate.basics
[       OK ] cpptemplate.basics (1 ms)
[----------] 1 test from cpptemplate (1 ms total)

[----------] Global test environment tear-down
[==========] 1 test from 1 test case ran. (1 ms total)
[  PASSED  ] 1 test.
Running testmod_cpptype

Running main() from gtest_main.cc
[==========] Running 12 tests from 2 test cases.
[----------] Global test environment set-up.
[----------] 11 tests from cpptype
[ RUN      ] cpptype.version
[       OK ] cpptype.version (0 ms)
[ RUN      ] cpptype.validate
[       OK ] cpptype.validate (1 ms)
[ RUN      ] cpptype.unsignedShort
[       OK ] cpptype.unsignedShort (0 ms)
[ RUN      ] cpptype.float
[       OK ] cpptype.float (1 ms)
[ RUN      ] cpptype.bool
[       OK ] cpptype.bool (0 ms)
[ RUN      ] cpptype.none
[       OK ] cpptype.none (0 ms)
[ RUN      ] cpptype.enforce
[       OK ] cpptype.enforce (0 ms)
[ RUN      ] cpptype.min
[       OK ] cpptype.min (0 ms)
[ RUN      ] cpptype.minmax
[       OK ] cpptype.minmax (0 ms)
[ RUN      ] cpptype.char
[       OK ] cpptype.char (2 ms)
[ RUN      ] cpptype.octet
[       OK ] cpptype.octet (2 ms)
[----------] 11 tests from cpptype (7 ms total)

[----------] 1 test from type
[ RUN      ] type.short
[       OK ] type.short (1 ms)
[----------] 1 test from type (1 ms total)

[----------] Global test environment tear-down
[==========] 12 tests from 2 test cases ran. (8 ms total)
[  PASSED  ] 12 tests.
Running testmod_crypto_botan

OK closing connection
CYPTO        TESTS
==================


crypto_botan Results: 65 Tests done ‚Äî 0 errors.
Running testmod_crypto_gcrypt

OK closing connection
CYPTO        TESTS
==================


crypto_gcrypt Results: 65 Tests done ‚Äî 0 errors.
Running testmod_crypto_openssl

OK closing connection
CYPTO        TESTS
==================


crypto_openssl Results: 65 Tests done ‚Äî 0 errors.
Running testmod_csvstorage

CSVSTORAGE     TESTS
====================

Some tests report warnings because of invalid CSV files
There are 1 warnings
buffer is: warnings/#00
number: C03100
description: Validation Syntactic
module: csvstorage
file: /home/jenkins/workspace/libelektra_master-Q2SIBK3KE2NBEMJ4WVGJXAXCSCB77DUBUULVLZDKHQEV3WNDXBMA/libelektra/src/plugins/csvstorage/csvstorage.c
line: 492
reason: Illegal number of columns (2 - 3)  in line 2: l2c1
reason: user/tests/csvstorage
reason: /usr/share/libelektra-test/test-data/csvstorage/invalid_columns.csv
There are 1 warnings
buffer is: warnings/#00
number: C03100
description: Validation Syntactic
module: csvstorage
file: /home/jenkins/workspace/libelektra_master-Q2SIBK3KE2NBEMJ4WVGJXAXCSCB77DUBUULVLZDKHQEV3WNDXBMA/libelektra/src/plugins/csvstorage/csvstorage.c
line: 492
reason: Illegal number of columns (3 - 4)  in line 3: l2c1
reason: user/tests/csvstorage
reason: /usr/share/libelektra-test/test-data/csvstorage/invalid_columns_header2.csv
There are 1 warnings
buffer is: warnings/#00
number: C03100
description: Validation Syntactic
module: csvstorage
file: /home/jenkins/workspace/libelektra_master-Q2SIBK3KE2NBEMJ4WVGJXAXCSCB77DUBUULVLZDKHQEV3WNDXBMA/libelektra/src/plugins/csvstorage/csvstorage.c
line: 170
reason: Quoted field in line(5) has an unescaped double-quote: ("l3"c3")
reason: user/tests/csvstorage
reason: /usr/share/libelektra-test/test-data/csvstorage/unescapedQuote.csv

testmod_csvstorage Results: 73 Tests done ‚Äî 0 errors.
Running testmod_date

DATE     TESTS
==================


testmod_date Results: 72 Tests done ‚Äî 0 errors.
Running testmod_dbus

DBUS TESTS
==========

testing prerequisites
detecting available bus types - please ignore single error messages prefixed with "connect:"
test adding keys
test changing keys
test deleting keys
test announce once
test announce once with cascaded parent key
test change notification with cascaded parent key

testmod_dbus Results: 35 Tests done ‚Äî 0 errors.
Running testmod_directoryvalue

Running main() from gtest_main.cc
[==========] Running 6 tests from 1 test case.
[----------] Global test environment set-up.
[----------] 6 tests from directoryvalue
[ RUN      ] directoryvalue.splitArrayParentsOther
[       OK ] directoryvalue.splitArrayParentsOther (0 ms)
[ RUN      ] directoryvalue.increaseArrayIndices
[       OK ] directoryvalue.increaseArrayIndices (0 ms)
[ RUN      ] directoryvalue.basics
[       OK ] directoryvalue.basics (0 ms)
[ RUN      ] directoryvalue.get
[       OK ] directoryvalue.get (0 ms)
[ RUN      ] directoryvalue.set
[       OK ] directoryvalue.set (0 ms)
[ RUN      ] directoryvalue.roundtrip
[       OK ] directoryvalue.roundtrip (1 ms)
[----------] 6 tests from directoryvalue (1 ms total)

[----------] Global test environment tear-down
[==========] 6 tests from 1 test case ran. (1 ms total)
[  PASSED  ] 6 tests.
Running testmod_dump

MOUNT       TESTS
==================


test_mount Results: 4 Tests done ‚Äî 0 errors.
Running testmod_enum

ENUM     TESTS
==================


testmod_enum Results: 25 Tests done ‚Äî 0 errors.
Running testmod_fcrypt

OK closing connection
FCRYPT       TESTS
==================


fcrypt Results: 39 Tests done ‚Äî 0 errors.
Running testmod_file

FILE     TESTS
==================


testmod_file Results: 35 Tests done ‚Äî 0 errors.
Running testmod_filecheck

FILECHECK	   TESTS
==================


testmod_filecheck Results: 60 Tests done ‚Äî 0 errors.
Running testmod_fstab

FSTAB       TESTS
==================

Reading fstab using file: fstab/fstab
Writing fstab using file: fstab/fstab-write

testmod_fstab Results: 22 Tests done ‚Äî 0 errors.
Running testmod_glob

GLOB      TESTS
====================


testmod_glob Results: 120 Tests done ‚Äî 0 errors.
Running testmod_gopts

GOPTS     TESTS
==================

test empty
GOPTS     TESTS
==================

test empty
/home/jenkins/workspace/libelektra_master-Q2SIBK3KE2NBEMJ4WVGJXAXCSCB77DUBUULVLZDKHQEV3WNDXBMA/libelektra/src/plugins/gopts/testmod_gopts.c:78: error in run_test: child process test failed
test singleopt
/home/jenkins/workspace/libelektra_master-Q2SIBK3KE2NBEMJ4WVGJXAXCSCB77DUBUULVLZDKHQEV3WNDXBMA/libelektra/tests/cframework/tests.c:523: error in clean_temp_home: Could not delete TMPHOME via nftw
GOPTS     TESTS
==================

test empty
/home/jenkins/workspace/libelektra_master-Q2SIBK3KE2NBEMJ4WVGJXAXCSCB77DUBUULVLZDKHQEV3WNDXBMA/libelektra/src/plugins/gopts/testmod_gopts.c:78: error in run_test: child process test failed
test singleopt
/home/jenkins/workspace/libelektra_master-Q2SIBK3KE2NBEMJ4WVGJXAXCSCB77DUBUULVLZDKHQEV3WNDXBMA/libelektra/src/plugins/gopts/testmod_gopts.c:78: error in run_test: child process test failed
test singleopt
/home/jenkins/workspace/libelektra_master-Q2SIBK3KE2NBEMJ4WVGJXAXCSCB77DUBUULVLZDKHQEV3WNDXBMA/libelektra/tests/cframework/tests.c:523: error in clean_temp_home: Could not delete TMPHOME via nftw
GOPTS     TESTS
==================

test empty
/home/jenkins/workspace/libelektra_master-Q2SIBK3KE2NBEMJ4WVGJXAXCSCB77DUBUULVLZDKHQEV3WNDXBMA/libelektra/src/plugins/gopts/testmod_gopts.c:78: error in run_test: child process test failed
test singleopt
/home/jenkins/workspace/libelektra_master-Q2SIBK3KE2NBEMJ4WVGJXAXCSCB77DUBUULVLZDKHQEV3WNDXBMA/libelektra/src/plugins/gopts/testmod_gopts.c:78: error in run_test: child process test failed
test singleopt
/home/jenkins/workspace/libelektra_master-Q2SIBK3KE2NBEMJ4WVGJXAXCSCB77DUBUULVLZDKHQEV3WNDXBMA/libelektra/src/plugins/gopts/testmod_gopts.c:78: error in run_test: child process test failed
test singleopt
/home/jenkins/workspace/libelektra_master-Q2SIBK3KE2NBEMJ4WVGJXAXCSCB77DUBUULVLZDKHQEV3WNDXBMA/libelektra/tests/cframework/tests.c:523: error in clean_temp_home: Could not delete TMPHOME via nftw
GOPTS     TESTS
==================

test empty
/home/jenkins/workspace/libelektra_master-Q2SIBK3KE2NBEMJ4WVGJXAXCSCB77DUBUULVLZDKHQEV3WNDXBMA/libelektra/src/plugins/gopts/testmod_gopts.c:78: error in run_test: child process test failed
test singleopt
/home/jenkins/workspace/libelektra_master-Q2SIBK3KE2NBEMJ4WVGJXAXCSCB77DUBUULVLZDKHQEV3WNDXBMA/libelektra/src/plugins/gopts/testmod_gopts.c:78: error in run_test: child process test failed
test singleopt
/home/jenkins/workspace/libelektra_master-Q2SIBK3KE2NBEMJ4WVGJXAXCSCB77DUBUULVLZDKHQEV3WNDXBMA/libelektra/src/plugins/gopts/testmod_gopts.c:78: error in run_test: child process test failed
test singleopt
/home/jenkins/workspace/libelektra_master-Q2SIBK3KE2NBEMJ4WVGJXAXCSCB77DUBUULVLZDKHQEV3WNDXBMA/libelektra/src/plugins/gopts/testmod_gopts.c:78: error in run_test: child process test failed
test singleopt
/home/jenkins/workspace/libelektra_master-Q2SIBK3KE2NBEMJ4WVGJXAXCSCB77DUBUULVLZDKHQEV3WNDXBMA/libelektra/tests/cframework/tests.c:523: error in clean_temp_home: Could not delete TMPHOME via nftw
GOPTS     TESTS
==================

test empty
/home/jenkins/workspace/libelektra_master-Q2SIBK3KE2NBEMJ4WVGJXAXCSCB77DUBUULVLZDKHQEV3WNDXBMA/libelektra/src/plugins/gopts/testmod_gopts.c:78: error in run_test: child process test failed
test singleopt
/home/jenkins/workspace/libelektra_master-Q2SIBK3KE2NBEMJ4WVGJXAXCSCB77DUBUULVLZDKHQEV3WNDXBMA/libelektra/src/plugins/gopts/testmod_gopts.c:78: error in run_test: child process test failed
test singleopt
/home/jenkins/workspace/libelektra_master-Q2SIBK3KE2NBEMJ4WVGJXAXCSCB77DUBUULVLZDKHQEV3WNDXBMA/libelektra/src/plugins/gopts/testmod_gopts.c:78: error in run_test: child process test failed
test singleopt
/home/jenkins/workspace/libelektra_master-Q2SIBK3KE2NBEMJ4WVGJXAXCSCB77DUBUULVLZDKHQEV3WNDXBMA/libelektra/src/plugins/gopts/testmod_gopts.c:78: error in run_test: child process test failed
test singleopt
/home/jenkins/workspace/libelektra_master-Q2SIBK3KE2NBEMJ4WVGJXAXCSCB77DUBUULVLZDKHQEV3WNDXBMA/libelektra/src/plugins/gopts/testmod_gopts.c:78: error in run_test: child process test failed
test singleopt
/home/jenkins/workspace/libelektra_master-Q2SIBK3KE2NBEMJ4WVGJXAXCSCB77DUBUULVLZDKHQEV3WNDXBMA/libelektra/tests/cframework/tests.c:523: error in clean_temp_home: Could not delete TMPHOME via nftw
GOPTS     TESTS
==================

test empty
/home/jenkins/workspace/libelektra_master-Q2SIBK3KE2NBEMJ4WVGJXAXCSCB77DUBUULVLZDKHQEV3WNDXBMA/libelektra/src/plugins/gopts/testmod_gopts.c:78: error in run_test: child process test failed
test singleopt
/home/jenkins/workspace/libelektra_master-Q2SIBK3KE2NBEMJ4WVGJXAXCSCB77DUBUULVLZDKHQEV3WNDXBMA/libelektra/src/plugins/gopts/testmod_gopts.c:78: error in run_test: child process test failed
test singleopt
/home/jenkins/workspace/libelektra_master-Q2SIBK3KE2NBEMJ4WVGJXAXCSCB77DUBUULVLZDKHQEV3WNDXBMA/libelektra/src/plugins/gopts/testmod_gopts.c:78: error in run_test: child process test failed
test singleopt
/home/jenkins/workspace/libelektra_master-Q2SIBK3KE2NBEMJ4WVGJXAXCSCB77DUBUULVLZDKHQEV3WNDXBMA/libelektra/src/plugins/gopts/testmod_gopts.c:78: error in run_test: child process test failed
test singleopt
/home/jenkins/workspace/libelektra_master-Q2SIBK3KE2NBEMJ4WVGJXAXCSCB77DUBUULVLZDKHQEV3WNDXBMA/libelektra/src/plugins/gopts/testmod_gopts.c:78: error in run_test: child process test failed
test singleopt
/home/jenkins/workspace/libelektra_master-Q2SIBK3KE2NBEMJ4WVGJXAXCSCB77DUBUULVLZDKHQEV3WNDXBMA/libelektra/src/plugins/gopts/testmod_gopts.c:78: error in run_test: child process test failed
test singleopt
/home/jenkins/workspace/libelektra_master-Q2SIBK3KE2NBEMJ4WVGJXAXCSCB77DUBUULVLZDKHQEV3WNDXBMA/libelektra/tests/cframework/tests.c:523: error in clean_temp_home: Could not delete TMPHOME via nftw
GOPTS     TESTS
==================

test empty
/home/jenkins/workspace/libelektra_master-Q2SIBK3KE2NBEMJ4WVGJXAXCSCB77DUBUULVLZDKHQEV3WNDXBMA/libelektra/src/plugins/gopts/testmod_gopts.c:78: error in run_test: child process test failed
test singleopt
/home/jenkins/workspace/libelektra_master-Q2SIBK3KE2NBEMJ4WVGJXAXCSCB77DUBUULVLZDKHQEV3WNDXBMA/libelektra/src/plugins/gopts/testmod_gopts.c:78: error in run_test: child process test failed
test singleopt
/home/jenkins/workspace/libelektra_master-Q2SIBK3KE2NBEMJ4WVGJXAXCSCB77DUBUULVLZDKHQEV3WNDXBMA/libelektra/src/plugins/gopts/testmod_gopts.c:78: error in run_test: child process test failed
test singleopt
/home/jenkins/workspace/libelektra_master-Q2SIBK3KE2NBEMJ4WVGJXAXCSCB77DUBUULVLZDKHQEV3WNDXBMA/libelektra/src/plugins/gopts/testmod_gopts.c:78: error in run_test: child process test failed
test singleopt
/home/jenkins/workspace/libelektra_master-Q2SIBK3KE2NBEMJ4WVGJXAXCSCB77DUBUULVLZDKHQEV3WNDXBMA/libelektra/src/plugins/gopts/testmod_gopts.c:78: error in run_test: child process test failed
test singleopt
/home/jenkins/workspace/libelektra_master-Q2SIBK3KE2NBEMJ4WVGJXAXCSCB77DUBUULVLZDKHQEV3WNDXBMA/libelektra/src/plugins/gopts/testmod_gopts.c:78: error in run_test: child process test failed
test singleopt
/home/jenkins/workspace/libelektra_master-Q2SIBK3KE2NBEMJ4WVGJXAXCSCB77DUBUULVLZDKHQEV3WNDXBMA/libelektra/src/plugins/gopts/testmod_gopts.c:78: error in run_test: child process test failed
test singleopt
/home/jenkins/workspace/libelektra_master-Q2SIBK3KE2NBEMJ4WVGJXAXCSCB77DUBUULVLZDKHQEV3WNDXBMA/libelektra/tests/cframework/tests.c:523: error in clean_temp_home: Could not delete TMPHOME via nftw
GOPTS     TESTS
==================

test empty
/home/jenkins/workspace/libelektra_master-Q2SIBK3KE2NBEMJ4WVGJXAXCSCB77DUBUULVLZDKHQEV3WNDXBMA/libelektra/src/plugins/gopts/testmod_gopts.c:78: error in run_test: child process test failed
test singleopt
/home/jenkins/workspace/libelektra_master-Q2SIBK3KE2NBEMJ4WVGJXAXCSCB77DUBUULVLZDKHQEV3WNDXBMA/libelektra/src/plugins/gopts/testmod_gopts.c:78: error in run_test: child process test failed
test singleopt
/home/jenkins/workspace/libelektra_master-Q2SIBK3KE2NBEMJ4WVGJXAXCSCB77DUBUULVLZDKHQEV3WNDXBMA/libelektra/src/plugins/gopts/testmod_gopts.c:78: error in run_test: child process test failed
test singleopt
/home/jenkins/workspace/libelektra_master-Q2SIBK3KE2NBEMJ4WVGJXAXCSCB77DUBUULVLZDKHQEV3WNDXBMA/libelektra/src/plugins/gopts/testmod_gopts.c:78: error in run_test: child process test failed
test singleopt
/home/jenkins/workspace/libelektra_master-Q2SIBK3KE2NBEMJ4WVGJXAXCSCB77DUBUULVLZDKHQEV3WNDXBMA/libelektra/src/plugins/gopts/testmod_gopts.c:78: error in run_test: child process test failed
test singleopt
/home/jenkins/workspace/libelektra_master-Q2SIBK3KE2NBEMJ4WVGJXAXCSCB77DUBUULVLZDKHQEV3WNDXBMA/libelektra/src/plugins/gopts/testmod_gopts.c:78: error in run_test: child process test failed
test singleopt
/home/jenkins/workspace/libelektra_master-Q2SIBK3KE2NBEMJ4WVGJXAXCSCB77DUBUULVLZDKHQEV3WNDXBMA/libelektra/src/plugins/gopts/testmod_gopts.c:78: error in run_test: child process test failed
test singleopt
/home/jenkins/workspace/libelektra_master-Q2SIBK3KE2NBEMJ4WVGJXAXCSCB77DUBUULVLZDKHQEV3WNDXBMA/libelektra/src/plugins/gopts/testmod_gopts.c:78: error in run_test: child process test failed
test singleopt
/home/jenkins/workspace/libelektra_master-Q2SIBK3KE2NBEMJ4WVGJXAXCSCB77DUBUULVLZDKHQEV3WNDXBMA/libelektra/tests/cframework/tests.c:523: error in clean_temp_home: Could not delete TMPHOME via nftw
GOPTS     TESTS
==================

test empty
/home/jenkins/workspace/libelektra_master-Q2SIBK3KE2NBEMJ4WVGJXAXCSCB77DUBUULVLZDKHQEV3WNDXBMA/libelektra/src/plugins/gopts/testmod_gopts.c:78: error in run_test: child process test failed
test singleopt
/home/jenkins/workspace/libelektra_master-Q2SIBK3KE2NBEMJ4WVGJXAXCSCB77DUBUULVLZDKHQEV3WNDXBMA/libelektra/src/plugins/gopts/testmod_gopts.c:78: error in run_test: child process test failed
test singleopt
/home/jenkins/workspace/libelektra_master-Q2SIBK3KE2NBEMJ4WVGJXAXCSCB77DUBUULVLZDKHQEV3WNDXBMA/libelektra/src/plugins/gopts/testmod_gopts.c:78: error in run_test: child process test failed
test singleopt
/home/jenkins/workspace/libelektra_master-Q2SIBK3KE2NBEMJ4WVGJXAXCSCB77DUBUULVLZDKHQEV3WNDXBMA/libelektra/src/plugins/gopts/testmod_gopts.c:78: error in run_test: child process test failed
test singleopt
/home/jenkins/workspace/libelektra_master-Q2SIBK3KE2NBEMJ4WVGJXAXCSCB77DUBUULVLZDKHQEV3WNDXBMA/libelektra/src/plugins/gopts/testmod_gopts.c:78: error in run_test: child process test failed
test singleopt
/home/jenkins/workspace/libelektra_master-Q2SIBK3KE2NBEMJ4WVGJXAXCSCB77DUBUULVLZDKHQEV3WNDXBMA/libelektra/src/plugins/gopts/testmod_gopts.c:78: error in run_test: child process test failed
test singleopt
/home/jenkins/workspace/libelektra_master-Q2SIBK3KE2NBEMJ4WVGJXAXCSCB77DUBUULVLZDKHQEV3WNDXBMA/libelektra/src/plugins/gopts/testmod_gopts.c:78: error in run_test: child process test failed
test singleopt
/home/jenkins/workspace/libelektra_master-Q2SIBK3KE2NBEMJ4WVGJXAXCSCB77DUBUULVLZDKHQEV3WNDXBMA/libelektra/src/plugins/gopts/testmod_gopts.c:78: error in run_test: child process test failed
test singleopt
/home/jenkins/workspace/libelektra_master-Q2SIBK3KE2NBEMJ4WVGJXAXCSCB77DUBUULVLZDKHQEV3WNDXBMA/libelektra/src/plugins/gopts/testmod_gopts.c:78: error in run_test: child process test failed
test singleopt
/home/jenkins/workspace/libelektra_master-Q2SIBK3KE2NBEMJ4WVGJXAXCSCB77DUBUULVLZDKHQEV3WNDXBMA/libelektra/tests/cframework/tests.c:523: error in clean_temp_home: Could not delete TMPHOME via nftw
GOPTS     TESTS
==================

test empty
/home/jenkins/workspace/libelektra_master-Q2SIBK3KE2NBEMJ4WVGJXAXCSCB77DUBUULVLZDKHQEV3WNDXBMA/libelektra/src/plugins/gopts/testmod_gopts.c:78: error in run_test: child process test failed
test singleopt
/home/jenkins/workspace/libelektra_master-Q2SIBK3KE2NBEMJ4WVGJXAXCSCB77DUBUULVLZDKHQEV3WNDXBMA/libelektra/src/plugins/gopts/testmod_gopts.c:78: error in run_test: child process test failed
test singleopt
/home/jenkins/workspace/libelektra_master-Q2SIBK3KE2NBEMJ4WVGJXAXCSCB77DUBUULVLZDKHQEV3WNDXBMA/libelektra/src/plugins/gopts/testmod_gopts.c:78: error in run_test: child process test failed
test singleopt
/home/jenkins/workspace/libelektra_master-Q2SIBK3KE2NBEMJ4WVGJXAXCSCB77DUBUULVLZDKHQEV3WNDXBMA/libelektra/src/plugins/gopts/testmod_gopts.c:78: error in run_test: child process test failed
test singleopt
/home/jenkins/workspace/libelektra_master-Q2SIBK3KE2NBEMJ4WVGJXAXCSCB77DUBUULVLZDKHQEV3WNDXBMA/libelektra/src/plugins/gopts/testmod_gopts.c:78: error in run_test: child process test failed
test singleopt
/home/jenkins/workspace/libelektra_master-Q2SIBK3KE2NBEMJ4WVGJXAXCSCB77DUBUULVLZDKHQEV3WNDXBMA/libelektra/src/plugins/gopts/testmod_gopts.c:78: error in run_test: child process test failed
test singleopt
/home/jenkins/workspace/libelektra_master-Q2SIBK3KE2NBEMJ4WVGJXAXCSCB77DUBUULVLZDKHQEV3WNDXBMA/libelektra/src/plugins/gopts/testmod_gopts.c:78: error in run_test: child process test failed
test singleopt
/home/jenkins/workspace/libelektra_master-Q2SIBK3KE2NBEMJ4WVGJXAXCSCB77DUBUULVLZDKHQEV3WNDXBMA/libelektra/src/plugins/gopts/testmod_gopts.c:78: error in run_test: child process test failed
test singleopt
/home/jenkins/workspace/libelektra_master-Q2SIBK3KE2NBEMJ4WVGJXAXCSCB77DUBUULVLZDKHQEV3WNDXBMA/libelektra/src/plugins/gopts/testmod_gopts.c:78: error in run_test: child process test failed
test singleopt
/home/jenkins/workspace/libelektra_master-Q2SIBK3KE2NBEMJ4WVGJXAXCSCB77DUBUULVLZDKHQEV3WNDXBMA/libelektra/src/plugins/gopts/testmod_gopts.c:78: error in run_test: child process test failed
test singleopt
/home/jenkins/workspace/libelektra_master-Q2SIBK3KE2NBEMJ4WVGJXAXCSCB77DUBUULVLZDKHQEV3WNDXBMA/libelektra/tests/cframework/tests.c:523: error in clean_temp_home: Could not delete TMPHOME via nftw
GOPTS     TESTS
==================

test empty
/home/jenkins/workspace/libelektra_master-Q2SIBK3KE2NBEMJ4WVGJXAXCSCB77DUBUULVLZDKHQEV3WNDXBMA/libelektra/src/plugins/gopts/testmod_gopts.c:78: error in run_test: child process test failed
test singleopt
/home/jenkins/workspace/libelektra_master-Q2SIBK3KE2NBEMJ4WVGJXAXCSCB77DUBUULVLZDKHQEV3WNDXBMA/libelektra/src/plugins/gopts/testmod_gopts.c:78: error in run_test: child process test failed
test singleopt
/home/jenkins/workspace/libelektra_master-Q2SIBK3KE2NBEMJ4WVGJXAXCSCB77DUBUULVLZDKHQEV3WNDXBMA/libelektra/src/plugins/gopts/testmod_gopts.c:78: error in run_test: child process test failed
test singleopt
/home/jenkins/workspace/libelektra_master-Q2SIBK3KE2NBEMJ4WVGJXAXCSCB77DUBUULVLZDKHQEV3WNDXBMA/libelektra/src/plugins/gopts/testmod_gopts.c:78: error in run_test: child process test failed
test singleopt
/home/jenkins/workspace/libelektra_master-Q2SIBK3KE2NBEMJ4WVGJXAXCSCB77DUBUULVLZDKHQEV3WNDXBMA/libelektra/src/plugins/gopts/testmod_gopts.c:78: error in run_test: child process test failed
test singleopt
/home/jenkins/workspace/libelektra_master-Q2SIBK3KE2NBEMJ4WVGJXAXCSCB77DUBUULVLZDKHQEV3WNDXBMA/libelektra/src/plugins/gopts/testmod_gopts.c:78: error in run_test: child process test failed
test singleopt
/home/jenkins/workspace/libelektra_master-Q2SIBK3KE2NBEMJ4WVGJXAXCSCB77DUBUULVLZDKHQEV3WNDXBMA/libelektra/src/plugins/gopts/testmod_gopts.c:78: error in run_test: child process test failed
test singleopt
/home/jenkins/workspace/libelektra_master-Q2SIBK3KE2NBEMJ4WVGJXAXCSCB77DUBUULVLZDKHQEV3WNDXBMA/libelektra/src/plugins/gopts/testmod_gopts.c:78: error in run_test: child process test failed
test singleopt
/home/jenkins/workspace/libelektra_master-Q2SIBK3KE2NBEMJ4WVGJXAXCSCB77DUBUULVLZDKHQEV3WNDXBMA/libelektra/src/plugins/gopts/testmod_gopts.c:78: error in run_test: child process test failed
test singleopt
/home/jenkins/workspace/libelektra_master-Q2SIBK3KE2NBEMJ4WVGJXAXCSCB77DUBUULVLZDKHQEV3WNDXBMA/libelektra/src/plugins/gopts/testmod_gopts.c:78: error in run_test: child process test failed
test singleopt
/home/jenkins/workspace/libelektra_master-Q2SIBK3KE2NBEMJ4WVGJXAXCSCB77DUBUULVLZDKHQEV3WNDXBMA/libelektra/src/plugins/gopts/testmod_gopts.c:78: error in run_test: child process test failed
test singleenv
/home/jenkins/workspace/libelektra_master-Q2SIBK3KE2NBEMJ4WVGJXAXCSCB77DUBUULVLZDKHQEV3WNDXBMA/libelektra/tests/cframework/tests.c:523: error in clean_temp_home: Could not delete TMPHOME via nftw
GOPTS     TESTS
==================

test empty
/home/jenkins/workspace/libelektra_master-Q2SIBK3KE2NBEMJ4WVGJXAXCSCB77DUBUULVLZDKHQEV3WNDXBMA/libelektra/src/plugins/gopts/testmod_gopts.c:78: error in run_test: child process test failed
test singleopt
/home/jenkins/workspace/libelektra_master-Q2SIBK3KE2NBEMJ4WVGJXAXCSCB77DUBUULVLZDKHQEV3WNDXBMA/libelektra/src/plugins/gopts/testmod_gopts.c:78: error in run_test: child process test failed
test singleopt
/home/jenkins/workspace/libelektra_master-Q2SIBK3KE2NBEMJ4WVGJXAXCSCB77DUBUULVLZDKHQEV3WNDXBMA/libelektra/src/plugins/gopts/testmod_gopts.c:78: error in run_test: child process test failed
test singleopt
/home/jenkins/workspace/libelektra_master-Q2SIBK3KE2NBEMJ4WVGJXAXCSCB77DUBUULVLZDKHQEV3WNDXBMA/libelektra/src/plugins/gopts/testmod_gopts.c:78: error in run_test: child process test failed
test singleopt
/home/jenkins/workspace/libelektra_master-Q2SIBK3KE2NBEMJ4WVGJXAXCSCB77DUBUULVLZDKHQEV3WNDXBMA/libelektra/src/plugins/gopts/testmod_gopts.c:78: error in run_test: child process test failed
test singleopt
/home/jenkins/workspace/libelektra_master-Q2SIBK3KE2NBEMJ4WVGJXAXCSCB77DUBUULVLZDKHQEV3WNDXBMA/libelektra/src/plugins/gopts/testmod_gopts.c:78: error in run_test: child process test failed
test singleopt
/home/jenkins/workspace/libelektra_master-Q2SIBK3KE2NBEMJ4WVGJXAXCSCB77DUBUULVLZDKHQEV3WNDXBMA/libelektra/src/plugins/gopts/testmod_gopts.c:78: error in run_test: child process test failed
test singleopt
/home/jenkins/workspace/libelektra_master-Q2SIBK3KE2NBEMJ4WVGJXAXCSCB77DUBUULVLZDKHQEV3WNDXBMA/libelektra/src/plugins/gopts/testmod_gopts.c:78: error in run_test: child process test failed
test singleopt
/home/jenkins/workspace/libelektra_master-Q2SIBK3KE2NBEMJ4WVGJXAXCSCB77DUBUULVLZDKHQEV3WNDXBMA/libelektra/src/plugins/gopts/testmod_gopts.c:78: error in run_test: child process test failed
test singleopt
/home/jenkins/workspace/libelektra_master-Q2SIBK3KE2NBEMJ4WVGJXAXCSCB77DUBUULVLZDKHQEV3WNDXBMA/libelektra/src/plugins/gopts/testmod_gopts.c:78: error in run_test: child process test failed
test singleopt
/home/jenkins/workspace/libelektra_master-Q2SIBK3KE2NBEMJ4WVGJXAXCSCB77DUBUULVLZDKHQEV3WNDXBMA/libelektra/src/plugins/gopts/testmod_gopts.c:78: error in run_test: child process test failed
test singleenv
/home/jenkins/workspace/libelektra_master-Q2SIBK3KE2NBEMJ4WVGJXAXCSCB77DUBUULVLZDKHQEV3WNDXBMA/libelektra/src/plugins/gopts/testmod_gopts.c:78: error in run_test: child process test failed
test singleenv
/home/jenkins/workspace/libelektra_master-Q2SIBK3KE2NBEMJ4WVGJXAXCSCB77DUBUULVLZDKHQEV3WNDXBMA/libelektra/tests/cframework/tests.c:523: error in clean_temp_home: Could not delete TMPHOME via nftw
GOPTS     TESTS
==================

test empty
/home/jenkins/workspace/libelektra_master-Q2SIBK3KE2NBEMJ4WVGJXAXCSCB77DUBUULVLZDKHQEV3WNDXBMA/libelektra/src/plugins/gopts/testmod_gopts.c:78: error in run_test: child process test failed
test singleopt
/home/jenkins/workspace/libelektra_master-Q2SIBK3KE2NBEMJ4WVGJXAXCSCB77DUBUULVLZDKHQEV3WNDXBMA/libelektra/src/plugins/gopts/testmod_gopts.c:78: error in run_test: child process test failed
test singleopt
/home/jenkins/workspace/libelektra_master-Q2SIBK3KE2NBEMJ4WVGJXAXCSCB77DUBUULVLZDKHQEV3WNDXBMA/libelektra/src/plugins/gopts/testmod_gopts.c:78: error in run_test: child process test failed
test singleopt
/home/jenkins/workspace/libelektra_master-Q2SIBK3KE2NBEMJ4WVGJXAXCSCB77DUBUULVLZDKHQEV3WNDXBMA/libelektra/src/plugins/gopts/testmod_gopts.c:78: error in run_test: child process test failed
test singleopt
/home/jenkins/workspace/libelektra_master-Q2SIBK3KE2NBEMJ4WVGJXAXCSCB77DUBUULVLZDKHQEV3WNDXBMA/libelektra/src/plugins/gopts/testmod_gopts.c:78: error in run_test: child process test failed
test singleopt
/home/jenkins/workspace/libelektra_master-Q2SIBK3KE2NBEMJ4WVGJXAXCSCB77DUBUULVLZDKHQEV3WNDXBMA/libelektra/src/plugins/gopts/testmod_gopts.c:78: error in run_test: child process test failed
test singleopt
/home/jenkins/workspace/libelektra_master-Q2SIBK3KE2NBEMJ4WVGJXAXCSCB77DUBUULVLZDKHQEV3WNDXBMA/libelektra/src/plugins/gopts/testmod_gopts.c:78: error in run_test: child process test failed
test singleopt
/home/jenkins/workspace/libelektra_master-Q2SIBK3KE2NBEMJ4WVGJXAXCSCB77DUBUULVLZDKHQEV3WNDXBMA/libelektra/src/plugins/gopts/testmod_gopts.c:78: error in run_test: child process test failed
test singleopt
/home/jenkins/workspace/libelektra_master-Q2SIBK3KE2NBEMJ4WVGJXAXCSCB77DUBUULVLZDKHQEV3WNDXBMA/libelektra/src/plugins/gopts/testmod_gopts.c:78: error in run_test: child process test failed
test singleopt
/home/jenkins/workspace/libelektra_master-Q2SIBK3KE2NBEMJ4WVGJXAXCSCB77DUBUULVLZDKHQEV3WNDXBMA/libelektra/src/plugins/gopts/testmod_gopts.c:78: error in run_test: child process test failed
test singleopt
/home/jenkins/workspace/libelektra_master-Q2SIBK3KE2NBEMJ4WVGJXAXCSCB77DUBUULVLZDKHQEV3WNDXBMA/libelektra/src/plugins/gopts/testmod_gopts.c:78: error in run_test: child process test failed
test singleenv
/home/jenkins/workspace/libelektra_master-Q2SIBK3KE2NBEMJ4WVGJXAXCSCB77DUBUULVLZDKHQEV3WNDXBMA/libelektra/src/plugins/gopts/testmod_gopts.c:78: error in run_test: child process test failed
test singleenv
/home/jenkins/workspace/libelektra_master-Q2SIBK3KE2NBEMJ4WVGJXAXCSCB77DUBUULVLZDKHQEV3WNDXBMA/libelektra/src/plugins/gopts/testmod_gopts.c:78: error in run_test: child process test failed
test singleenv
/home/jenkins/workspace/libelektra_master-Q2SIBK3KE2NBEMJ4WVGJXAXCSCB77DUBUULVLZDKHQEV3WNDXBMA/libelektra/tests/cframework/tests.c:523: error in clean_temp_home: Could not delete TMPHOME via nftw
GOPTS     TESTS
==================

test empty
/home/jenkins/workspace/libelektra_master-Q2SIBK3KE2NBEMJ4WVGJXAXCSCB77DUBUULVLZDKHQEV3WNDXBMA/libelektra/src/plugins/gopts/testmod_gopts.c:78: error in run_test: child process test failed
test singleopt
/home/jenkins/workspace/libelektra_master-Q2SIBK3KE2NBEMJ4WVGJXAXCSCB77DUBUULVLZDKHQEV3WNDXBMA/libelektra/src/plugins/gopts/testmod_gopts.c:78: error in run_test: child process test failed
test singleopt
/home/jenkins/workspace/libelektra_master-Q2SIBK3KE2NBEMJ4WVGJXAXCSCB77DUBUULVLZDKHQEV3WNDXBMA/libelektra/src/plugins/gopts/testmod_gopts.c:78: error in run_test: child process test failed
test singleopt
/home/jenkins/workspace/libelektra_master-Q2SIBK3KE2NBEMJ4WVGJXAXCSCB77DUBUULVLZDKHQEV3WNDXBMA/libelektra/src/plugins/gopts/testmod_gopts.c:78: error in run_test: child process test failed
test singleopt
/home/jenkins/workspace/libelektra_master-Q2SIBK3KE2NBEMJ4WVGJXAXCSCB77DUBUULVLZDKHQEV3WNDXBMA/libelektra/src/plugins/gopts/testmod_gopts.c:78: error in run_test: child process test failed
test singleopt
/home/jenkins/workspace/libelektra_master-Q2SIBK3KE2NBEMJ4WVGJXAXCSCB77DUBUULVLZDKHQEV3WNDXBMA/libelektra/src/plugins/gopts/testmod_gopts.c:78: error in run_test: child process test failed
test singleopt
/home/jenkins/workspace/libelektra_master-Q2SIBK3KE2NBEMJ4WVGJXAXCSCB77DUBUULVLZDKHQEV3WNDXBMA/libelektra/src/plugins/gopts/testmod_gopts.c:78: error in run_test: child process test failed
test singleopt
/home/jenkins/workspace/libelektra_master-Q2SIBK3KE2NBEMJ4WVGJXAXCSCB77DUBUULVLZDKHQEV3WNDXBMA/libelektra/src/plugins/gopts/testmod_gopts.c:78: error in run_test: child process test failed
test singleopt
/home/jenkins/workspace/libelektra_master-Q2SIBK3KE2NBEMJ4WVGJXAXCSCB77DUBUULVLZDKHQEV3WNDXBMA/libelektra/src/plugins/gopts/testmod_gopts.c:78: error in run_test: child process test failed
test singleopt
/home/jenkins/workspace/libelektra_master-Q2SIBK3KE2NBEMJ4WVGJXAXCSCB77DUBUULVLZDKHQEV3WNDXBMA/libelektra/src/plugins/gopts/testmod_gopts.c:78: error in run_test: child process test failed
test singleopt
/home/jenkins/workspace/libelektra_master-Q2SIBK3KE2NBEMJ4WVGJXAXCSCB77DUBUULVLZDKHQEV3WNDXBMA/libelektra/src/plugins/gopts/testmod_gopts.c:78: error in run_test: child process test failed
test singleenv
/home/jenkins/workspace/libelektra_master-Q2SIBK3KE2NBEMJ4WVGJXAXCSCB77DUBUULVLZDKHQEV3WNDXBMA/libelektra/src/plugins/gopts/testmod_gopts.c:78: error in run_test: child process test failed
test singleenv
/home/jenkins/workspace/libelektra_master-Q2SIBK3KE2NBEMJ4WVGJXAXCSCB77DUBUULVLZDKHQEV3WNDXBMA/libelektra/src/plugins/gopts/testmod_gopts.c:78: error in run_test: child process test failed
test singleenv
/home/jenkins/workspace/libelektra_master-Q2SIBK3KE2NBEMJ4WVGJXAXCSCB77DUBUULVLZDKHQEV3WNDXBMA/libelektra/src/plugins/gopts/testmod_gopts.c:78: error in run_test: child process test failed
test twoopt
/home/jenkins/workspace/libelektra_master-Q2SIBK3KE2NBEMJ4WVGJXAXCSCB77DUBUULVLZDKHQEV3WNDXBMA/libelektra/tests/cframework/tests.c:523: error in clean_temp_home: Could not delete TMPHOME via nftw
GOPTS     TESTS
==================

test empty
/home/jenkins/workspace/libelektra_master-Q2SIBK3KE2NBEMJ4WVGJXAXCSCB77DUBUULVLZDKHQEV3WNDXBMA/libelektra/src/plugins/gopts/testmod_gopts.c:78: error in run_test: child process test failed
test singleopt
/home/jenkins/workspace/libelektra_master-Q2SIBK3KE2NBEMJ4WVGJXAXCSCB77DUBUULVLZDKHQEV3WNDXBMA/libelektra/src/plugins/gopts/testmod_gopts.c:78: error in run_test: child process test failed
test singleopt
/home/jenkins/workspace/libelektra_master-Q2SIBK3KE2NBEMJ4WVGJXAXCSCB77DUBUULVLZDKHQEV3WNDXBMA/libelektra/src/plugins/gopts/testmod_gopts.c:78: error in run_test: child process test failed
test singleopt
/home/jenkins/workspace/libelektra_master-Q2SIBK3KE2NBEMJ4WVGJXAXCSCB77DUBUULVLZDKHQEV3WNDXBMA/libelektra/src/plugins/gopts/testmod_gopts.c:78: error in run_test: child process test failed
test singleopt
/home/jenkins/workspace/libelektra_master-Q2SIBK3KE2NBEMJ4WVGJXAXCSCB77DUBUULVLZDKHQEV3WNDXBMA/libelektra/src/plugins/gopts/testmod_gopts.c:78: error in run_test: child process test failed
test singleopt
/home/jenkins/workspace/libelektra_master-Q2SIBK3KE2NBEMJ4WVGJXAXCSCB77DUBUULVLZDKHQEV3WNDXBMA/libelektra/src/plugins/gopts/testmod_gopts.c:78: error in run_test: child process test failed
test singleopt
/home/jenkins/workspace/libelektra_master-Q2SIBK3KE2NBEMJ4WVGJXAXCSCB77DUBUULVLZDKHQEV3WNDXBMA/libelektra/src/plugins/gopts/testmod_gopts.c:78: error in run_test: child process test failed
test singleopt
/home/jenkins/workspace/libelektra_master-Q2SIBK3KE2NBEMJ4WVGJXAXCSCB77DUBUULVLZDKHQEV3WNDXBMA/libelektra/src/plugins/gopts/testmod_gopts.c:78: error in run_test: child process test failed
test singleopt
/home/jenkins/workspace/libelektra_master-Q2SIBK3KE2NBEMJ4WVGJXAXCSCB77DUBUULVLZDKHQEV3WNDXBMA/libelektra/src/plugins/gopts/testmod_gopts.c:78: error in run_test: child process test failed
test singleopt
/home/jenkins/workspace/libelektra_master-Q2SIBK3KE2NBEMJ4WVGJXAXCSCB77DUBUULVLZDKHQEV3WNDXBMA/libelektra/src/plugins/gopts/testmod_gopts.c:78: error in run_test: child process test failed
test singleopt
/home/jenkins/workspace/libelektra_master-Q2SIBK3KE2NBEMJ4WVGJXAXCSCB77DUBUULVLZDKHQEV3WNDXBMA/libelektra/src/plugins/gopts/testmod_gopts.c:78: error in run_test: child process test failed
test singleenv
/home/jenkins/workspace/libelektra_master-Q2SIBK3KE2NBEMJ4WVGJXAXCSCB77DUBUULVLZDKHQEV3WNDXBMA/libelektra/src/plugins/gopts/testmod_gopts.c:78: error in run_test: child process test failed
test singleenv
/home/jenkins/workspace/libelektra_master-Q2SIBK3KE2NBEMJ4WVGJXAXCSCB77DUBUULVLZDKHQEV3WNDXBMA/libelektra/src/plugins/gopts/testmod_gopts.c:78: error in run_test: child process test failed
test singleenv
/home/jenkins/workspace/libelektra_master-Q2SIBK3KE2NBEMJ4WVGJXAXCSCB77DUBUULVLZDKHQEV3WNDXBMA/libelektra/src/plugins/gopts/testmod_gopts.c:78: error in run_test: child process test failed
test twoopt
/home/jenkins/workspace/libelektra_master-Q2SIBK3KE2NBEMJ4WVGJXAXCSCB77DUBUULVLZDKHQEV3WNDXBMA/libelektra/src/plugins/gopts/testmod_gopts.c:78: error in run_test: child process test failed
test twoopt
/home/jenkins/workspace/libelektra_master-Q2SIBK3KE2NBEMJ4WVGJXAXCSCB77DUBUULVLZDKHQEV3WNDXBMA/libelektra/tests/cframework/tests.c:523: error in clean_temp_home: Could not delete TMPHOME via nftw
GOPTS     TESTS
==================

test empty
/home/jenkins/workspace/libelektra_master-Q2SIBK3KE2NBEMJ4WVGJXAXCSCB77DUBUULVLZDKHQEV3WNDXBMA/libelektra/src/plugins/gopts/testmod_gopts.c:78: error in run_test: child process test failed
test singleopt
/home/jenkins/workspace/libelektra_master-Q2SIBK3KE2NBEMJ4WVGJXAXCSCB77DUBUULVLZDKHQEV3WNDXBMA/libelektra/src/plugins/gopts/testmod_gopts.c:78: error in run_test: child process test failed
test singleopt
/home/jenkins/workspace/libelektra_master-Q2SIBK3KE2NBEMJ4WVGJXAXCSCB77DUBUULVLZDKHQEV3WNDXBMA/libelektra/src/plugins/gopts/testmod_gopts.c:78: error in run_test: child process test failed
test singleopt
/home/jenkins/workspace/libelektra_master-Q2SIBK3KE2NBEMJ4WVGJXAXCSCB77DUBUULVLZDKHQEV3WNDXBMA/libelektra/src/plugins/gopts/testmod_gopts.c:78: error in run_test: child process test failed
test singleopt
/home/jenkins/workspace/libelektra_master-Q2SIBK3KE2NBEMJ4WVGJXAXCSCB77DUBUULVLZDKHQEV3WNDXBMA/libelektra/src/plugins/gopts/testmod_gopts.c:78: error in run_test: child process test failed
test singleopt
/home/jenkins/workspace/libelektra_master-Q2SIBK3KE2NBEMJ4WVGJXAXCSCB77DUBUULVLZDKHQEV3WNDXBMA/libelektra/src/plugins/gopts/testmod_gopts.c:78: error in run_test: child process test failed
test singleopt
/home/jenkins/workspace/libelektra_master-Q2SIBK3KE2NBEMJ4WVGJXAXCSCB77DUBUULVLZDKHQEV3WNDXBMA/libelektra/src/plugins/gopts/testmod_gopts.c:78: error in run_test: child process test failed
test singleopt
/home/jenkins/workspace/libelektra_master-Q2SIBK3KE2NBEMJ4WVGJXAXCSCB77DUBUULVLZDKHQEV3WNDXBMA/libelektra/src/plugins/gopts/testmod_gopts.c:78: error in run_test: child process test failed
test singleopt
/home/jenkins/workspace/libelektra_master-Q2SIBK3KE2NBEMJ4WVGJXAXCSCB77DUBUULVLZDKHQEV3WNDXBMA/libelektra/src/plugins/gopts/testmod_gopts.c:78: error in run_test: child process test failed
test singleopt
/home/jenkins/workspace/libelektra_master-Q2SIBK3KE2NBEMJ4WVGJXAXCSCB77DUBUULVLZDKHQEV3WNDXBMA/libelektra/src/plugins/gopts/testmod_gopts.c:78: error in run_test: child process test failed
test singleopt
/home/jenkins/workspace/libelektra_master-Q2SIBK3KE2NBEMJ4WVGJXAXCSCB77DUBUULVLZDKHQEV3WNDXBMA/libelektra/src/plugins/gopts/testmod_gopts.c:78: error in run_test: child process test failed
test singleenv
/home/jenkins/workspace/libelektra_master-Q2SIBK3KE2NBEMJ4WVGJXAXCSCB77DUBUULVLZDKHQEV3WNDXBMA/libelektra/src/plugins/gopts/testmod_gopts.c:78: error in run_test: child process test failed
test singleenv
/home/jenkins/workspace/libelektra_master-Q2SIBK3KE2NBEMJ4WVGJXAXCSCB77DUBUULVLZDKHQEV3WNDXBMA/libelektra/src/plugins/gopts/testmod_gopts.c:78: error in run_test: child process test failed
test singleenv
/home/jenkins/workspace/libelektra_master-Q2SIBK3KE2NBEMJ4WVGJXAXCSCB77DUBUULVLZDKHQEV3WNDXBMA/libelektra/src/plugins/gopts/testmod_gopts.c:78: error in run_test: child process test failed
test twoopt
/home/jenkins/workspace/libelektra_master-Q2SIBK3KE2NBEMJ4WVGJXAXCSCB77DUBUULVLZDKHQEV3WNDXBMA/libelektra/src/plugins/gopts/testmod_gopts.c:78: error in run_test: child process test failed
test twoopt
/home/jenkins/workspace/libelektra_master-Q2SIBK3KE2NBEMJ4WVGJXAXCSCB77DUBUULVLZDKHQEV3WNDXBMA/libelektra/src/plugins/gopts/testmod_gopts.c:78: error in run_test: child process test failed
test twoopt
/home/jenkins/workspace/libelektra_master-Q2SIBK3KE2NBEMJ4WVGJXAXCSCB77DUBUULVLZDKHQEV3WNDXBMA/libelektra/tests/cframework/tests.c:523: error in clean_temp_home: Could not delete TMPHOME via nftw
GOPTS     TESTS
==================

test empty
/home/jenkins/workspace/libelektra_master-Q2SIBK3KE2NBEMJ4WVGJXAXCSCB77DUBUULVLZDKHQEV3WNDXBMA/libelektra/src/plugins/gopts/testmod_gopts.c:78: error in run_test: child process test failed
test singleopt
/home/jenkins/workspace/libelektra_master-Q2SIBK3KE2NBEMJ4WVGJXAXCSCB77DUBUULVLZDKHQEV3WNDXBMA/libelektra/src/plugins/gopts/testmod_gopts.c:78: error in run_test: child process test failed
test singleopt
/home/jenkins/workspace/libelektra_master-Q2SIBK3KE2NBEMJ4WVGJXAXCSCB77DUBUULVLZDKHQEV3WNDXBMA/libelektra/src/plugins/gopts/testmod_gopts.c:78: error in run_test: child process test failed
test singleopt
/home/jenkins/workspace/libelektra_master-Q2SIBK3KE2NBEMJ4WVGJXAXCSCB77DUBUULVLZDKHQEV3WNDXBMA/libelektra/src/plugins/gopts/testmod_gopts.c:78: error in run_test: child process test failed
test singleopt
/home/jenkins/workspace/libelektra_master-Q2SIBK3KE2NBEMJ4WVGJXAXCSCB77DUBUULVLZDKHQEV3WNDXBMA/libelektra/src/plugins/gopts/testmod_gopts.c:78: error in run_test: child process test failed
test singleopt
/home/jenkins/workspace/libelektra_master-Q2SIBK3KE2NBEMJ4WVGJXAXCSCB77DUBUULVLZDKHQEV3WNDXBMA/libelektra/src/plugins/gopts/testmod_gopts.c:78: error in run_test: child process test failed
test singleopt
/home/jenkins/workspace/libelektra_master-Q2SIBK3KE2NBEMJ4WVGJXAXCSCB77DUBUULVLZDKHQEV3WNDXBMA/libelektra/src/plugins/gopts/testmod_gopts.c:78: error in run_test: child process test failed
test singleopt
/home/jenkins/workspace/libelektra_master-Q2SIBK3KE2NBEMJ4WVGJXAXCSCB77DUBUULVLZDKHQEV3WNDXBMA/libelektra/src/plugins/gopts/testmod_gopts.c:78: error in run_test: child process test failed
test singleopt
/home/jenkins/workspace/libelektra_master-Q2SIBK3KE2NBEMJ4WVGJXAXCSCB77DUBUULVLZDKHQEV3WNDXBMA/libelektra/src/plugins/gopts/testmod_gopts.c:78: error in run_test: child process test failed
test singleopt
/home/jenkins/workspace/libelektra_master-Q2SIBK3KE2NBEMJ4WVGJXAXCSCB77DUBUULVLZDKHQEV3WNDXBMA/libelektra/src/plugins/gopts/testmod_gopts.c:78: error in run_test: child process test failed
test singleopt
/home/jenkins/workspace/libelektra_master-Q2SIBK3KE2NBEMJ4WVGJXAXCSCB77DUBUULVLZDKHQEV3WNDXBMA/libelektra/src/plugins/gopts/testmod_gopts.c:78: error in run_test: child process test failed
test singleenv
/home/jenkins/workspace/libelektra_master-Q2SIBK3KE2NBEMJ4WVGJXAXCSCB77DUBUULVLZDKHQEV3WNDXBMA/libelektra/src/plugins/gopts/testmod_gopts.c:78: error in run_test: child process test failed
test singleenv
/home/jenkins/workspace/libelektra_master-Q2SIBK3KE2NBEMJ4WVGJXAXCSCB77DUBUULVLZDKHQEV3WNDXBMA/libelektra/src/plugins/gopts/testmod_gopts.c:78: error in run_test: child process test failed
test singleenv
/home/jenkins/workspace/libelektra_master-Q2SIBK3KE2NBEMJ4WVGJXAXCSCB77DUBUULVLZDKHQEV3WNDXBMA/libelektra/src/plugins/gopts/testmod_gopts.c:78: error in run_test: child process test failed
test twoopt
/home/jenkins/workspace/libelektra_master-Q2SIBK3KE2NBEMJ4WVGJXAXCSCB77DUBUULVLZDKHQEV3WNDXBMA/libelektra/src/plugins/gopts/testmod_gopts.c:78: error in run_test: child process test failed
test twoopt
/home/jenkins/workspace/libelektra_master-Q2SIBK3KE2NBEMJ4WVGJXAXCSCB77DUBUULVLZDKHQEV3WNDXBMA/libelektra/src/plugins/gopts/testmod_gopts.c:78: error in run_test: child process test failed
test twoopt
/home/jenkins/workspace/libelektra_master-Q2SIBK3KE2NBEMJ4WVGJXAXCSCB77DUBUULVLZDKHQEV3WNDXBMA/libelektra/src/plugins/gopts/testmod_gopts.c:78: error in run_test: child process test failed
test twoopt
/home/jenkins/workspace/libelektra_master-Q2SIBK3KE2NBEMJ4WVGJXAXCSCB77DUBUULVLZDKHQEV3WNDXBMA/libelektra/tests/cframework/tests.c:523: error in clean_temp_home: Could not delete TMPHOME via nftw
GOPTS     TESTS
==================

test empty
/home/jenkins/workspace/libelektra_master-Q2SIBK3KE2NBEMJ4WVGJXAXCSCB77DUBUULVLZDKHQEV3WNDXBMA/libelektra/src/plugins/gopts/testmod_gopts.c:78: error in run_test: child process test failed
test singleopt
/home/jenkins/workspace/libelektra_master-Q2SIBK3KE2NBEMJ4WVGJXAXCSCB77DUBUULVLZDKHQEV3WNDXBMA/libelektra/src/plugins/gopts/testmod_gopts.c:78: error in run_test: child process test failed
test singleopt
/home/jenkins/workspace/libelektra_master-Q2SIBK3KE2NBEMJ4WVGJXAXCSCB77DUBUULVLZDKHQEV3WNDXBMA/libelektra/src/plugins/gopts/testmod_gopts.c:78: error in run_test: child process test failed
test singleopt
/home/jenkins/workspace/libelektra_master-Q2SIBK3KE2NBEMJ4WVGJXAXCSCB77DUBUULVLZDKHQEV3WNDXBMA/libelektra/src/plugins/gopts/testmod_gopts.c:78: error in run_test: child process test failed
test singleopt
/home/jenkins/workspace/libelektra_master-Q2SIBK3KE2NBEMJ4WVGJXAXCSCB77DUBUULVLZDKHQEV3WNDXBMA/libelektra/src/plugins/gopts/testmod_gopts.c:78: error in run_test: child process test failed
test singleopt
/home/jenkins/workspace/libelektra_master-Q2SIBK3KE2NBEMJ4WVGJXAXCSCB77DUBUULVLZDKHQEV3WNDXBMA/libelektra/src/plugins/gopts/testmod_gopts.c:78: error in run_test: child process test failed
test singleopt
/home/jenkins/workspace/libelektra_master-Q2SIBK3KE2NBEMJ4WVGJXAXCSCB77DUBUULVLZDKHQEV3WNDXBMA/libelektra/src/plugins/gopts/testmod_gopts.c:78: error in run_test: child process test failed
test singleopt
/home/jenkins/workspace/libelektra_master-Q2SIBK3KE2NBEMJ4WVGJXAXCSCB77DUBUULVLZDKHQEV3WNDXBMA/libelektra/src/plugins/gopts/testmod_gopts.c:78: error in run_test: child process test failed
test singleopt
/home/jenkins/workspace/libelektra_master-Q2SIBK3KE2NBEMJ4WVGJXAXCSCB77DUBUULVLZDKHQEV3WNDXBMA/libelektra/src/plugins/gopts/testmod_gopts.c:78: error in run_test: child process test failed
test singleopt
/home/jenkins/workspace/libelektra_master-Q2SIBK3KE2NBEMJ4WVGJXAXCSCB77DUBUULVLZDKHQEV3WNDXBMA/libelektra/src/plugins/gopts/testmod_gopts.c:78: error in run_test: child process test failed
test singleopt
/home/jenkins/workspace/libelektra_master-Q2SIBK3KE2NBEMJ4WVGJXAXCSCB77DUBUULVLZDKHQEV3WNDXBMA/libelektra/src/plugins/gopts/testmod_gopts.c:78: error in run_test: child process test failed
test singleenv
/home/jenkins/workspace/libelektra_master-Q2SIBK3KE2NBEMJ4WVGJXAXCSCB77DUBUULVLZDKHQEV3WNDXBMA/libelektra/src/plugins/gopts/testmod_gopts.c:78: error in run_test: child process test failed
test singleenv
/home/jenkins/workspace/libelektra_master-Q2SIBK3KE2NBEMJ4WVGJXAXCSCB77DUBUULVLZDKHQEV3WNDXBMA/libelektra/src/plugins/gopts/testmod_gopts.c:78: error in run_test: child process test failed
test singleenv
/home/jenkins/workspace/libelektra_master-Q2SIBK3KE2NBEMJ4WVGJXAXCSCB77DUBUULVLZDKHQEV3WNDXBMA/libelektra/src/plugins/gopts/testmod_gopts.c:78: error in run_test: child process test failed
test twoopt
/home/jenkins/workspace/libelektra_master-Q2SIBK3KE2NBEMJ4WVGJXAXCSCB77DUBUULVLZDKHQEV3WNDXBMA/libelektra/src/plugins/gopts/testmod_gopts.c:78: error in run_test: child process test failed
test twoopt
/home/jenkins/workspace/libelektra_master-Q2SIBK3KE2NBEMJ4WVGJXAXCSCB77DUBUULVLZDKHQEV3WNDXBMA/libelektra/src/plugins/gopts/testmod_gopts.c:78: error in run_test: child process test failed
test twoopt
/home/jenkins/workspace/libelektra_master-Q2SIBK3KE2NBEMJ4WVGJXAXCSCB77DUBUULVLZDKHQEV3WNDXBMA/libelektra/src/plugins/gopts/testmod_gopts.c:78: error in run_test: child process test failed
test twoopt
/home/jenkins/workspace/libelektra_master-Q2SIBK3KE2NBEMJ4WVGJXAXCSCB77DUBUULVLZDKHQEV3WNDXBMA/libelektra/src/plugins/gopts/testmod_gopts.c:78: error in run_test: child process test failed
test twoopt
/home/jenkins/workspace/libelektra_master-Q2SIBK3KE2NBEMJ4WVGJXAXCSCB77DUBUULVLZDKHQEV3WNDXBMA/libelektra/tests/cframework/tests.c:523: error in clean_temp_home: Could not delete TMPHOME via nftw
GOPTS     TESTS
==================

test empty
/home/jenkins/workspace/libelektra_master-Q2SIBK3KE2NBEMJ4WVGJXAXCSCB77DUBUULVLZDKHQEV3WNDXBMA/libelektra/src/plugins/gopts/testmod_gopts.c:78: error in run_test: child process test failed
test singleopt
/home/jenkins/workspace/libelektra_master-Q2SIBK3KE2NBEMJ4WVGJXAXCSCB77DUBUULVLZDKHQEV3WNDXBMA/libelektra/src/plugins/gopts/testmod_gopts.c:78: error in run_test: child process test failed
test singleopt
/home/jenkins/workspace/libelektra_master-Q2SIBK3KE2NBEMJ4WVGJXAXCSCB77DUBUULVLZDKHQEV3WNDXBMA/libelektra/src/plugins/gopts/testmod_gopts.c:78: error in run_test: child process test failed
test singleopt
/home/jenkins/workspace/libelektra_master-Q2SIBK3KE2NBEMJ4WVGJXAXCSCB77DUBUULVLZDKHQEV3WNDXBMA/libelektra/src/plugins/gopts/testmod_gopts.c:78: error in run_test: child process test failed
test singleopt
/home/jenkins/workspace/libelektra_master-Q2SIBK3KE2NBEMJ4WVGJXAXCSCB77DUBUULVLZDKHQEV3WNDXBMA/libelektra/src/plugins/gopts/testmod_gopts.c:78: error in run_test: child process test failed
test singleopt
/home/jenkins/workspace/libelektra_master-Q2SIBK3KE2NBEMJ4WVGJXAXCSCB77DUBUULVLZDKHQEV3WNDXBMA/libelektra/src/plugins/gopts/testmod_gopts.c:78: error in run_test: child process test failed
test singleopt
/home/jenkins/workspace/libelektra_master-Q2SIBK3KE2NBEMJ4WVGJXAXCSCB77DUBUULVLZDKHQEV3WNDXBMA/libelektra/src/plugins/gopts/testmod_gopts.c:78: error in run_test: child process test failed
test singleopt
/home/jenkins/workspace/libelektra_master-Q2SIBK3KE2NBEMJ4WVGJXAXCSCB77DUBUULVLZDKHQEV3WNDXBMA/libelektra/src/plugins/gopts/testmod_gopts.c:78: error in run_test: child process test failed
test singleopt
/home/jenkins/workspace/libelektra_master-Q2SIBK3KE2NBEMJ4WVGJXAXCSCB77DUBUULVLZDKHQEV3WNDXBMA/libelektra/src/plugins/gopts/testmod_gopts.c:78: error in run_test: child process test failed
test singleopt
/home/jenkins/workspace/libelektra_master-Q2SIBK3KE2NBEMJ4WVGJXAXCSCB77DUBUULVLZDKHQEV3WNDXBMA/libelektra/src/plugins/gopts/testmod_gopts.c:78: error in run_test: child process test failed
test singleopt
/home/jenkins/workspace/libelektra_master-Q2SIBK3KE2NBEMJ4WVGJXAXCSCB77DUBUULVLZDKHQEV3WNDXBMA/libelektra/src/plugins/gopts/testmod_gopts.c:78: error in run_test: child process test failed
test singleenv
/home/jenkins/workspace/libelektra_master-Q2SIBK3KE2NBEMJ4WVGJXAXCSCB77DUBUULVLZDKHQEV3WNDXBMA/libelektra/src/plugins/gopts/testmod_gopts.c:78: error in run_test: child process test failed
test singleenv
/home/jenkins/workspace/libelektra_master-Q2SIBK3KE2NBEMJ4WVGJXAXCSCB77DUBUULVLZDKHQEV3WNDXBMA/libelektra/src/plugins/gopts/testmod_gopts.c:78: error in run_test: child process test failed
test singleenv
/home/jenkins/workspace/libelektra_master-Q2SIBK3KE2NBEMJ4WVGJXAXCSCB77DUBUULVLZDKHQEV3WNDXBMA/libelektra/src/plugins/gopts/testmod_gopts.c:78: error in run_test: child process test failed
test twoopt
/home/jenkins/workspace/libelektra_master-Q2SIBK3KE2NBEMJ4WVGJXAXCSCB77DUBUULVLZDKHQEV3WNDXBMA/libelektra/src/plugins/gopts/testmod_gopts.c:78: error in run_test: child process test failed
test twoopt
/home/jenkins/workspace/libelektra_master-Q2SIBK3KE2NBEMJ4WVGJXAXCSCB77DUBUULVLZDKHQEV3WNDXBMA/libelektra/src/plugins/gopts/testmod_gopts.c:78: error in run_test: child process test failed
test twoopt
/home/jenkins/workspace/libelektra_master-Q2SIBK3KE2NBEMJ4WVGJXAXCSCB77DUBUULVLZDKHQEV3WNDXBMA/libelektra/src/plugins/gopts/testmod_gopts.c:78: error in run_test: child process test failed
test twoopt
/home/jenkins/workspace/libelektra_master-Q2SIBK3KE2NBEMJ4WVGJXAXCSCB77DUBUULVLZDKHQEV3WNDXBMA/libelektra/src/plugins/gopts/testmod_gopts.c:78: error in run_test: child process test failed
test twoopt
/home/jenkins/workspace/libelektra_master-Q2SIBK3KE2NBEMJ4WVGJXAXCSCB77DUBUULVLZDKHQEV3WNDXBMA/libelektra/src/plugins/gopts/testmod_gopts.c:78: error in run_test: child process test failed
test twoopt
/home/jenkins/workspace/libelektra_master-Q2SIBK3KE2NBEMJ4WVGJXAXCSCB77DUBUULVLZDKHQEV3WNDXBMA/libelektra/tests/cframework/tests.c:523: error in clean_temp_home: Could not delete TMPHOME via nftw
GOPTS     TESTS
==================

test empty
/home/jenkins/workspace/libelektra_master-Q2SIBK3KE2NBEMJ4WVGJXAXCSCB77DUBUULVLZDKHQEV3WNDXBMA/libelektra/src/plugins/gopts/testmod_gopts.c:78: error in run_test: child process test failed
test singleopt
/home/jenkins/workspace/libelektra_master-Q2SIBK3KE2NBEMJ4WVGJXAXCSCB77DUBUULVLZDKHQEV3WNDXBMA/libelektra/src/plugins/gopts/testmod_gopts.c:78: error in run_test: child process test failed
test singleopt
/home/jenkins/workspace/libelektra_master-Q2SIBK3KE2NBEMJ4WVGJXAXCSCB77DUBUULVLZDKHQEV3WNDXBMA/libelektra/src/plugins/gopts/testmod_gopts.c:78: error in run_test: child process test failed
test singleopt
/home/jenkins/workspace/libelektra_master-Q2SIBK3KE2NBEMJ4WVGJXAXCSCB77DUBUULVLZDKHQEV3WNDXBMA/libelektra/src/plugins/gopts/testmod_gopts.c:78: error in run_test: child process test failed
test singleopt
/home/jenkins/workspace/libelektra_master-Q2SIBK3KE2NBEMJ4WVGJXAXCSCB77DUBUULVLZDKHQEV3WNDXBMA/libelektra/src/plugins/gopts/testmod_gopts.c:78: error in run_test: child process test failed
test singleopt
/home/jenkins/workspace/libelektra_master-Q2SIBK3KE2NBEMJ4WVGJXAXCSCB77DUBUULVLZDKHQEV3WNDXBMA/libelektra/src/plugins/gopts/testmod_gopts.c:78: error in run_test: child process test failed
test singleopt
/home/jenkins/workspace/libelektra_master-Q2SIBK3KE2NBEMJ4WVGJXAXCSCB77DUBUULVLZDKHQEV3WNDXBMA/libelektra/src/plugins/gopts/testmod_gopts.c:78: error in run_test: child process test failed
test singleopt
/home/jenkins/workspace/libelektra_master-Q2SIBK3KE2NBEMJ4WVGJXAXCSCB77DUBUULVLZDKHQEV3WNDXBMA/libelektra/src/plugins/gopts/testmod_gopts.c:78: error in run_test: child process test failed
test singleopt
/home/jenkins/workspace/libelektra_master-Q2SIBK3KE2NBEMJ4WVGJXAXCSCB77DUBUULVLZDKHQEV3WNDXBMA/libelektra/src/plugins/gopts/testmod_gopts.c:78: error in run_test: child process test failed
test singleopt
/home/jenkins/workspace/libelektra_master-Q2SIBK3KE2NBEMJ4WVGJXAXCSCB77DUBUULVLZDKHQEV3WNDXBMA/libelektra/src/plugins/gopts/testmod_gopts.c:78: error in run_test: child process test failed
test singleopt
/home/jenkins/workspace/libelektra_master-Q2SIBK3KE2NBEMJ4WVGJXAXCSCB77DUBUULVLZDKHQEV3WNDXBMA/libelektra/src/plugins/gopts/testmod_gopts.c:78: error in run_test: child process test failed
test singleenv
/home/jenkins/workspace/libelektra_master-Q2SIBK3KE2NBEMJ4WVGJXAXCSCB77DUBUULVLZDKHQEV3WNDXBMA/libelektra/src/plugins/gopts/testmod_gopts.c:78: error in run_test: child process test failed
test singleenv
/home/jenkins/workspace/libelektra_master-Q2SIBK3KE2NBEMJ4WVGJXAXCSCB77DUBUULVLZDKHQEV3WNDXBMA/libelektra/src/plugins/gopts/testmod_gopts.c:78: error in run_test: child process test failed
test singleenv
/home/jenkins/workspace/libelektra_master-Q2SIBK3KE2NBEMJ4WVGJXAXCSCB77DUBUULVLZDKHQEV3WNDXBMA/libelektra/src/plugins/gopts/testmod_gopts.c:78: error in run_test: child process test failed
test twoopt
/home/jenkins/workspace/libelektra_master-Q2SIBK3KE2NBEMJ4WVGJXAXCSCB77DUBUULVLZDKHQEV3WNDXBMA/libelektra/src/plugins/gopts/testmod_gopts.c:78: error in run_test: child process test failed
test twoopt
/home/jenkins/workspace/libelektra_master-Q2SIBK3KE2NBEMJ4WVGJXAXCSCB77DUBUULVLZDKHQEV3WNDXBMA/libelektra/src/plugins/gopts/testmod_gopts.c:78: error in run_test: child process test failed
test twoopt
/home/jenkins/workspace/libelektra_master-Q2SIBK3KE2NBEMJ4WVGJXAXCSCB77DUBUULVLZDKHQEV3WNDXBMA/libelektra/src/plugins/gopts/testmod_gopts.c:78: error in run_test: child process test failed
test twoopt
/home/jenkins/workspace/libelektra_master-Q2SIBK3KE2NBEMJ4WVGJXAXCSCB77DUBUULVLZDKHQEV3WNDXBMA/libelektra/src/plugins/gopts/testmod_gopts.c:78: error in run_test: child process test failed
test twoopt
/home/jenkins/workspace/libelektra_master-Q2SIBK3KE2NBEMJ4WVGJXAXCSCB77DUBUULVLZDKHQEV3WNDXBMA/libelektra/src/plugins/gopts/testmod_gopts.c:78: error in run_test: child process test failed
test twoopt
/home/jenkins/workspace/libelektra_master-Q2SIBK3KE2NBEMJ4WVGJXAXCSCB77DUBUULVLZDKHQEV3WNDXBMA/libelektra/src/plugins/gopts/testmod_gopts.c:78: error in run_test: child process test failed
test twoopt
/home/jenkins/workspace/libelektra_master-Q2SIBK3KE2NBEMJ4WVGJXAXCSCB77DUBUULVLZDKHQEV3WNDXBMA/libelektra/tests/cframework/tests.c:523: error in clean_temp_home: Could not delete TMPHOME via nftw
st twoopt
/home/jenkins/workspace/libelektra_master-Q2SIBK3KE2NBEMJ4WVGJXAXCSCB77DUBUULVLZDKHQEV3WNDXBMA/libelektra/src/plugins/gopts/testmod_gopts.c:78: error in run_test: child process test failed
test twoopt
/home/jenkins/workspace/libelektra_master-Q2SIBK3KE2NBEMJ4WVGJXAXCSCB77DUBUULVLZDKHQEV3WNDXBMA/libelektra/tests/cframework/tests.c:523: error in clean_temp_home: Could not delete TMPHOME via nftw
st twoopt
/home/jenkins/workspace/libelektra_master-Q2SIBK3KE2NBEMJ4WVGJXAXCSCB77DUBUULVLZDKHQEV3WNDXBMA/libelektra/src/plugins/gopts/testmod_gopts.c:78: error in run_test: child process test failed
test twoopt
/home/jenkins/workspace/libelektra_master-Q2SIBK3KE2NBEMJ4WVGJXAXCSCB77DUBUULVLZDKHQEV3WNDXBMA/libelektra/src/plugins/gopts/testmod_gopts.c:78: error in run_test: child process test failed
test twoopt
/home/jenkins/workspace/libelektra_master-Q2SIBK3KE2NBEMJ4WVGJXAXCSCB77DUBUULVLZDKHQEV3WNDXBMA/libelektra/tests/cframework/tests.c:523: error in clean_temp_home: Could not delete TMPHOME via nftw
st twoopt
/home/jenkins/workspace/libelektra_master-Q2SIBK3KE2NBEMJ4WVGJXAXCSCB77DUBUULVLZDKHQEV3WNDXBMA/libelektra/src/plugins/gopts/testmod_gopts.c:78: error in run_test: child process test failed
test twoopt
/home/jenkins/workspace/libelektra_master-Q2SIBK3KE2NBEMJ4WVGJXAXCSCB77DUBUULVLZDKHQEV3WNDXBMA/libelektra/src/plugins/gopts/testmod_gopts.c:78: error in run_test: child process test failed
test twoopt
/home/jenkins/workspace/libelektra_master-Q2SIBK3KE2NBEMJ4WVGJXAXCSCB77DUBUULVLZDKHQEV3WNDXBMA/libelektra/src/plugins/gopts/testmod_gopts.c:78: error in run_test: child process test failed
test twoopt
/home/jenkins/workspace/libelektra_master-Q2SIBK3KE2NBEMJ4WVGJXAXCSCB77DUBUULVLZDKHQEV3WNDXBMA/libelektra/tests/cframework/tests.c:523: error in clean_temp_home: Could not delete TMPHOME via nftw
st twoopt
/home/jenkins/workspace/libelektra_master-Q2SIBK3KE2NBEMJ4WVGJXAXCSCB77DUBUULVLZDKHQEV3WNDXBMA/libelektra/src/plugins/gopts/testmod_gopts.c:78: error in run_test: child process test failed
test twoopt
/home/jenkins/workspace/libelektra_master-Q2SIBK3KE2NBEMJ4WVGJXAXCSCB77DUBUULVLZDKHQEV3WNDXBMA/libelektra/src/plugins/gopts/testmod_gopts.c:78: error in run_test: child process test failed
test twoopt
/home/jenkins/workspace/libelektra_master-Q2SIBK3KE2NBEMJ4WVGJXAXCSCB77DUBUULVLZDKHQEV3WNDXBMA/libelektra/src/plugins/gopts/testmod_gopts.c:78: error in run_test: child process test failed
test twoopt
/home/jenkins/workspace/libelektra_master-Q2SIBK3KE2NBEMJ4WVGJXAXCSCB77DUBUULVLZDKHQEV3WNDXBMA/libelektra/src/plugins/gopts/testmod_gopts.c:78: error in run_test: child process test failed
test twoopt
/home/jenkins/workspace/libelektra_master-Q2SIBK3KE2NBEMJ4WVGJXAXCSCB77DUBUULVLZDKHQEV3WNDXBMA/libelektra/tests/cframework/tests.c:523: error in clean_temp_home: Could not delete TMPHOME via nftw
st twoopt
/home/jenkins/workspace/libelektra_master-Q2SIBK3KE2NBEMJ4WVGJXAXCSCB77DUBUULVLZDKHQEV3WNDXBMA/libelektra/src/plugins/gopts/testmod_gopts.c:78: error in run_test: child process test failed
test twoopt
/home/jenkins/workspace/libelektra_master-Q2SIBK3KE2NBEMJ4WVGJXAXCSCB77DUBUULVLZDKHQEV3WNDXBMA/libelektra/src/plugins/gopts/testmod_gopts.c:78: error in run_test: child process test failed
test twoopt
/home/jenkins/workspace/libelektra_master-Q2SIBK3KE2NBEMJ4WVGJXAXCSCB77DUBUULVLZDKHQEV3WNDXBMA/libelektra/src/plugins/gopts/testmod_gopts.c:78: error in run_test: child process test failed
test twoopt
/home/jenkins/workspace/libelektra_master-Q2SIBK3KE2NBEMJ4WVGJXAXCSCB77DUBUULVLZDKHQEV3WNDXBMA/libelektra/src/plugins/gopts/testmod_gopts.c:78: error in run_test: child process test failed
test twoopt
/home/jenkins/workspace/libelektra_master-Q2SIBK3KE2NBEMJ4WVGJXAXCSCB77DUBUULVLZDKHQEV3WNDXBMA/libelektra/src/plugins/gopts/testmod_gopts.c:78: error in run_test: child process test failed
test twoopt
/home/jenkins/workspace/libelektra_master-Q2SIBK3KE2NBEMJ4WVGJXAXCSCB77DUBUULVLZDKHQEV3WNDXBMA/libelektra/tests/cframework/tests.c:523: error in clean_temp_home: Could not delete TMPHOME via nftw
st twoopt
/home/jenkins/workspace/libelektra_master-Q2SIBK3KE2NBEMJ4WVGJXAXCSCB77DUBUULVLZDKHQEV3WNDXBMA/libelektra/src/plugins/gopts/testmod_gopts.c:78: error in run_test: child process test failed
test twoopt
/home/jenkins/workspace/libelektra_master-Q2SIBK3KE2NBEMJ4WVGJXAXCSCB77DUBUULVLZDKHQEV3WNDXBMA/libelektra/src/plugins/gopts/testmod_gopts.c:78: error in run_test: child process test failed
test twoopt
/home/jenkins/workspace/libelektra_master-Q2SIBK3KE2NBEMJ4WVGJXAXCSCB77DUBUULVLZDKHQEV3WNDXBMA/libelektra/src/plugins/gopts/testmod_gopts.c:78: error in run_test: child process test failed
test twoopt
/home/jenkins/workspace/libelektra_master-Q2SIBK3KE2NBEMJ4WVGJXAXCSCB77DUBUULVLZDKHQEV3WNDXBMA/libelektra/src/plugins/gopts/testmod_gopts.c:78: error in run_test: child process test failed
test twoopt
/home/jenkins/workspace/libelektra_master-Q2SIBK3KE2NBEMJ4WVGJXAXCSCB77DUBUULVLZDKHQEV3WNDXBMA/libelektra/src/plugins/gopts/testmod_gopts.c:78: error in run_test: child process test failed
test twoopt
/home/jenkins/workspace/libelektra_master-Q2SIBK3KE2NBEMJ4WVGJXAXCSCB77DUBUULVLZDKHQEV3WNDXBMA/libelektra/src/plugins/gopts/testmod_gopts.c:78: error in run_test: child process test failed
test twoopt
/home/jenkins/workspace/libelektra_master-Q2SIBK3KE2NBEMJ4WVGJXAXCSCB77DUBUULVLZDKHQEV3WNDXBMA/libelektra/tests/cframework/tests.c:523: error in clean_temp_home: Could not delete TMPHOME via nftw
st twoopt
/home/jenkins/workspace/libelektra_master-Q2SIBK3KE2NBEMJ4WVGJXAXCSCB77DUBUULVLZDKHQEV3WNDXBMA/libelektra/src/plugins/gopts/testmod_gopts.c:78: error in run_test: child process test failed
test twoopt
/home/jenkins/workspace/libelektra_master-Q2SIBK3KE2NBEMJ4WVGJXAXCSCB77DUBUULVLZDKHQEV3WNDXBMA/libelektra/src/plugins/gopts/testmod_gopts.c:78: error in run_test: child process test failed
test twoopt
/home/jenkins/workspace/libelektra_master-Q2SIBK3KE2NBEMJ4WVGJXAXCSCB77DUBUULVLZDKHQEV3WNDXBMA/libelektra/src/plugins/gopts/testmod_gopts.c:78: error in run_test: child process test failed
test twoopt
/home/jenkins/workspace/libelektra_master-Q2SIBK3KE2NBEMJ4WVGJXAXCSCB77DUBUULVLZDKHQEV3WNDXBMA/libelektra/src/plugins/gopts/testmod_gopts.c:78: error in run_test: child process test failed
test twoopt
/home/jenkins/workspace/libelektra_master-Q2SIBK3KE2NBEMJ4WVGJXAXCSCB77DUBUULVLZDKHQEV3WNDXBMA/libelektra/src/plugins/gopts/testmod_gopts.c:78: error in run_test: child process test failed
test twoopt
/home/jenkins/workspace/libelektra_master-Q2SIBK3KE2NBEMJ4WVGJXAXCSCB77DUBUULVLZDKHQEV3WNDXBMA/libelektra/src/plugins/gopts/testmod_gopts.c:78: error in run_test: child process test failed
test twoopt
/home/jenkins/workspace/libelektra_master-Q2SIBK3KE2NBEMJ4WVGJXAXCSCB77DUBUULVLZDKHQEV3WNDXBMA/libelektra/src/plugins/gopts/testmod_gopts.c:78: error in run_test: child process test failed
test twoopt
/home/jenkins/workspace/libelektra_master-Q2SIBK3KE2NBEMJ4WVGJXAXCSCB77DUBUULVLZDKHQEV3WNDXBMA/libelektra/tests/cframework/tests.c:523: error in clean_temp_home: Could not delete TMPHOME via nftw
st twoopt
/home/jenkins/workspace/libelektra_master-Q2SIBK3KE2NBEMJ4WVGJXAXCSCB77DUBUULVLZDKHQEV3WNDXBMA/libelektra/src/plugins/gopts/testmod_gopts.c:78: error in run_test: child process test failed
test twoopt
/home/jenkins/workspace/libelektra_master-Q2SIBK3KE2NBEMJ4WVGJXAXCSCB77DUBUULVLZDKHQEV3WNDXBMA/libelektra/src/plugins/gopts/testmod_gopts.c:78: error in run_test: child process test failed
test twoopt
/home/jenkins/workspace/libelektra_master-Q2SIBK3KE2NBEMJ4WVGJXAXCSCB77DUBUULVLZDKHQEV3WNDXBMA/libelektra/src/plugins/gopts/testmod_gopts.c:78: error in run_test: child process test failed
test twoopt
/home/jenkins/workspace/libelektra_master-Q2SIBK3KE2NBEMJ4WVGJXAXCSCB77DUBUULVLZDKHQEV3WNDXBMA/libelektra/src/plugins/gopts/testmod_gopts.c:78: error in run_test: child process test failed
test twoopt
/home/jenkins/workspace/libelektra_master-Q2SIBK3KE2NBEMJ4WVGJXAXCSCB77DUBUULVLZDKHQEV3WNDXBMA/libelektra/src/plugins/gopts/testmod_gopts.c:78: error in run_test: child process test failed
test twoopt
/home/jenkins/workspace/libelektra_master-Q2SIBK3KE2NBEMJ4WVGJXAXCSCB77DUBUULVLZDKHQEV3WNDXBMA/libelektra/src/plugins/gopts/testmod_gopts.c:78: error in run_test: child process test failed
test twoopt
/home/jenkins/workspace/libelektra_master-Q2SIBK3KE2NBEMJ4WVGJXAXCSCB77DUBUULVLZDKHQEV3WNDXBMA/libelektra/src/plugins/gopts/testmod_gopts.c:78: error in run_test: child process test failed
test twoopt
/home/jenkins/workspace/libelektra_master-Q2SIBK3KE2NBEMJ4WVGJXAXCSCB77DUBUULVLZDKHQEV3WNDXBMA/libelektra/src/plugins/gopts/testmod_gopts.c:78: error in run_test: child process test failed
test twoopt
/home/jenkins/workspace/libelektra_master-Q2SIBK3KE2NBEMJ4WVGJXAXCSCB77DUBUULVLZDKHQEV3WNDXBMA/libelektra/tests/cframework/tests.c:523: error in clean_temp_home: Could not delete TMPHOME via nftw
st twoopt
/home/jenkins/workspace/libelektra_master-Q2SIBK3KE2NBEMJ4WVGJXAXCSCB77DUBUULVLZDKHQEV3WNDXBMA/libelektra/src/plugins/gopts/testmod_gopts.c:78: error in run_test: child process test failed
test twoopt
/home/jenkins/workspace/libelektra_master-Q2SIBK3KE2NBEMJ4WVGJXAXCSCB77DUBUULVLZDKHQEV3WNDXBMA/libelektra/src/plugins/gopts/testmod_gopts.c:78: error in run_test: child process test failed
test twoopt
/home/jenkins/workspace/libelektra_master-Q2SIBK3KE2NBEMJ4WVGJXAXCSCB77DUBUULVLZDKHQEV3WNDXBMA/libelektra/src/plugins/gopts/testmod_gopts.c:78: error in run_test: child process test failed
test twoopt
/home/jenkins/workspace/libelektra_master-Q2SIBK3KE2NBEMJ4WVGJXAXCSCB77DUBUULVLZDKHQEV3WNDXBMA/libelektra/src/plugins/gopts/testmod_gopts.c:78: error in run_test: child process test failed
test twoopt
/home/jenkins/workspace/libelektra_master-Q2SIBK3KE2NBEMJ4WVGJXAXCSCB77DUBUULVLZDKHQEV3WNDXBMA/libelektra/src/plugins/gopts/testmod_gopts.c:78: error in run_test: child process test failed
test twoopt
/home/jenkins/workspace/libelektra_master-Q2SIBK3KE2NBEMJ4WVGJXAXCSCB77DUBUULVLZDKHQEV3WNDXBMA/libelektra/src/plugins/gopts/testmod_gopts.c:78: error in run_test: child process test failed
test twoopt
/home/jenkins/workspace/libelektra_master-Q2SIBK3KE2NBEMJ4WVGJXAXCSCB77DUBUULVLZDKHQEV3WNDXBMA/libelektra/src/plugins/gopts/testmod_gopts.c:78: error in run_test: child process test failed
test twoopt
/home/jenkins/workspace/libelektra_master-Q2SIBK3KE2NBEMJ4WVGJXAXCSCB77DUBUULVLZDKHQEV3WNDXBMA/libelektra/src/plugins/gopts/testmod_gopts.c:78: error in run_test: child process test failed
test twoopt
/home/jenkins/workspace/libelektra_master-Q2SIBK3KE2NBEMJ4WVGJXAXCSCB77DUBUULVLZDKHQEV3WNDXBMA/libelektra/src/plugins/gopts/testmod_gopts.c:78: error in run_test: child process test failed
test twoopt
/home/jenkins/workspace/libelektra_master-Q2SIBK3KE2NBEMJ4WVGJXAXCSCB77DUBUULVLZDKHQEV3WNDXBMA/libelektra/tests/cframework/tests.c:523: error in clean_temp_home: Could not delete TMPHOME via nftw
st twoopt
/home/jenkins/workspace/libelektra_master-Q2SIBK3KE2NBEMJ4WVGJXAXCSCB77DUBUULVLZDKHQEV3WNDXBMA/libelektra/src/plugins/gopts/testmod_gopts.c:78: error in run_test: child process test failed
test twoopt
/home/jenkins/workspace/libelektra_master-Q2SIBK3KE2NBEMJ4WVGJXAXCSCB77DUBUULVLZDKHQEV3WNDXBMA/libelektra/src/plugins/gopts/testmod_gopts.c:78: error in run_test: child process test failed
test twoopt
/home/jenkins/workspace/libelektra_master-Q2SIBK3KE2NBEMJ4WVGJXAXCSCB77DUBUULVLZDKHQEV3WNDXBMA/libelektra/src/plugins/gopts/testmod_gopts.c:78: error in run_test: child process test failed
test twoopt
/home/jenkins/workspace/libelektra_master-Q2SIBK3KE2NBEMJ4WVGJXAXCSCB77DUBUULVLZDKHQEV3WNDXBMA/libelektra/src/plugins/gopts/testmod_gopts.c:78: error in run_test: child process test failed
test twoopt
/home/jenkins/workspace/libelektra_master-Q2SIBK3KE2NBEMJ4WVGJXAXCSCB77DUBUULVLZDKHQEV3WNDXBMA/libelektra/src/plugins/gopts/testmod_gopts.c:78: error in run_test: child process test failed
test twoopt
/home/jenkins/workspace/libelektra_master-Q2SIBK3KE2NBEMJ4WVGJXAXCSCB77DUBUULVLZDKHQEV3WNDXBMA/libelektra/src/plugins/gopts/testmod_gopts.c:78: error in run_test: child process test failed
test twoopt
/home/jenkins/workspace/libelektra_master-Q2SIBK3KE2NBEMJ4WVGJXAXCSCB77DUBUULVLZDKHQEV3WNDXBMA/libelektra/src/plugins/gopts/testmod_gopts.c:78: error in run_test: child process test failed
test twoopt
/home/jenkins/workspace/libelektra_master-Q2SIBK3KE2NBEMJ4WVGJXAXCSCB77DUBUULVLZDKHQEV3WNDXBMA/libelektra/src/plugins/gopts/testmod_gopts.c:78: error in run_test: child process test failed
test twoopt
/home/jenkins/workspace/libelektra_master-Q2SIBK3KE2NBEMJ4WVGJXAXCSCB77DUBUULVLZDKHQEV3WNDXBMA/libelektra/src/plugins/gopts/testmod_gopts.c:78: error in run_test: child process test failed
test twoopt
/home/jenkins/workspace/libelektra_master-Q2SIBK3KE2NBEMJ4WVGJXAXCSCB77DUBUULVLZDKHQEV3WNDXBMA/libelektra/src/plugins/gopts/testmod_gopts.c:78: error in run_test: child process test failed
test twoopt
/home/jenkins/workspace/libelektra_master-Q2SIBK3KE2NBEMJ4WVGJXAXCSCB77DUBUULVLZDKHQEV3WNDXBMA/libelektra/tests/cframework/tests.c:523: error in clean_temp_home: Could not delete TMPHOME via nftw
st twoopt
/home/jenkins/workspace/libelektra_master-Q2SIBK3KE2NBEMJ4WVGJXAXCSCB77DUBUULVLZDKHQEV3WNDXBMA/libelektra/src/plugins/gopts/testmod_gopts.c:78: error in run_test: child process test failed
test twoopt
/home/jenkins/workspace/libelektra_master-Q2SIBK3KE2NBEMJ4WVGJXAXCSCB77DUBUULVLZDKHQEV3WNDXBMA/libelektra/src/plugins/gopts/testmod_gopts.c:78: error in run_test: child process test failed
test twoopt
/home/jenkins/workspace/libelektra_master-Q2SIBK3KE2NBEMJ4WVGJXAXCSCB77DUBUULVLZDKHQEV3WNDXBMA/libelektra/src/plugins/gopts/testmod_gopts.c:78: error in run_test: child process test failed
test twoopt
/home/jenkins/workspace/libelektra_master-Q2SIBK3KE2NBEMJ4WVGJXAXCSCB77DUBUULVLZDKHQEV3WNDXBMA/libelektra/src/plugins/gopts/testmod_gopts.c:78: error in run_test: child process test failed
test twoopt
/home/jenkins/workspace/libelektra_master-Q2SIBK3KE2NBEMJ4WVGJXAXCSCB77DUBUULVLZDKHQEV3WNDXBMA/libelektra/src/plugins/gopts/testmod_gopts.c:78: error in run_test: child process test failed
test twoopt
/home/jenkins/workspace/libelektra_master-Q2SIBK3KE2NBEMJ4WVGJXAXCSCB77DUBUULVLZDKHQEV3WNDXBMA/libelektra/src/plugins/gopts/testmod_gopts.c:78: error in run_test: child process test failed
test twoopt
/home/jenkins/workspace/libelektra_master-Q2SIBK3KE2NBEMJ4WVGJXAXCSCB77DUBUULVLZDKHQEV3WNDXBMA/libelektra/src/plugins/gopts/testmod_gopts.c:78: error in run_test: child process test failed
test twoopt
/home/jenkins/workspace/libelektra_master-Q2SIBK3KE2NBEMJ4WVGJXAXCSCB77DUBUULVLZDKHQEV3WNDXBMA/libelektra/src/plugins/gopts/testmod_gopts.c:78: error in run_test: child process test failed
test twoopt
/home/jenkins/workspace/libelektra_master-Q2SIBK3KE2NBEMJ4WVGJXAXCSCB77DUBUULVLZDKHQEV3WNDXBMA/libelektra/src/plugins/gopts/testmod_gopts.c:78: error in run_test: child process test failed
test twoopt
/home/jenkins/workspace/libelektra_master-Q2SIBK3KE2NBEMJ4WVGJXAXCSCB77DUBUULVLZDKHQEV3WNDXBMA/libelektra/src/plugins/gopts/testmod_gopts.c:78: error in run_test: child process test failed
test twoopt
/home/jenkins/workspace/libelektra_master-Q2SIBK3KE2NBEMJ4WVGJXAXCSCB77DUBUULVLZDKHQEV3WNDXBMA/libelektra/src/plugins/gopts/testmod_gopts.c:78: error in run_test: child process test failed
test twoopt
/home/jenkins/workspace/libelektra_master-Q2SIBK3KE2NBEMJ4WVGJXAXCSCB77DUBUULVLZDKHQEV3WNDXBMA/libelektra/tests/cframework/tests.c:523: error in clean_temp_home: Could not delete TMPHOME via nftw
st twoopt
/home/jenkins/workspace/libelektra_master-Q2SIBK3KE2NBEMJ4WVGJXAXCSCB77DUBUULVLZDKHQEV3WNDXBMA/libelektra/src/plugins/gopts/testmod_gopts.c:78: error in run_test: child process test failed
test twoopt
/home/jenkins/workspace/libelektra_master-Q2SIBK3KE2NBEMJ4WVGJXAXCSCB77DUBUULVLZDKHQEV3WNDXBMA/libelektra/src/plugins/gopts/testmod_gopts.c:78: error in run_test: child process test failed
test twoopt
/home/jenkins/workspace/libelektra_master-Q2SIBK3KE2NBEMJ4WVGJXAXCSCB77DUBUULVLZDKHQEV3WNDXBMA/libelektra/src/plugins/gopts/testmod_gopts.c:78: error in run_test: child process test failed
test twoopt
/home/jenkins/workspace/libelektra_master-Q2SIBK3KE2NBEMJ4WVGJXAXCSCB77DUBUULVLZDKHQEV3WNDXBMA/libelektra/src/plugins/gopts/testmod_gopts.c:78: error in run_test: child process test failed
test twoopt
/home/jenkins/workspace/libelektra_master-Q2SIBK3KE2NBEMJ4WVGJXAXCSCB77DUBUULVLZDKHQEV3WNDXBMA/libelektra/src/plugins/gopts/testmod_gopts.c:78: error in run_test: child process test failed
test twoopt
/home/jenkins/workspace/libelektra_master-Q2SIBK3KE2NBEMJ4WVGJXAXCSCB77DUBUULVLZDKHQEV3WNDXBMA/libelektra/src/plugins/gopts/testmod_gopts.c:78: error in run_test: child process test failed
test twoopt
/home/jenkins/workspace/libelektra_master-Q2SIBK3KE2NBEMJ4WVGJXAXCSCB77DUBUULVLZDKHQEV3WNDXBMA/libelektra/src/plugins/gopts/testmod_gopts.c:78: error in run_test: child process test failed
test twoopt
/home/jenkins/workspace/libelektra_master-Q2SIBK3KE2NBEMJ4WVGJXAXCSCB77DUBUULVLZDKHQEV3WNDXBMA/libelektra/src/plugins/gopts/testmod_gopts.c:78: error in run_test: child process test failed
test twoopt
/home/jenkins/workspace/libelektra_master-Q2SIBK3KE2NBEMJ4WVGJXAXCSCB77DUBUULVLZDKHQEV3WNDXBMA/libelektra/src/plugins/gopts/testmod_gopts.c:78: error in run_test: child process test failed
test twoopt
/home/jenkins/workspace/libelektra_master-Q2SIBK3KE2NBEMJ4WVGJXAXCSCB77DUBUULVLZDKHQEV3WNDXBMA/libelektra/src/plugins/gopts/testmod_gopts.c:78: error in run_test: child process test failed
test twoopt
/home/jenkins/workspace/libelektra_master-Q2SIBK3KE2NBEMJ4WVGJXAXCSCB77DUBUULVLZDKHQEV3WNDXBMA/libelektra/src/plugins/gopts/testmod_gopts.c:78: error in run_test: child process test failed
test twoopt
/home/jenkins/workspace/libelektra_master-Q2SIBK3KE2NBEMJ4WVGJXAXCSCB77DUBUULVLZDKHQEV3WNDXBMA/libelektra/src/plugins/gopts/testmod_gopts.c:78: error in run_test: child process test failed
test twoopt
/home/jenkins/workspace/libelektra_master-Q2SIBK3KE2NBEMJ4WVGJXAXCSCB77DUBUULVLZDKHQEV3WNDXBMA/libelektra/tests/cframework/tests.c:523: error in clean_temp_home: Could not delete TMPHOME via nftw
st twoopt
/home/jenkins/workspace/libelektra_master-Q2SIBK3KE2NBEMJ4WVGJXAXCSCB77DUBUULVLZDKHQEV3WNDXBMA/libelektra/src/plugins/gopts/testmod_gopts.c:78: error in run_test: child process test failed
test twoopt
/home/jenkins/workspace/libelektra_master-Q2SIBK3KE2NBEMJ4WVGJXAXCSCB77DUBUULVLZDKHQEV3WNDXBMA/libelektra/src/plugins/gopts/testmod_gopts.c:78: error in run_test: child process test failed
test twoopt
/home/jenkins/workspace/libelektra_master-Q2SIBK3KE2NBEMJ4WVGJXAXCSCB77DUBUULVLZDKHQEV3WNDXBMA/libelektra/src/plugins/gopts/testmod_gopts.c:78: error in run_test: child process test failed
test twoopt
/home/jenkins/workspace/libelektra_master-Q2SIBK3KE2NBEMJ4WVGJXAXCSCB77DUBUULVLZDKHQEV3WNDXBMA/libelektra/src/plugins/gopts/testmod_gopts.c:78: error in run_test: child process test failed
test twoopt
/home/jenkins/workspace/libelektra_master-Q2SIBK3KE2NBEMJ4WVGJXAXCSCB77DUBUULVLZDKHQEV3WNDXBMA/libelektra/src/plugins/gopts/testmod_gopts.c:78: error in run_test: child process test failed
test twoopt
/home/jenkins/workspace/libelektra_master-Q2SIBK3KE2NBEMJ4WVGJXAXCSCB77DUBUULVLZDKHQEV3WNDXBMA/libelektra/src/plugins/gopts/testmod_gopts.c:78: error in run_test: child process test failed
test twoopt
/home/jenkins/workspace/libelektra_master-Q2SIBK3KE2NBEMJ4WVGJXAXCSCB77DUBUULVLZDKHQEV3WNDXBMA/libelektra/src/plugins/gopts/testmod_gopts.c:78: error in run_test: child process test failed
test twoopt
/home/jenkins/workspace/libelektra_master-Q2SIBK3KE2NBEMJ4WVGJXAXCSCB77DUBUULVLZDKHQEV3WNDXBMA/libelektra/src/plugins/gopts/testmod_gopts.c:78: error in run_test: child process test failed
test twoopt
/home/jenkins/workspace/libelektra_master-Q2SIBK3KE2NBEMJ4WVGJXAXCSCB77DUBUULVLZDKHQEV3WNDXBMA/libelektra/src/plugins/gopts/testmod_gopts.c:78: error in run_test: child process test failed
test twoopt
/home/jenkins/workspace/libelektra_master-Q2SIBK3KE2NBEMJ4WVGJXAXCSCB77DUBUULVLZDKHQEV3WNDXBMA/libelektra/src/plugins/gopts/testmod_gopts.c:78: error in run_test: child process test failed
test twoopt
/home/jenkins/workspace/libelektra_master-Q2SIBK3KE2NBEMJ4WVGJXAXCSCB77DUBUULVLZDKHQEV3WNDXBMA/libelektra/src/plugins/gopts/testmod_gopts.c:78: error in run_test: child process test failed
test twoopt
/home/jenkins/workspace/libelektra_master-Q2SIBK3KE2NBEMJ4WVGJXAXCSCB77DUBUULVLZDKHQEV3WNDXBMA/libelektra/src/plugins/gopts/testmod_gopts.c:78: error in run_test: child process test failed
test twoopt
/home/jenkins/workspace/libelektra_master-Q2SIBK3KE2NBEMJ4WVGJXAXCSCB77DUBUULVLZDKHQEV3WNDXBMA/libelektra/src/plugins/gopts/testmod_gopts.c:78: error in run_test: child process test failed
test twoopt
/home/jenkins/workspace/libelektra_master-Q2SIBK3KE2NBEMJ4WVGJXAXCSCB77DUBUULVLZDKHQEV3WNDXBMA/libelektra/tests/cframework/tests.c:523: error in clean_temp_home: Could not delete TMPHOME via nftw
st twoopt
/home/jenkins/workspace/libelektra_master-Q2SIBK3KE2NBEMJ4WVGJXAXCSCB77DUBUULVLZDKHQEV3WNDXBMA/libelektra/src/plugins/gopts/testmod_gopts.c:78: error in run_test: child process test failed
test twoopt
/home/jenkins/workspace/libelektra_master-Q2SIBK3KE2NBEMJ4WVGJXAXCSCB77DUBUULVLZDKHQEV3WNDXBMA/libelektra/src/plugins/gopts/testmod_gopts.c:78: error in run_test: child process test failed
test twoopt
/home/jenkins/workspace/libelektra_master-Q2SIBK3KE2NBEMJ4WVGJXAXCSCB77DUBUULVLZDKHQEV3WNDXBMA/libelektra/src/plugins/gopts/testmod_gopts.c:78: error in run_test: child process test failed
test twoopt
/home/jenkins/workspace/libelektra_master-Q2SIBK3KE2NBEMJ4WVGJXAXCSCB77DUBUULVLZDKHQEV3WNDXBMA/libelektra/src/plugins/gopts/testmod_gopts.c:78: error in run_test: child process test failed
test twoopt
/home/jenkins/workspace/libelektra_master-Q2SIBK3KE2NBEMJ4WVGJXAXCSCB77DUBUULVLZDKHQEV3WNDXBMA/libelektra/src/plugins/gopts/testmod_gopts.c:78: error in run_test: child process test failed
test twoopt
/home/jenkins/workspace/libelektra_master-Q2SIBK3KE2NBEMJ4WVGJXAXCSCB77DUBUULVLZDKHQEV3WNDXBMA/libelektra/src/plugins/gopts/testmod_gopts.c:78: error in run_test: child process test failed
test twoopt
/home/jenkins/workspace/libelektra_master-Q2SIBK3KE2NBEMJ4WVGJXAXCSCB77DUBUULVLZDKHQEV3WNDXBMA/libelektra/src/plugins/gopts/testmod_gopts.c:78: error in run_test: child process test failed
test twoopt
/home/jenkins/workspace/libelektra_master-Q2SIBK3KE2NBEMJ4WVGJXAXCSCB77DUBUULVLZDKHQEV3WNDXBMA/libelektra/src/plugins/gopts/testmod_gopts.c:78: error in run_test: child process test failed
test twoopt
/home/jenkins/workspace/libelektra_master-Q2SIBK3KE2NBEMJ4WVGJXAXCSCB77DUBUULVLZDKHQEV3WNDXBMA/libelektra/src/plugins/gopts/testmod_gopts.c:78: error in run_test: child process test failed
test twoopt
/home/jenkins/workspace/libelektra_master-Q2SIBK3KE2NBEMJ4WVGJXAXCSCB77DUBUULVLZDKHQEV3WNDXBMA/libelektra/src/plugins/gopts/testmod_gopts.c:78: error in run_test: child process test failed
test twoopt
/home/jenkins/workspace/libelektra_master-Q2SIBK3KE2NBEMJ4WVGJXAXCSCB77DUBUULVLZDKHQEV3WNDXBMA/libelektra/src/plugins/gopts/testmod_gopts.c:78: error in run_test: child process test failed
test twoopt
/home/jenkins/workspace/libelektra_master-Q2SIBK3KE2NBEMJ4WVGJXAXCSCB77DUBUULVLZDKHQEV3WNDXBMA/libelektra/src/plugins/gopts/testmod_gopts.c:78: error in run_test: child process test failed
test twoopt
/home/jenkins/workspace/libelektra_master-Q2SIBK3KE2NBEMJ4WVGJXAXCSCB77DUBUULVLZDKHQEV3WNDXBMA/libelektra/src/plugins/gopts/testmod_gopts.c:78: error in run_test: child process test failed
test twoopt
/home/jenkins/workspace/libelektra_master-Q2SIBK3KE2NBEMJ4WVGJXAXCSCB77DUBUULVLZDKHQEV3WNDXBMA/libelektra/src/plugins/gopts/testmod_gopts.c:78: error in run_test: child process test failed
test twoopt
/home/jenkins/workspace/libelektra_master-Q2SIBK3KE2NBEMJ4WVGJXAXCSCB77DUBUULVLZDKHQEV3WNDXBMA/libelektra/tests/cframework/tests.c:523: error in clean_temp_home: Could not delete TMPHOME via nftw
st twoopt
/home/jenkins/workspace/libelektra_master-Q2SIBK3KE2NBEMJ4WVGJXAXCSCB77DUBUULVLZDKHQEV3WNDXBMA/libelektra/src/plugins/gopts/testmod_gopts.c:78: error in run_test: child process test failed
test twoopt
/home/jenkins/workspace/libelektra_master-Q2SIBK3KE2NBEMJ4WVGJXAXCSCB77DUBUULVLZDKHQEV3WNDXBMA/libelektra/src/plugins/gopts/testmod_gopts.c:78: error in run_test: child process test failed
test twoopt
/home/jenkins/workspace/libelektra_master-Q2SIBK3KE2NBEMJ4WVGJXAXCSCB77DUBUULVLZDKHQEV3WNDXBMA/libelektra/src/plugins/gopts/testmod_gopts.c:78: error in run_test: child process test failed
test twoopt
/home/jenkins/workspace/libelektra_master-Q2SIBK3KE2NBEMJ4WVGJXAXCSCB77DUBUULVLZDKHQEV3WNDXBMA/libelektra/src/plugins/gopts/testmod_gopts.c:78: error in run_test: child process test failed
test twoopt
/home/jenkins/workspace/libelektra_master-Q2SIBK3KE2NBEMJ4WVGJXAXCSCB77DUBUULVLZDKHQEV3WNDXBMA/libelektra/src/plugins/gopts/testmod_gopts.c:78: error in run_test: child process test failed
test twoopt
/home/jenkins/workspace/libelektra_master-Q2SIBK3KE2NBEMJ4WVGJXAXCSCB77DUBUULVLZDKHQEV3WNDXBMA/libelektra/src/plugins/gopts/testmod_gopts.c:78: error in run_test: child process test failed
test twoopt
/home/jenkins/workspace/libelektra_master-Q2SIBK3KE2NBEMJ4WVGJXAXCSCB77DUBUULVLZDKHQEV3WNDXBMA/libelektra/src/plugins/gopts/testmod_gopts.c:78: error in run_test: child process test failed
test twoopt
/home/jenkins/workspace/libelektra_master-Q2SIBK3KE2NBEMJ4WVGJXAXCSCB77DUBUULVLZDKHQEV3WNDXBMA/libelektra/src/plugins/gopts/testmod_gopts.c:78: error in run_test: child process test failed
test twoopt
/home/jenkins/workspace/libelektra_master-Q2SIBK3KE2NBEMJ4WVGJXAXCSCB77DUBUULVLZDKHQEV3WNDXBMA/libelektra/src/plugins/gopts/testmod_gopts.c:78: error in run_test: child process test failed
test twoopt
/home/jenkins/workspace/libelektra_master-Q2SIBK3KE2NBEMJ4WVGJXAXCSCB77DUBUULVLZDKHQEV3WNDXBMA/libelektra/src/plugins/gopts/testmod_gopts.c:78: error in run_test: child process test failed
test twoopt
/home/jenkins/workspace/libelektra_master-Q2SIBK3KE2NBEMJ4WVGJXAXCSCB77DUBUULVLZDKHQEV3WNDXBMA/libelektra/src/plugins/gopts/testmod_gopts.c:78: error in run_test: child process test failed
test twoopt
/home/jenkins/workspace/libelektra_master-Q2SIBK3KE2NBEMJ4WVGJXAXCSCB77DUBUULVLZDKHQEV3WNDXBMA/libelektra/src/plugins/gopts/testmod_gopts.c:78: error in run_test: child process test failed
test twoopt
/home/jenkins/workspace/libelektra_master-Q2SIBK3KE2NBEMJ4WVGJXAXCSCB77DUBUULVLZDKHQEV3WNDXBMA/libelektra/src/plugins/gopts/testmod_gopts.c:78: error in run_test: child process test failed
test twoopt
/home/jenkins/workspace/libelektra_master-Q2SIBK3KE2NBEMJ4WVGJXAXCSCB77DUBUULVLZDKHQEV3WNDXBMA/libelektra/src/plugins/gopts/testmod_gopts.c:78: error in run_test: child process test failed
test twoopt
/home/jenkins/workspace/libelektra_master-Q2SIBK3KE2NBEMJ4WVGJXAXCSCB77DUBUULVLZDKHQEV3WNDXBMA/libelektra/src/plugins/gopts/testmod_gopts.c:78: error in run_test: child process test failed
test twoenv
/home/jenkins/workspace/libelektra_master-Q2SIBK3KE2NBEMJ4WVGJXAXCSCB77DUBUULVLZDKHQEV3WNDXBMA/libelektra/tests/cframework/tests.c:523: error in clean_temp_home: Could not delete TMPHOME via nftw
st twoopt
/home/jenkins/workspace/libelektra_master-Q2SIBK3KE2NBEMJ4WVGJXAXCSCB77DUBUULVLZDKHQEV3WNDXBMA/libelektra/src/plugins/gopts/testmod_gopts.c:78: error in run_test: child process test failed
test twoopt
/home/jenkins/workspace/libelektra_master-Q2SIBK3KE2NBEMJ4WVGJXAXCSCB77DUBUULVLZDKHQEV3WNDXBMA/libelektra/src/plugins/gopts/testmod_gopts.c:78: error in run_test: child process test failed
test twoopt
/home/jenkins/workspace/libelektra_master-Q2SIBK3KE2NBEMJ4WVGJXAXCSCB77DUBUULVLZDKHQEV3WNDXBMA/libelektra/src/plugins/gopts/testmod_gopts.c:78: error in run_test: child process test failed
test twoopt
/home/jenkins/workspace/libelektra_master-Q2SIBK3KE2NBEMJ4WVGJXAXCSCB77DUBUULVLZDKHQEV3WNDXBMA/libelektra/src/plugins/gopts/testmod_gopts.c:78: error in run_test: child process test failed
test twoopt
/home/jenkins/workspace/libelektra_master-Q2SIBK3KE2NBEMJ4WVGJXAXCSCB77DUBUULVLZDKHQEV3WNDXBMA/libelektra/src/plugins/gopts/testmod_gopts.c:78: error in run_test: child process test failed
test twoopt
/home/jenkins/workspace/libelektra_master-Q2SIBK3KE2NBEMJ4WVGJXAXCSCB77DUBUULVLZDKHQEV3WNDXBMA/libelektra/src/plugins/gopts/testmod_gopts.c:78: error in run_test: child process test failed
test twoopt
/home/jenkins/workspace/libelektra_master-Q2SIBK3KE2NBEMJ4WVGJXAXCSCB77DUBUULVLZDKHQEV3WNDXBMA/libelektra/src/plugins/gopts/testmod_gopts.c:78: error in run_test: child process test failed
test twoopt
/home/jenkins/workspace/libelektra_master-Q2SIBK3KE2NBEMJ4WVGJXAXCSCB77DUBUULVLZDKHQEV3WNDXBMA/libelektra/src/plugins/gopts/testmod_gopts.c:78: error in run_test: child process test failed
test twoopt
/home/jenkins/workspace/libelektra_master-Q2SIBK3KE2NBEMJ4WVGJXAXCSCB77DUBUULVLZDKHQEV3WNDXBMA/libelektra/src/plugins/gopts/testmod_gopts.c:78: error in run_test: child process test failed
test twoopt
/home/jenkins/workspace/libelektra_master-Q2SIBK3KE2NBEMJ4WVGJXAXCSCB77DUBUULVLZDKHQEV3WNDXBMA/libelektra/src/plugins/gopts/testmod_gopts.c:78: error in run_test: child process test failed
test twoopt
/home/jenkins/workspace/libelektra_master-Q2SIBK3KE2NBEMJ4WVGJXAXCSCB77DUBUULVLZDKHQEV3WNDXBMA/libelektra/src/plugins/gopts/testmod_gopts.c:78: error in run_test: child process test failed
test twoopt
/home/jenkins/workspace/libelektra_master-Q2SIBK3KE2NBEMJ4WVGJXAXCSCB77DUBUULVLZDKHQEV3WNDXBMA/libelektra/src/plugins/gopts/testmod_gopts.c:78: error in run_test: child process test failed
test twoopt
/home/jenkins/workspace/libelektra_master-Q2SIBK3KE2NBEMJ4WVGJXAXCSCB77DUBUULVLZDKHQEV3WNDXBMA/libelektra/src/plugins/gopts/testmod_gopts.c:78: error in run_test: child process test failed
test twoopt
/home/jenkins/workspace/libelektra_master-Q2SIBK3KE2NBEMJ4WVGJXAXCSCB77DUBUULVLZDKHQEV3WNDXBMA/libelektra/src/plugins/gopts/testmod_gopts.c:78: error in run_test: child process test failed
test twoopt
/home/jenkins/workspace/libelektra_master-Q2SIBK3KE2NBEMJ4WVGJXAXCSCB77DUBUULVLZDKHQEV3WNDXBMA/libelektra/src/plugins/gopts/testmod_gopts.c:78: error in run_test: child process test failed
test twoenv
/home/jenkins/workspace/libelektra_master-Q2SIBK3KE2NBEMJ4WVGJXAXCSCB77DUBUULVLZDKHQEV3WNDXBMA/libelektra/src/plugins/gopts/testmod_gopts.c:78: error in run_test: child process test failed
test twoenv
/home/jenkins/workspace/libelektra_master-Q2SIBK3KE2NBEMJ4WVGJXAXCSCB77DUBUULVLZDKHQEV3WNDXBMA/libelektra/tests/cframework/tests.c:523: error in clean_temp_home: Could not delete TMPHOME via nftw
st twoopt
/home/jenkins/workspace/libelektra_master-Q2SIBK3KE2NBEMJ4WVGJXAXCSCB77DUBUULVLZDKHQEV3WNDXBMA/libelektra/src/plugins/gopts/testmod_gopts.c:78: error in run_test: child process test failed
test twoopt
/home/jenkins/workspace/libelektra_master-Q2SIBK3KE2NBEMJ4WVGJXAXCSCB77DUBUULVLZDKHQEV3WNDXBMA/libelektra/src/plugins/gopts/testmod_gopts.c:78: error in run_test: child process test failed
test twoopt
/home/jenkins/workspace/libelektra_master-Q2SIBK3KE2NBEMJ4WVGJXAXCSCB77DUBUULVLZDKHQEV3WNDXBMA/libelektra/src/plugins/gopts/testmod_gopts.c:78: error in run_test: child process test failed
test twoopt
/home/jenkins/workspace/libelektra_master-Q2SIBK3KE2NBEMJ4WVGJXAXCSCB77DUBUULVLZDKHQEV3WNDXBMA/libelektra/src/plugins/gopts/testmod_gopts.c:78: error in run_test: child process test failed
test twoopt
/home/jenkins/workspace/libelektra_master-Q2SIBK3KE2NBEMJ4WVGJXAXCSCB77DUBUULVLZDKHQEV3WNDXBMA/libelektra/src/plugins/gopts/testmod_gopts.c:78: error in run_test: child process test failed
test twoopt
/home/jenkins/workspace/libelektra_master-Q2SIBK3KE2NBEMJ4WVGJXAXCSCB77DUBUULVLZDKHQEV3WNDXBMA/libelektra/src/plugins/gopts/testmod_gopts.c:78: error in run_test: child process test failed
test twoopt
/home/jenkins/workspace/libelektra_master-Q2SIBK3KE2NBEMJ4WVGJXAXCSCB77DUBUULVLZDKHQEV3WNDXBMA/libelektra/src/plugins/gopts/testmod_gopts.c:78: error in run_test: child process test failed
test twoopt
/home/jenkins/workspace/libelektra_master-Q2SIBK3KE2NBEMJ4WVGJXAXCSCB77DUBUULVLZDKHQEV3WNDXBMA/libelektra/src/plugins/gopts/testmod_gopts.c:78: error in run_test: child process test failed
test twoopt
/home/jenkins/workspace/libelektra_master-Q2SIBK3KE2NBEMJ4WVGJXAXCSCB77DUBUULVLZDKHQEV3WNDXBMA/libelektra/src/plugins/gopts/testmod_gopts.c:78: error in run_test: child process test failed
test twoopt
/home/jenkins/workspace/libelektra_master-Q2SIBK3KE2NBEMJ4WVGJXAXCSCB77DUBUULVLZDKHQEV3WNDXBMA/libelektra/src/plugins/gopts/testmod_gopts.c:78: error in run_test: child process test failed
test twoopt
/home/jenkins/workspace/libelektra_master-Q2SIBK3KE2NBEMJ4WVGJXAXCSCB77DUBUULVLZDKHQEV3WNDXBMA/libelektra/src/plugins/gopts/testmod_gopts.c:78: error in run_test: child process test failed
test twoopt
/home/jenkins/workspace/libelektra_master-Q2SIBK3KE2NBEMJ4WVGJXAXCSCB77DUBUULVLZDKHQEV3WNDXBMA/libelektra/src/plugins/gopts/testmod_gopts.c:78: error in run_test: child process test failed
test twoopt
/home/jenkins/workspace/libelektra_master-Q2SIBK3KE2NBEMJ4WVGJXAXCSCB77DUBUULVLZDKHQEV3WNDXBMA/libelektra/src/plugins/gopts/testmod_gopts.c:78: error in run_test: child process test failed
test twoopt
/home/jenkins/workspace/libelektra_master-Q2SIBK3KE2NBEMJ4WVGJXAXCSCB77DUBUULVLZDKHQEV3WNDXBMA/libelektra/src/plugins/gopts/testmod_gopts.c:78: error in run_test: child process test failed
test twoopt
/home/jenkins/workspace/libelektra_master-Q2SIBK3KE2NBEMJ4WVGJXAXCSCB77DUBUULVLZDKHQEV3WNDXBMA/libelektra/src/plugins/gopts/testmod_gopts.c:78: error in run_test: child process test failed
test twoenv
/home/jenkins/workspace/libelektra_master-Q2SIBK3KE2NBEMJ4WVGJXAXCSCB77DUBUULVLZDKHQEV3WNDXBMA/libelektra/src/plugins/gopts/testmod_gopts.c:78: error in run_test: child process test failed
test twoenv
/home/jenkins/workspace/libelektra_master-Q2SIBK3KE2NBEMJ4WVGJXAXCSCB77DUBUULVLZDKHQEV3WNDXBMA/libelektra/src/plugins/gopts/testmod_gopts.c:78: error in run_test: child process test failed
test twoenv
/home/jenkins/workspace/libelektra_master-Q2SIBK3KE2NBEMJ4WVGJXAXCSCB77DUBUULVLZDKHQEV3WNDXBMA/libelektra/tests/cframework/tests.c:523: error in clean_temp_home: Could not delete TMPHOME via nftw
st twoopt
/home/jenkins/workspace/libelektra_master-Q2SIBK3KE2NBEMJ4WVGJXAXCSCB77DUBUULVLZDKHQEV3WNDXBMA/libelektra/src/plugins/gopts/testmod_gopts.c:78: error in run_test: child process test failed
test twoopt
/home/jenkins/workspace/libelektra_master-Q2SIBK3KE2NBEMJ4WVGJXAXCSCB77DUBUULVLZDKHQEV3WNDXBMA/libelektra/src/plugins/gopts/testmod_gopts.c:78: error in run_test: child process test failed
test twoopt
/home/jenkins/workspace/libelektra_master-Q2SIBK3KE2NBEMJ4WVGJXAXCSCB77DUBUULVLZDKHQEV3WNDXBMA/libelektra/src/plugins/gopts/testmod_gopts.c:78: error in run_test: child process test failed
test twoopt
/home/jenkins/workspace/libelektra_master-Q2SIBK3KE2NBEMJ4WVGJXAXCSCB77DUBUULVLZDKHQEV3WNDXBMA/libelektra/src/plugins/gopts/testmod_gopts.c:78: error in run_test: child process test failed
test twoopt
/home/jenkins/workspace/libelektra_master-Q2SIBK3KE2NBEMJ4WVGJXAXCSCB77DUBUULVLZDKHQEV3WNDXBMA/libelektra/src/plugins/gopts/testmod_gopts.c:78: error in run_test: child process test failed
test twoopt
/home/jenkins/workspace/libelektra_master-Q2SIBK3KE2NBEMJ4WVGJXAXCSCB77DUBUULVLZDKHQEV3WNDXBMA/libelektra/src/plugins/gopts/testmod_gopts.c:78: error in run_test: child process test failed
test twoopt
/home/jenkins/workspace/libelektra_master-Q2SIBK3KE2NBEMJ4WVGJXAXCSCB77DUBUULVLZDKHQEV3WNDXBMA/libelektra/src/plugins/gopts/testmod_gopts.c:78: error in run_test: child process test failed
test twoopt
/home/jenkins/workspace/libelektra_master-Q2SIBK3KE2NBEMJ4WVGJXAXCSCB77DUBUULVLZDKHQEV3WNDXBMA/libelektra/src/plugins/gopts/testmod_gopts.c:78: error in run_test: child process test failed
test twoopt
/home/jenkins/workspace/libelektra_master-Q2SIBK3KE2NBEMJ4WVGJXAXCSCB77DUBUULVLZDKHQEV3WNDXBMA/libelektra/src/plugins/gopts/testmod_gopts.c:78: error in run_test: child process test failed
test twoopt
/home/jenkins/workspace/libelektra_master-Q2SIBK3KE2NBEMJ4WVGJXAXCSCB77DUBUULVLZDKHQEV3WNDXBMA/libelektra/src/plugins/gopts/testmod_gopts.c:78: error in run_test: child process test failed
test twoopt
/home/jenkins/workspace/libelektra_master-Q2SIBK3KE2NBEMJ4WVGJXAXCSCB77DUBUULVLZDKHQEV3WNDXBMA/libelektra/src/plugins/gopts/testmod_gopts.c:78: error in run_test: child process test failed
test twoopt
/home/jenkins/workspace/libelektra_master-Q2SIBK3KE2NBEMJ4WVGJXAXCSCB77DUBUULVLZDKHQEV3WNDXBMA/libelektra/src/plugins/gopts/testmod_gopts.c:78: error in run_test: child process test failed
test twoopt
/home/jenkins/workspace/libelektra_master-Q2SIBK3KE2NBEMJ4WVGJXAXCSCB77DUBUULVLZDKHQEV3WNDXBMA/libelektra/src/plugins/gopts/testmod_gopts.c:78: error in run_test: child process test failed
test twoopt
/home/jenkins/workspace/libelektra_master-Q2SIBK3KE2NBEMJ4WVGJXAXCSCB77DUBUULVLZDKHQEV3WNDXBMA/libelektra/src/plugins/gopts/testmod_gopts.c:78: error in run_test: child process test failed
test twoopt
/home/jenkins/workspace/libelektra_master-Q2SIBK3KE2NBEMJ4WVGJXAXCSCB77DUBUULVLZDKHQEV3WNDXBMA/libelektra/src/plugins/gopts/testmod_gopts.c:78: error in run_test: child process test failed
test twoenv
/home/jenkins/workspace/libelektra_master-Q2SIBK3KE2NBEMJ4WVGJXAXCSCB77DUBUULVLZDKHQEV3WNDXBMA/libelektra/src/plugins/gopts/testmod_gopts.c:78: error in run_test: child process test failed
test twoenv
/home/jenkins/workspace/libelektra_master-Q2SIBK3KE2NBEMJ4WVGJXAXCSCB77DUBUULVLZDKHQEV3WNDXBMA/libelektra/src/plugins/gopts/testmod_gopts.c:78: error in run_test: child process test failed
test twoenv
/home/jenkins/workspace/libelektra_master-Q2SIBK3KE2NBEMJ4WVGJXAXCSCB77DUBUULVLZDKHQEV3WNDXBMA/libelektra/src/plugins/gopts/testmod_gopts.c:78: error in run_test: child process test failed
test twoenv
/home/jenkins/workspace/libelektra_master-Q2SIBK3KE2NBEMJ4WVGJXAXCSCB77DUBUULVLZDKHQEV3WNDXBMA/libelektra/tests/cframework/tests.c:523: error in clean_temp_home: Could not delete TMPHOME via nftw
st twoopt
/home/jenkins/workspace/libelektra_master-Q2SIBK3KE2NBEMJ4WVGJXAXCSCB77DUBUULVLZDKHQEV3WNDXBMA/libelektra/src/plugins/gopts/testmod_gopts.c:78: error in run_test: child process test failed
test twoopt
/home/jenkins/workspace/libelektra_master-Q2SIBK3KE2NBEMJ4WVGJXAXCSCB77DUBUULVLZDKHQEV3WNDXBMA/libelektra/src/plugins/gopts/testmod_gopts.c:78: error in run_test: child process test failed
test twoopt
/home/jenkins/workspace/libelektra_master-Q2SIBK3KE2NBEMJ4WVGJXAXCSCB77DUBUULVLZDKHQEV3WNDXBMA/libelektra/src/plugins/gopts/testmod_gopts.c:78: error in run_test: child process test failed
test twoopt
/home/jenkins/workspace/libelektra_master-Q2SIBK3KE2NBEMJ4WVGJXAXCSCB77DUBUULVLZDKHQEV3WNDXBMA/libelektra/src/plugins/gopts/testmod_gopts.c:78: error in run_test: child process test failed
test twoopt
/home/jenkins/workspace/libelektra_master-Q2SIBK3KE2NBEMJ4WVGJXAXCSCB77DUBUULVLZDKHQEV3WNDXBMA/libelektra/src/plugins/gopts/testmod_gopts.c:78: error in run_test: child process test failed
test twoopt
/home/jenkins/workspace/libelektra_master-Q2SIBK3KE2NBEMJ4WVGJXAXCSCB77DUBUULVLZDKHQEV3WNDXBMA/libelektra/src/plugins/gopts/testmod_gopts.c:78: error in run_test: child process test failed
test twoopt
/home/jenkins/workspace/libelektra_master-Q2SIBK3KE2NBEMJ4WVGJXAXCSCB77DUBUULVLZDKHQEV3WNDXBMA/libelektra/src/plugins/gopts/testmod_gopts.c:78: error in run_test: child process test failed
test twoopt
/home/jenkins/workspace/libelektra_master-Q2SIBK3KE2NBEMJ4WVGJXAXCSCB77DUBUULVLZDKHQEV3WNDXBMA/libelektra/src/plugins/gopts/testmod_gopts.c:78: error in run_test: child process test failed
test twoopt
/home/jenkins/workspace/libelektra_master-Q2SIBK3KE2NBEMJ4WVGJXAXCSCB77DUBUULVLZDKHQEV3WNDXBMA/libelektra/src/plugins/gopts/testmod_gopts.c:78: error in run_test: child process test failed
test twoopt
/home/jenkins/workspace/libelektra_master-Q2SIBK3KE2NBEMJ4WVGJXAXCSCB77DUBUULVLZDKHQEV3WNDXBMA/libelektra/src/plugins/gopts/testmod_gopts.c:78: error in run_test: child process test failed
test twoopt
/home/jenkins/workspace/libelektra_master-Q2SIBK3KE2NBEMJ4WVGJXAXCSCB77DUBUULVLZDKHQEV3WNDXBMA/libelektra/src/plugins/gopts/testmod_gopts.c:78: error in run_test: child process test failed
test twoopt
/home/jenkins/workspace/libelektra_master-Q2SIBK3KE2NBEMJ4WVGJXAXCSCB77DUBUULVLZDKHQEV3WNDXBMA/libelektra/src/plugins/gopts/testmod_gopts.c:78: error in run_test: child process test failed
test twoopt
/home/jenkins/workspace/libelektra_master-Q2SIBK3KE2NBEMJ4WVGJXAXCSCB77DUBUULVLZDKHQEV3WNDXBMA/libelektra/src/plugins/gopts/testmod_gopts.c:78: error in run_test: child process test failed
test twoopt
/home/jenkins/workspace/libelektra_master-Q2SIBK3KE2NBEMJ4WVGJXAXCSCB77DUBUULVLZDKHQEV3WNDXBMA/libelektra/src/plugins/gopts/testmod_gopts.c:78: error in run_test: child process test failed
test twoopt
/home/jenkins/workspace/libelektra_master-Q2SIBK3KE2NBEMJ4WVGJXAXCSCB77DUBUULVLZDKHQEV3WNDXBMA/libelektra/src/plugins/gopts/testmod_gopts.c:78: error in run_test: child process test failed
test twoenv
/home/jenkins/workspace/libelektra_master-Q2SIBK3KE2NBEMJ4WVGJXAXCSCB77DUBUULVLZDKHQEV3WNDXBMA/libelektra/src/plugins/gopts/testmod_gopts.c:78: error in run_test: child process test failed
test twoenv
/home/jenkins/workspace/libelektra_master-Q2SIBK3KE2NBEMJ4WVGJXAXCSCB77DUBUULVLZDKHQEV3WNDXBMA/libelektra/src/plugins/gopts/testmod_gopts.c:78: error in run_test: child process test failed
test twoenv
/home/jenkins/workspace/libelektra_master-Q2SIBK3KE2NBEMJ4WVGJXAXCSCB77DUBUULVLZDKHQEV3WNDXBMA/libelektra/src/plugins/gopts/testmod_gopts.c:78: error in run_test: child process test failed
test twoenv
/home/jenkins/workspace/libelektra_master-Q2SIBK3KE2NBEMJ4WVGJXAXCSCB77DUBUULVLZDKHQEV3WNDXBMA/libelektra/src/plugins/gopts/testmod_gopts.c:78: error in run_test: child process test failed
test twoenv
/home/jenkins/workspace/libelektra_master-Q2SIBK3KE2NBEMJ4WVGJXAXCSCB77DUBUULVLZDKHQEV3WNDXBMA/libelektra/tests/cframework/tests.c:523: error in clean_temp_home: Could not delete TMPHOME via nftw
st twoopt
/home/jenkins/workspace/libelektra_master-Q2SIBK3KE2NBEMJ4WVGJXAXCSCB77DUBUULVLZDKHQEV3WNDXBMA/libelektra/src/plugins/gopts/testmod_gopts.c:78: error in run_test: child process test failed
test twoopt
/home/jenkins/workspace/libelektra_master-Q2SIBK3KE2NBEMJ4WVGJXAXCSCB77DUBUULVLZDKHQEV3WNDXBMA/libelektra/src/plugins/gopts/testmod_gopts.c:78: error in run_test: child process test failed
test twoopt
/home/jenkins/workspace/libelektra_master-Q2SIBK3KE2NBEMJ4WVGJXAXCSCB77DUBUULVLZDKHQEV3WNDXBMA/libelektra/src/plugins/gopts/testmod_gopts.c:78: error in run_test: child process test failed
test twoopt
/home/jenkins/workspace/libelektra_master-Q2SIBK3KE2NBEMJ4WVGJXAXCSCB77DUBUULVLZDKHQEV3WNDXBMA/libelektra/src/plugins/gopts/testmod_gopts.c:78: error in run_test: child process test failed
test twoopt
/home/jenkins/workspace/libelektra_master-Q2SIBK3KE2NBEMJ4WVGJXAXCSCB77DUBUULVLZDKHQEV3WNDXBMA/libelektra/src/plugins/gopts/testmod_gopts.c:78: error in run_test: child process test failed
test twoopt
/home/jenkins/workspace/libelektra_master-Q2SIBK3KE2NBEMJ4WVGJXAXCSCB77DUBUULVLZDKHQEV3WNDXBMA/libelektra/src/plugins/gopts/testmod_gopts.c:78: error in run_test: child process test failed
test twoopt
/home/jenkins/workspace/libelektra_master-Q2SIBK3KE2NBEMJ4WVGJXAXCSCB77DUBUULVLZDKHQEV3WNDXBMA/libelektra/src/plugins/gopts/testmod_gopts.c:78: error in run_test: child process test failed
test twoopt
/home/jenkins/workspace/libelektra_master-Q2SIBK3KE2NBEMJ4WVGJXAXCSCB77DUBUULVLZDKHQEV3WNDXBMA/libelektra/src/plugins/gopts/testmod_gopts.c:78: error in run_test: child process test failed
test twoopt
/home/jenkins/workspace/libelektra_master-Q2SIBK3KE2NBEMJ4WVGJXAXCSCB77DUBUULVLZDKHQEV3WNDXBMA/libelektra/src/plugins/gopts/testmod_gopts.c:78: error in run_test: child process test failed
test twoopt
/home/jenkins/workspace/libelektra_master-Q2SIBK3KE2NBEMJ4WVGJXAXCSCB77DUBUULVLZDKHQEV3WNDXBMA/libelektra/src/plugins/gopts/testmod_gopts.c:78: error in run_test: child process test failed
test twoopt
/home/jenkins/workspace/libelektra_master-Q2SIBK3KE2NBEMJ4WVGJXAXCSCB77DUBUULVLZDKHQEV3WNDXBMA/libelektra/src/plugins/gopts/testmod_gopts.c:78: error in run_test: child process test failed
test twoopt
/home/jenkins/workspace/libelektra_master-Q2SIBK3KE2NBEMJ4WVGJXAXCSCB77DUBUULVLZDKHQEV3WNDXBMA/libelektra/src/plugins/gopts/testmod_gopts.c:78: error in run_test: child process test failed
test twoopt
/home/jenkins/workspace/libelektra_master-Q2SIBK3KE2NBEMJ4WVGJXAXCSCB77DUBUULVLZDKHQEV3WNDXBMA/libelektra/src/plugins/gopts/testmod_gopts.c:78: error in run_test: child process test failed
test twoopt
/home/jenkins/workspace/libelektra_master-Q2SIBK3KE2NBEMJ4WVGJXAXCSCB77DUBUULVLZDKHQEV3WNDXBMA/libelektra/src/plugins/gopts/testmod_gopts.c:78: error in run_test: child process test failed
test twoopt
/home/jenkins/workspace/libelektra_master-Q2SIBK3KE2NBEMJ4WVGJXAXCSCB77DUBUULVLZDKHQEV3WNDXBMA/libelektra/src/plugins/gopts/testmod_gopts.c:78: error in run_test: child process test failed
test twoenv
/home/jenkins/workspace/libelektra_master-Q2SIBK3KE2NBEMJ4WVGJXAXCSCB77DUBUULVLZDKHQEV3WNDXBMA/libelektra/src/plugins/gopts/testmod_gopts.c:78: error in run_test: child process test failed
test twoenv
/home/jenkins/workspace/libelektra_master-Q2SIBK3KE2NBEMJ4WVGJXAXCSCB77DUBUULVLZDKHQEV3WNDXBMA/libelektra/src/plugins/gopts/testmod_gopts.c:78: error in run_test: child process test failed
test twoenv
/home/jenkins/workspace/libelektra_master-Q2SIBK3KE2NBEMJ4WVGJXAXCSCB77DUBUULVLZDKHQEV3WNDXBMA/libelektra/src/plugins/gopts/testmod_gopts.c:78: error in run_test: child process test failed
test twoenv
/home/jenkins/workspace/libelektra_master-Q2SIBK3KE2NBEMJ4WVGJXAXCSCB77DUBUULVLZDKHQEV3WNDXBMA/libelektra/src/plugins/gopts/testmod_gopts.c:78: error in run_test: child process test failed
test twoenv
/home/jenkins/workspace/libelektra_master-Q2SIBK3KE2NBEMJ4WVGJXAXCSCB77DUBUULVLZDKHQEV3WNDXBMA/libelektra/src/plugins/gopts/testmod_gopts.c:78: error in run_test: child process test failed
test twoenv
/home/jenkins/workspace/libelektra_master-Q2SIBK3KE2NBEMJ4WVGJXAXCSCB77DUBUULVLZDKHQEV3WNDXBMA/libelektra/tests/cframework/tests.c:523: error in clean_temp_home: Could not delete TMPHOME via nftw
st twoopt
/home/jenkins/workspace/libelektra_master-Q2SIBK3KE2NBEMJ4WVGJXAXCSCB77DUBUULVLZDKHQEV3WNDXBMA/libelektra/src/plugins/gopts/testmod_gopts.c:78: error in run_test: child process test failed
test twoopt
/home/jenkins/workspace/libelektra_master-Q2SIBK3KE2NBEMJ4WVGJXAXCSCB77DUBUULVLZDKHQEV3WNDXBMA/libelektra/src/plugins/gopts/testmod_gopts.c:78: error in run_test: child process test failed
test twoopt
/home/jenkins/workspace/libelektra_master-Q2SIBK3KE2NBEMJ4WVGJXAXCSCB77DUBUULVLZDKHQEV3WNDXBMA/libelektra/src/plugins/gopts/testmod_gopts.c:78: error in run_test: child process test failed
test twoopt
/home/jenkins/workspace/libelektra_master-Q2SIBK3KE2NBEMJ4WVGJXAXCSCB77DUBUULVLZDKHQEV3WNDXBMA/libelektra/src/plugins/gopts/testmod_gopts.c:78: error in run_test: child process test failed
test twoopt
/home/jenkins/workspace/libelektra_master-Q2SIBK3KE2NBEMJ4WVGJXAXCSCB77DUBUULVLZDKHQEV3WNDXBMA/libelektra/src/plugins/gopts/testmod_gopts.c:78: error in run_test: child process test failed
test twoopt
/home/jenkins/workspace/libelektra_master-Q2SIBK3KE2NBEMJ4WVGJXAXCSCB77DUBUULVLZDKHQEV3WNDXBMA/libelektra/src/plugins/gopts/testmod_gopts.c:78: error in run_test: child process test failed
test twoopt
/home/jenkins/workspace/libelektra_master-Q2SIBK3KE2NBEMJ4WVGJXAXCSCB77DUBUULVLZDKHQEV3WNDXBMA/libelektra/src/plugins/gopts/testmod_gopts.c:78: error in run_test: child process test failed
test twoopt
/home/jenkins/workspace/libelektra_master-Q2SIBK3KE2NBEMJ4WVGJXAXCSCB77DUBUULVLZDKHQEV3WNDXBMA/libelektra/src/plugins/gopts/testmod_gopts.c:78: error in run_test: child process test failed
test twoopt
/home/jenkins/workspace/libelektra_master-Q2SIBK3KE2NBEMJ4WVGJXAXCSCB77DUBUULVLZDKHQEV3WNDXBMA/libelektra/src/plugins/gopts/testmod_gopts.c:78: error in run_test: child process test failed
test twoopt
/home/jenkins/workspace/libelektra_master-Q2SIBK3KE2NBEMJ4WVGJXAXCSCB77DUBUULVLZDKHQEV3WNDXBMA/libelektra/src/plugins/gopts/testmod_gopts.c:78: error in run_test: child process test failed
test twoopt
/home/jenkins/workspace/libelektra_master-Q2SIBK3KE2NBEMJ4WVGJXAXCSCB77DUBUULVLZDKHQEV3WNDXBMA/libelektra/src/plugins/gopts/testmod_gopts.c:78: error in run_test: child process test failed
test twoopt
/home/jenkins/workspace/libelektra_master-Q2SIBK3KE2NBEMJ4WVGJXAXCSCB77DUBUULVLZDKHQEV3WNDXBMA/libelektra/src/plugins/gopts/testmod_gopts.c:78: error in run_test: child process test failed
test twoopt
/home/jenkins/workspace/libelektra_master-Q2SIBK3KE2NBEMJ4WVGJXAXCSCB77DUBUULVLZDKHQEV3WNDXBMA/libelektra/src/plugins/gopts/testmod_gopts.c:78: error in run_test: child process test failed
test twoopt
/home/jenkins/workspace/libelektra_master-Q2SIBK3KE2NBEMJ4WVGJXAXCSCB77DUBUULVLZDKHQEV3WNDXBMA/libelektra/src/plugins/gopts/testmod_gopts.c:78: error in run_test: child process test failed
test twoopt
/home/jenkins/workspace/libelektra_master-Q2SIBK3KE2NBEMJ4WVGJXAXCSCB77DUBUULVLZDKHQEV3WNDXBMA/libelektra/src/plugins/gopts/testmod_gopts.c:78: error in run_test: child process test failed
test twoenv
/home/jenkins/workspace/libelektra_master-Q2SIBK3KE2NBEMJ4WVGJXAXCSCB77DUBUULVLZDKHQEV3WNDXBMA/libelektra/src/plugins/gopts/testmod_gopts.c:78: error in run_test: child process test failed
test twoenv
/home/jenkins/workspace/libelektra_master-Q2SIBK3KE2NBEMJ4WVGJXAXCSCB77DUBUULVLZDKHQEV3WNDXBMA/libelektra/src/plugins/gopts/testmod_gopts.c:78: error in run_test: child process test failed
test twoenv
/home/jenkins/workspace/libelektra_master-Q2SIBK3KE2NBEMJ4WVGJXAXCSCB77DUBUULVLZDKHQEV3WNDXBMA/libelektra/src/plugins/gopts/testmod_gopts.c:78: error in run_test: child process test failed
test twoenv
/home/jenkins/workspace/libelektra_master-Q2SIBK3KE2NBEMJ4WVGJXAXCSCB77DUBUULVLZDKHQEV3WNDXBMA/libelektra/src/plugins/gopts/testmod_gopts.c:78: error in run_test: child process test failed
test twoenv
/home/jenkins/workspace/libelektra_master-Q2SIBK3KE2NBEMJ4WVGJXAXCSCB77DUBUULVLZDKHQEV3WNDXBMA/libelektra/src/plugins/gopts/testmod_gopts.c:78: error in run_test: child process test failed
test twoenv
/home/jenkins/workspace/libelektra_master-Q2SIBK3KE2NBEMJ4WVGJXAXCSCB77DUBUULVLZDKHQEV3WNDXBMA/libelektra/src/plugins/gopts/testmod_gopts.c:78: error in run_test: child process test failed
test mixed
/home/jenkins/workspace/libelektra_master-Q2SIBK3KE2NBEMJ4WVGJXAXCSCB77DUBUULVLZDKHQEV3WNDXBMA/libelektra/tests/cframework/tests.c:523: error in clean_temp_home: Could not delete TMPHOME via nftw
SCB77DUBUULVLZDKHQEV3WNDXBMA/libelektra/src/plugins/gopts/testmod_gopts.c:78: error in run_test: child process test failed
test mixed
/home/jenkins/workspace/libelektra_master-Q2SIBK3KE2NBEMJ4WVGJXAXCSCB77DUBUULVLZDKHQEV3WNDXBMA/libelektra/src/plugins/gopts/testmod_gopts.c:78: error in run_test: child process test failed
test mixed
/home/jenkins/workspace/libelektra_master-Q2SIBK3KE2NBEMJ4WVGJXAXCSCB77DUBUULVLZDKHQEV3WNDXBMA/libelektra/tests/cframework/tests.c:523: error in clean_temp_home: Could not delete TMPHOME via nftw
SCB77DUBUULVLZDKHQEV3WNDXBMA/libelektra/src/plugins/gopts/testmod_gopts.c:78: error in run_test: child process test failed
test mixed
/home/jenkins/workspace/libelektra_master-Q2SIBK3KE2NBEMJ4WVGJXAXCSCB77DUBUULVLZDKHQEV3WNDXBMA/libelektra/src/plugins/gopts/testmod_gopts.c:78: error in run_test: child process test failed
test mixed
/home/jenkins/workspace/libelektra_master-Q2SIBK3KE2NBEMJ4WVGJXAXCSCB77DUBUULVLZDKHQEV3WNDXBMA/libelektra/src/plugins/gopts/testmod_gopts.c:78: error in run_test: child process test failed
test mixed
/home/jenkins/workspace/libelektra_master-Q2SIBK3KE2NBEMJ4WVGJXAXCSCB77DUBUULVLZDKHQEV3WNDXBMA/libelektra/tests/cframework/tests.c:523: error in clean_temp_home: Could not delete TMPHOME via nftw
SCB77DUBUULVLZDKHQEV3WNDXBMA/libelektra/src/plugins/gopts/testmod_gopts.c:78: error in run_test: child process test failed
test mixed
/home/jenkins/workspace/libelektra_master-Q2SIBK3KE2NBEMJ4WVGJXAXCSCB77DUBUULVLZDKHQEV3WNDXBMA/libelektra/src/plugins/gopts/testmod_gopts.c:78: error in run_test: child process test failed
test mixed
/home/jenkins/workspace/libelektra_master-Q2SIBK3KE2NBEMJ4WVGJXAXCSCB77DUBUULVLZDKHQEV3WNDXBMA/libelektra/src/plugins/gopts/testmod_gopts.c:78: error in run_test: child process test failed
test mixed
/home/jenkins/workspace/libelektra_master-Q2SIBK3KE2NBEMJ4WVGJXAXCSCB77DUBUULVLZDKHQEV3WNDXBMA/libelektra/src/plugins/gopts/testmod_gopts.c:78: error in run_test: child process test failed
test mixed
/home/jenkins/workspace/libelektra_master-Q2SIBK3KE2NBEMJ4WVGJXAXCSCB77DUBUULVLZDKHQEV3WNDXBMA/libelektra/tests/cframework/tests.c:523: error in clean_temp_home: Could not delete TMPHOME via nftw
SCB77DUBUULVLZDKHQEV3WNDXBMA/libelektra/src/plugins/gopts/testmod_gopts.c:78: error in run_test: child process test failed
test mixed
/home/jenkins/workspace/libelektra_master-Q2SIBK3KE2NBEMJ4WVGJXAXCSCB77DUBUULVLZDKHQEV3WNDXBMA/libelektra/src/plugins/gopts/testmod_gopts.c:78: error in run_test: child process test failed
test mixed
/home/jenkins/workspace/libelektra_master-Q2SIBK3KE2NBEMJ4WVGJXAXCSCB77DUBUULVLZDKHQEV3WNDXBMA/libelektra/src/plugins/gopts/testmod_gopts.c:78: error in run_test: child process test failed
test mixed
/home/jenkins/workspace/libelektra_master-Q2SIBK3KE2NBEMJ4WVGJXAXCSCB77DUBUULVLZDKHQEV3WNDXBMA/libelektra/src/plugins/gopts/testmod_gopts.c:78: error in run_test: child process test failed
test mixed
/home/jenkins/workspace/libelektra_master-Q2SIBK3KE2NBEMJ4WVGJXAXCSCB77DUBUULVLZDKHQEV3WNDXBMA/libelektra/src/plugins/gopts/testmod_gopts.c:78: error in run_test: child process test failed
test mixed
/home/jenkins/workspace/libelektra_master-Q2SIBK3KE2NBEMJ4WVGJXAXCSCB77DUBUULVLZDKHQEV3WNDXBMA/libelektra/tests/cframework/tests.c:523: error in clean_temp_home: Could not delete TMPHOME via nftw
SCB77DUBUULVLZDKHQEV3WNDXBMA/libelektra/src/plugins/gopts/testmod_gopts.c:78: error in run_test: child process test failed
test mixed
/home/jenkins/workspace/libelektra_master-Q2SIBK3KE2NBEMJ4WVGJXAXCSCB77DUBUULVLZDKHQEV3WNDXBMA/libelektra/src/plugins/gopts/testmod_gopts.c:78: error in run_test: child process test failed
test mixed
/home/jenkins/workspace/libelektra_master-Q2SIBK3KE2NBEMJ4WVGJXAXCSCB77DUBUULVLZDKHQEV3WNDXBMA/libelektra/src/plugins/gopts/testmod_gopts.c:78: error in run_test: child process test failed
test mixed
/home/jenkins/workspace/libelektra_master-Q2SIBK3KE2NBEMJ4WVGJXAXCSCB77DUBUULVLZDKHQEV3WNDXBMA/libelektra/src/plugins/gopts/testmod_gopts.c:78: error in run_test: child process test failed
test mixed
/home/jenkins/workspace/libelektra_master-Q2SIBK3KE2NBEMJ4WVGJXAXCSCB77DUBUULVLZDKHQEV3WNDXBMA/libelektra/src/plugins/gopts/testmod_gopts.c:78: error in run_test: child process test failed
test mixed
/home/jenkins/workspace/libelektra_master-Q2SIBK3KE2NBEMJ4WVGJXAXCSCB77DUBUULVLZDKHQEV3WNDXBMA/libelektra/src/plugins/gopts/testmod_gopts.c:78: error in run_test: child process test failed

testmod_gopts Results: 4 Tests done ‚Äî 92 errors.
/home/jenkins/workspace/libelektra_master-Q2SIBK3KE2NBEMJ4WVGJXAXCSCB77DUBUULVLZDKHQEV3WNDXBMA/libelektra/tests/cframework/tests.c:523: error in clean_temp_home: Could not delete TMPHOME via nftw
error: testmod_gopts

Running testmod_gpgme

OK closing connection
GPGME        TESTS
==================


gpgme Results: 45 Tests done ‚Äî 0 errors.
Running testmod_hexcode

HEXCODE   TESTS
===============

test encode
test decode
test reversibility

testmod_hexcode Results: 51 Tests done ‚Äî 0 errors.
Running testmod_hexnumber

HEXNUMBER    TESTS
==================


testmod_hexnumber Results: 43 Tests done ‚Äî 0 errors.
Running testmod_hosts

MOUNT       TESTS
==================


test_hosts Results: 114 Tests done ‚Äî 0 errors.
Running testmod_iconv

   ICONV   TESTS
====================

Test if utf8 conversation is needed
setlocale de_AT.utf8
langinfo UTF-8
Test utf8 conversation
setlocale C

test_iconv Results: 97 Tests done ‚Äî 0 errors.
Running testmod_ini

INI         TESTS
==================


test_ini Results: 210 Tests done ‚Äî 0 errors.
Running testmod_internalnotification

INTERNALNOTIFICATION     TESTS
==============================

test basics
test update on kdbGet
test update on kdbSet
test conversion error callback is called on invalid value

registerInt
-----------
test update with cascading key registered
test no update with invalid value
test update with value = INT_MAX
test no update with value that exceeds INT_MAX
test update with value = INT_MIN
test no update with value that exceeds INT_MIN

registerCallback
----------------
test callback is called with changed key
test callback is not called when key has not changed

UnsignedInt
----------------
test update
test no update with invalid value

Long
----------------
test update
test no update with invalid value

UnsignedLong
----------------
test update
test no update with invalid value

LongLong
----------------
test update
test no update with invalid value

UnsignedLongLong
----------------
test update
test no update with invalid value

Float
----------------
test update
test no update with invalid value

Double
----------------
test update
test no update with invalid value

KdbBoolean
----------------
test update

KdbChar
----------------
test update

KdbOctet
----------------
test update
test no update with invalid value

KdbShort
----------------
test update
test no update with invalid value

KdbUnsignedShort
----------------
test update
test no update with invalid value

KdbLong
----------------
test update
test no update with invalid value

KdbUnsignedLong
----------------
test update
test no update with invalid value

KdbLongLong
----------------
test update
test no update with invalid value

KdbUnsignedLongLong
----------------
test update
test no update with invalid value

KdbFloat
----------------
test update
test no update with invalid value

KdbDouble
----------------
test update
test no update with invalid value

KdbLongDouble
----------------
test update
test no update with invalid value

elektraInternalnotificationDoUpdate
-----------------------------------
test doUpdate should update same key
test doUpdate should update key below changed key
test doUpdate should not update key above changed key
test doUpdate should not update unregistered key
test doUpdate should update key above changed key for sameOrBelow callbacks

testmod_internalnotification Results: 288 Tests done ‚Äî 0 errors.
Running testmod_ipaddr

IPADDR     TESTS
==================


testmod_ipaddr Results: 108 Tests done ‚Äî 0 errors.
Running testmod_iterate

ITERATE     TESTS
==================

test basics

testmod_iterate Results: 14 Tests done ‚Äî 0 errors.
Running testmod_keytometa

KEYTOMETA       TESTS
==================


test_keytometa Results: 115 Tests done ‚Äî 0 errors.
Running testmod_line

LINE         TESTS
==================

/usr/share/libelektra-test/test-data/line/linetest

test_line Results: 14 Tests done ‚Äî 0 errors.
Running testmod_lineendings

LINEENDINGS     TESTS
==================


testmod_lineendings Results: 19 Tests done ‚Äî 0 errors.
Running testmod_list

LIST     TESTS
==================


testmod_list Results: 12 Tests done ‚Äî 0 errors.
Running testmod_lua

LUA         TESTS
==================

Testing simple variable passing...
There are 1 warnings
buffer is: warnings/#00
number: C01330
description: Plugin Misbehavior
module: kdb
file: /home/jenkins/workspace/libelektra_master-Q2SIBK3KE2NBEMJ4WVGJXAXCSCB77DUBUULVLZDKHQEV3WNDXBMA/libelektra/src/libs/elektra/plugin.c
line: 302
reason: Open of plugin returned unsuccessfully: lua. Reason contains plugin, see other warnings for details
reason: 
reason: 
/home/jenkins/workspace/libelektra_master-Q2SIBK3KE2NBEMJ4WVGJXAXCSCB77DUBUULVLZDKHQEV3WNDXBMA/libelektra/src/plugins/lua/testmod_lua.c:24: error in test_variable_passing: warnings in kdbOpen for plugin lua
number: C01200
description: : Installation
module: : lua
at: /home/jenkins/workspace/libelektra_master-Q2SIBK3KE2NBEMJ4WVGJXAXCSCB77DUBUULVLZDKHQEV3WNDXBMA/libelektra/src/plugins/lua/lua.cpp:172
reason: : module 'kdb' not found:
	no field package.preload['kdb']
	no file '/usr/local/share/lua/5.3/kdb.lua'
	no file '/usr/local/share/lua/5.3/kdb/init.lua'
	no file '/usr/local/lib/lua/5.3/kdb.lua'
	no file '/usr/local/lib/lua/5.3/kdb/init.lua'
	no file '/usr/share/lua/5.3/kdb.lua'
	no file '/usr/share/lua/5.3/kdb/init.lua'
	no file './kdb.lua'
	no file './kdb/init.lua'
	no file '/usr/local/lib/lua/5.3/kdb.so'
	no file '/usr/lib/x86_64-linux-gnu/lua/5.3/kdb.so'
	no file '/usr/lib/lua/5.3/kdb.so'
	no file '/usr/local/lib/lua/5.3/loadall.so'
	no file './kdb.so'
mountpoint: : 
configfile: : 
/home/jenkins/workspace/libelektra_master-Q2SIBK3KE2NBEMJ4WVGJXAXCSCB77DUBUULVLZDKHQEV3WNDXBMA/libelektra/src/plugins/lua/testmod_lua.c:24: error in test_variable_passing: error in kdbOpen for plugin lua
/home/jenkins/workspace/libelektra_master-Q2SIBK3KE2NBEMJ4WVGJXAXCSCB77DUBUULVLZDKHQEV3WNDXBMA/libelektra/src/plugins/lua/testmod_lua.c:24: fatal in test_variable_passing: could not open lua plugin
error: testmod_lua

Running testmod_macaddr

MACADDR     TESTS
==================


testmod_macaddr Results: 190 Tests done ‚Äî 0 errors.
Running testmod_mathcheck

elektraFtoA: val: 1.5, ret: 1.5
elektraEFtoF: string: 1.5, ret: 1.5
MATHCHECK	   TESTS
==================


testmod_mathcheck Results: 80 Tests done ‚Äî 0 errors.
Running testmod_mini

mINI Tests üöô
==============

‚Ä¢ Test basic functionality of plugin
‚Ä¢ Parse file ‚Äúmini/read.ini‚Äù
‚Ä¢ Write configuration data

testmod_mini Results: 35 Tests done ‚Äî 0 errors.
Running testmod_mmapstorage

MMAPSTORAGE     TESTS
==================

/tmp/elektra-test.qxaIL2/elektra-tmp.W5TDNp

testmod_mmapstorage RESULTS: 987 test(s) done. 0 error(s).
Running testmod_mmapstorage_crc

MMAPSTORAGE CRC     TESTS
==================


testmod_mmapstorage_crc RESULTS: 20 test(s) done. 0 error(s).
Running testmod_mozprefs

PREFS     TESTS
==================


testmod_mozprefs Results: 22 Tests done ‚Äî 0 errors.
Running testmod_network

NETWORK   TESTS
===============


testmod_network Results: 2088 Tests done ‚Äî 0 errors.
Running testmod_ni

NICKEL TESTS
==================

/usr/lib/x86_64-linux-gnu/elektra/tool_exec/testmod_ni: ver: pass
/usr/lib/x86_64-linux-gnu/elektra/tool_exec/testmod_ni: new: pass
/usr/lib/x86_64-linux-gnu/elektra/tool_exec/testmod_ni: tree: pass
/usr/lib/x86_64-linux-gnu/elektra/tool_exec/testmod_ni: test_values: pass
/usr/lib/x86_64-linux-gnu/elektra/tool_exec/testmod_ni: parse_spaces_quotes: pass
/usr/lib/x86_64-linux-gnu/elektra/tool_exec/testmod_ni: output: pass
/usr/lib/x86_64-linux-gnu/elektra/tool_exec/testmod_ni: output_modified: pass
/usr/lib/x86_64-linux-gnu/elektra/tool_exec/testmod_ni: parse_output: pass

testmod_ni Results: 0 Tests done ‚Äî 0 errors.
Running testmod_passwd

PASSWD     TESTS
==================


testmod_passwd Results: 23 Tests done ‚Äî 0 errors.
Running testmod_process

PROCESS     TESTS
==================

test basics
test no plugin key 
There are 1 warnings
buffer is: warnings/#00
number: C01200
description: Installation
module: process
file: /home/jenkins/workspace/libelektra_master-Q2SIBK3KE2NBEMJ4WVGJXAXCSCB77DUBUULVLZDKHQEV3WNDXBMA/libelektra/src/plugins/process/process.c
line: 29
reason: Missing plugin configuration parameter plugin=<name of plugin to be proxied>
reason: 
reason: 
test no plugin key 
test invalid plugin key
test invalid plugin key
There are 2 warnings
buffer is: warnings/#00
number: C01200
description: Installation
module: kdb
file: /home/jenkins/workspace/libelektra_master-Q2SIBK3KE2NBEMJ4WVGJXAXCSCB77DUBUULVLZDKHQEV3WNDXBMA/libelektra/src/libs/loader/dl.c
line: 89
reason: Dlopen failed. Could not load module libelektra-non_existent_plugin.so. Reason: libelektra-non_existent_plugin.so: cannot open shared object file: No such file or directory
reason: 
reason: 
buffer is: warnings/#01
number: C01330
description: Plugin Misbehavior
module: kdb
file: /home/jenkins/workspace/libelektra_master-Q2SIBK3KE2NBEMJ4WVGJXAXCSCB77DUBUULVLZDKHQEV3WNDXBMA/libelektra/src/libs/elektra/plugin.c
line: 302
reason: Open of plugin returned unsuccessfully: process. Reason contains plugin, see other warnings for details
reason: 
reason: 
number: C01100
description: : Resource
module: : process
at: /home/jenkins/workspace/libelektra_master-Q2SIBK3KE2NBEMJ4WVGJXAXCSCB77DUBUULVLZDKHQEV3WNDXBMA/libelektra/src/plugins/process/process.c:109
reason: : Failed to open the proxied plugin non_existent_plugin
mountpoint: : 
configfile: : 

testmod_process Results: 19 Tests done ‚Äî 0 errors.
Running testmod_python

[CLASS-PYTHON-1] open -->
[CLASS-PYTHON-1] get
[CLASS-PYTHON-1] <-- close
PYTHON      TESTS
==================

Testing simple variable passing...
PYTHON      TESTS
==================

Testing simple variable passing...
[CLASS-PYTHON-2] open -->
[CLASS-PYTHON-2] <-- close
Testing loading of two active python plugins...
[CLASS-PYTHON-1] open -->
[CLASS-PYTHON-1] <-- close
Testing loading of two active python plugins...
Testing loading of two active python plugins...

========================================================================
NOTE: The following errors are intended. We're testing error conditions!
========================================================================
Testing return values from python functions...

========================================================================
NOTE: The following errors are intended. We're testing error conditions!
========================================================================
Testing return values from python functions...
Testing python script with wrong class name...
Testing python script with wrong class name...
There are 1 warnings
buffer is: warnings/#00
number: C01330
description: Plugin Misbehavior
module: kdb
file: /home/jenkins/workspace/libelektra_master-Q2SIBK3KE2NBEMJ4WVGJXAXCSCB77DUBUULVLZDKHQEV3WNDXBMA/libelektra/src/libs/elektra/plugin.c
line: 302
reason: Open of plugin returned unsuccessfully: python. Reason contains plugin, see other warnings for details
reason: 
reason: 
number: C01320
description: : Interface
module: : python
at: /home/jenkins/workspace/libelektra_master-Q2SIBK3KE2NBEMJ4WVGJXAXCSCB77DUBUULVLZDKHQEV3WNDXBMA/libelektra/src/plugins/python/python.cpp:321
reason: : Module doesn't provide a ElektraPlugin class
mountpoint: : 
configfile: : 

test_python Results: 25 Tests done ‚Äî 0 errors.
Running testmod_python2

PYTHON      TESTS
==================

Testing simple variable passing...
[CLASS-PYTHON-1] open -->
[CLASS-PYTHON-1] get
[CLASS-PYTHON-1] <-- close
PYTHON      TESTS
==================

Testing simple variable passing...
Testing loading of two active python plugins...
[CLASS-PYTHON-2] open -->
[CLASS-PYTHON-2] <-- close
Testing loading of two active python plugins...
[CLASS-PYTHON-1] open -->
[CLASS-PYTHON-1] <-- close
Testing loading of two active python plugins...

========================================================================
NOTE: The following errors are intended. We're testing error conditions!
========================================================================
Testing return values from python functions...

========================================================================
NOTE: The following errors are intended. We're testing error conditions!
========================================================================
Testing return values from python functions...
Testing python script with wrong class name...
Testing python script with wrong class name...
There are 1 warnings
buffer is: warnings/#00
number: C01330
description: Plugin Misbehavior
module: kdb
file: /home/jenkins/workspace/libelektra_master-Q2SIBK3KE2NBEMJ4WVGJXAXCSCB77DUBUULVLZDKHQEV3WNDXBMA/libelektra/src/libs/elektra/plugin.c
line: 302
reason: Open of plugin returned unsuccessfully: python2. Reason contains plugin, see other warnings for details
reason: 
reason: 
number: C01320
description: : Interface
module: : python2
at: /home/jenkins/workspace/libelektra_master-Q2SIBK3KE2NBEMJ4WVGJXAXCSCB77DUBUULVLZDKHQEV3WNDXBMA/libelektra/src/plugins/python2/../python/python.cpp:321
reason: : Module doesn't provide a ElektraPlugin class
mountpoint: : 
configfile: : 

test_python Results: 25 Tests done ‚Äî 0 errors.
Running testmod_quickdump
Segmentation fault


error: testmod_quickdump

Running testmod_range

RANGE     TESTS
==================


testmod_range Results: 220 Tests done ‚Äî 0 errors.
Running testmod_reference

REFERENCE     TESTS
==================

test basics
test single positive
test single positive
test recursive positive
test recursive negative
test restriction positive

testmod_reference Results: 53 Tests done ‚Äî 0 errors.
Running testmod_rename

RENAME       TESTS
==================


test_rename Results: 130 Tests done ‚Äî 0 errors.
Running testmod_resolver

  RESOLVER  TESTS
====================

Check file
Resolve Filename
Resolve Name
Resolve Dirname
Resolve Tempname

testmod_resolver Results: 106 Tests done ‚Äî 0 errors.
Running testmod_rgbcolor

Test Color Validity #0fb, returned value: 1, expected value: 1
Test Color Validity #fff, returned value: 1, expected value: 1
Test Color Validity #111, returned value: 1, expected value: 1
Test Color Validity #fff111, returned value: 1, expected value: 1
Test Color Validity #a1C2bF, returned value: 1, expected value: 1
Test Color Validity #abcd, returned value: 1, expected value: 1
Test Color Validity #aabbccdd, returned value: 1, expected value: 1
Test Color Validity #ffffffff, returned value: 1, expected value: 1
Test Color Validity #00000000, returned value: 1, expected value: 1
Test Color Validity aliceblue, returned value: 1, expected value: 1
Test Color Validity orange, returned value: 1, expected value: 1
Test Color Validity red, returned value: 1, expected value: 1
Test Color Validity nonexistentcolor, returned value: -1, expected value: -1
Test Color Validity 1110, returned value: -1, expected value: -1
Test Color Validity a1C2bF, returned value: -1, expected value: -1
Test Color Validity #a1C2bZ, returned value: -1, expected value: -1
Test Color Validity #00000, returned value: -1, expected value: -1
Test Color Normalization lightcyan, returned value: 3774873599, expected value: 3774873599
Test Color Normalization white, returned value: 4294967295, expected value: 4294967295
Test Color Normalization black, returned value: 255, expected value: 255
Test Color Normalization #fff, returned value: 4294967295, expected value: 4294967295
Test Color Normalization #ffff, returned value: 4294967295, expected value: 4294967295
Test Color Normalization #ffffff, returned value: 4294967295, expected value: 4294967295
Test Color Normalization #ffffffff, returned value: 4294967295, expected value: 4294967295
Test Color Normalization #aabbccdd, returned value: 2864434397, expected value: 2864434397
Test Color Normalization #abcd, returned value: 2864434397, expected value: 2864434397
Test Color Normalization #abc, returned value: 2864434431, expected value: 2864434431
Test Color Normalization #aabbcc, returned value: 2864434431, expected value: 2864434431

testmod_rgbcolor Results: 160 Tests done ‚Äî 0 errors.
Running testmod_simpleini

SIMPLEINI    TESTS
==================

testing key 'key1'
testing key 'key2'
testing key 'key3'
testing key 'key4'
testing key 'key1'
testing key 'key2'
testing key 'key3'
testing key 'key4'
testing key 'key1'
testing key 'key2'
testing key 'key3'
testing key 'key4'

testmod_simpleini Results: 60 Tests done ‚Äî 0 errors.
Running testmod_spec

SPEC     TESTS
==================

test default
test assign/condition
test wildcard (_)
test require
test array
test require array

testmod_spec Results: 148 Tests done ‚Äî 0 errors.
Running testmod_specload

SPECLOAD     TESTS
==================

test basics
/home/jenkins/workspace/libelektra_master-Q2SIBK3KE2NBEMJ4WVGJXAXCSCB77DUBUULVLZDKHQEV3WNDXBMA/libelektra/src/plugins/specload/testmod_specload.c:63: error in test_basics: call to checkConfig was not successful
There are 1 warnings
buffer is: warnings/#00
number: C01330
description: Plugin Misbehavior
module: kdb
file: /home/jenkins/workspace/libelektra_master-Q2SIBK3KE2NBEMJ4WVGJXAXCSCB77DUBUULVLZDKHQEV3WNDXBMA/libelektra/src/libs/elektra/plugin.c
line: 302
reason: Open of plugin returned unsuccessfully: specload. Reason contains plugin, see other warnings for details
reason: 
reason: 
/home/jenkins/workspace/libelektra_master-Q2SIBK3KE2NBEMJ4WVGJXAXCSCB77DUBUULVLZDKHQEV3WNDXBMA/libelektra/src/plugins/specload/testmod_specload.c:65: error in test_basics: warnings in kdbOpen for plugin specload
number: C01100
description: : Resource
module: : specload
at: /home/jenkins/workspace/libelektra_master-Q2SIBK3KE2NBEMJ4WVGJXAXCSCB77DUBUULVLZDKHQEV3WNDXBMA/libelektra/src/plugins/specload/specload.c:372
reason: : App '/home/jenkins/workspace/libelektra_master-Q2SIBK3KE2NBEMJ4WVGJXAXCSCB77DUBUULVLZDKHQEV3WNDXBMA/libelektra/obj-x86_64-linux-gnu/bin/elektra-specload-testapp' doesn't exist or is not executable
mountpoint: : 
configfile: : 
/home/jenkins/workspace/libelektra_master-Q2SIBK3KE2NBEMJ4WVGJXAXCSCB77DUBUULVLZDKHQEV3WNDXBMA/libelektra/src/plugins/specload/testmod_specload.c:65: error in test_basics: error in kdbOpen for plugin specload
/home/jenkins/workspace/libelektra_master-Q2SIBK3KE2NBEMJ4WVGJXAXCSCB77DUBUULVLZDKHQEV3WNDXBMA/libelektra/src/plugins/specload/testmod_specload.c:65: fatal in test_basics: could not open specload plugin
error: testmod_specload

Running testmod_template

TEMPLATE     TESTS
==================

test basics

testmod_template Results: 12 Tests done ‚Äî 0 errors.
Running testmod_type

TYPE     TESTS
==================


testmod_type Results: 66551 Tests done ‚Äî 0 errors.
Running testmod_uname

UNAME       TESTS
==================

Test structure of keys returned from uname plugin
testmod_uname Results: 15 Tests done ‚Äî 0 errors.
Running testmod_unit

Test unit Validity 1Z, returned value: -1, expected value: -1
Test unit Validity PSOB, returned value: -1, expected value: -1
Test unit Validity 123YMB, returned value: -1, expected value: -1
Test unit Validity 123YGB, returned value: -1, expected value: -1
Test unit Validity 1B, returned value: 1, expected value: 1
Test unit Validity 10 B, returned value: 1, expected value: 1
Testing usage of false value MB10GB
kdbGet status code -1 expected , result: -1
kdbSet status code -1 expected, result: -1
Testing usage of false value X10B
kdbGet status code -1 expected , result: -1
kdbSet status code -1 expected, result: -1
Testing usage of false value 1B1B
kdbGet status code -1 expected , result: -1
kdbSet status code -1 expected, result: -1
Testing usage of false value 1BB
kdbGet status code -1 expected , result: -1
kdbSet status code -1 expected, result: -1
Testing usage of false value 10GB20MB
kdbGet status code -1 expected , result: -1
kdbSet status code -1 expected, result: -1
Testing usage of false value MB10
kdbGet status code -1 expected , result: -1
kdbSet status code -1 expected, result: -1
test unit plugin normalization test - returned value: 10, expected value: 10
test unit plugin restoration test - returned value: 10B, expected value: 10B
test unit plugin normalization test - returned value: 10000000, expected value: 10000000
test unit plugin restoration test - returned value: 10MB, expected value: 10MB
test unit plugin normalization test - returned value: 10000000, expected value: 10000000
test unit plugin restoration test - returned value: 10 MB, expected value: 10 MB
test unit plugin normalization test - returned value: 90000000, expected value: 90000000
test unit plugin restoration test - returned value: 90 MB, expected value: 90 MB
test unit plugin normalization test - returned value: 256000000, expected value: 256000000
test unit plugin restoration test - returned value: 256 MB, expected value: 256 MB
test unit plugin normalization test - returned value: 10000000000, expected value: 10000000000
test unit plugin restoration test - returned value: 10GB, expected value: 10GB
test unit plugin normalization test - returned value: 5000000000000, expected value: 5000000000000
test unit plugin restoration test - returned value: 5TB, expected value: 5TB
test unit plugin normalization test - returned value: 10000000000000000, expected value: 10000000000000000
test unit plugin restoration test - returned value: 10PB, expected value: 10PB
test unit plugin normalization test - returned value: 100000000000000000, expected value: 100000000000000000
test unit plugin restoration test - returned value: 100PB, expected value: 100PB

testmod_unit Results: 117 Tests done ‚Äî 0 errors.
Running testmod_validation

   VALIDATION   TESTS
====================


testmod_validation Results: 35 Tests done ‚Äî 0 errors.
Running testmod_xerces

XERCES    TESTS
==================

test basics
test basics finished
test simple read
0x5632f72e7a30 key: /sw/elektra/tests/xerces, string:   value of xerces  
0x5632f72f0b90 key: /sw/elektra/tests/xerces/cdata, string: this is some cdata text "'<>&√§ ", more-s_p√§cials: 1 & 2 are < 3 

0x5632f72f2980 key: /sw/elektra/tests/xerces/fizz/#0, string: , buzz: fizzBuzz
0x5632f72fa4c0 key: /sw/elektra/tests/xerces/fizz/#1, string: 
0x5632f72eb290 key: /sw/elektra/tests/xerces/fizz/#2, string: , without: buzz
0x5632f72f0da0 key: /sw/elektra/tests/xerces/sp√§ci√∂l_-ke√ºs1, string: >"&<', attr: ", attr2: $%(){}``√§√º√∂¬≤[/\'>"<'&
0x5632f72fb580 key: /sw/elektra/tests/xerces/userKey, string: withValue, user: key
test simple read finished
test simple write
test simple write finished
test maven pom
test maven pom finished
test jenkins config
test jenkins config finished

testmod_xerces Results: 705 Tests done ‚Äî 0 errors.
Running testmod_xmltool

ELEKTRA PLUGIN TEST SUITE
========================================

Testing Key from xml
Testing KeySet from xml
Test common parentname

test_xml Results: 86 Tests done ‚Äî 0 errors.
Running testmod_yajl

YAJL       TESTS
==================

Test next not below
Test reverse level
Test json with /usr/share/libelektra-test/test-data/yajl/testdata_null.json
Test json with /usr/share/libelektra-test/test-data/yajl/testdata_boolean.json
Test json with /usr/share/libelektra-test/test-data/yajl/testdata_number.json
Test json with /usr/share/libelektra-test/test-data/yajl/testdata_string.json
Test json with /usr/share/libelektra-test/test-data/yajl/testdata_maps.json
Test json with /usr/share/libelektra-test/test-data/yajl/testdata_array.json
Test json with /usr/share/libelektra-test/test-data/yajl/testdata_below.json
Test json with /usr/share/libelektra-test/test-data/yajl/OpenICC_device_config_DB.json
Test read write with /usr/share/libelektra-test/test-data/yajl/empty_object.json
Test read write with /usr/share/libelektra-test/test-data/yajl/empty_array.json
Test read write with /usr/share/libelektra-test/test-data/yajl/top_level_string.json
Test read write with /usr/share/libelektra-test/test-data/yajl/top_level_integer.json
Test read write with /usr/share/libelektra-test/test-data/yajl/rfc_object.json
Test read write with /usr/share/libelektra-test/test-data/yajl/rfc_array.json
Test read write with /usr/share/libelektra-test/test-data/yajl/testdata_array_mixed.json
Test read write with /usr/share/libelektra-test/test-data/yajl/testdata_array_in_array.json
Test read write with /usr/share/libelektra-test/test-data/yajl/testdata_array_in_array_anon_map.json
Test read write with /usr/share/libelektra-test/test-data/yajl/testdata_array_nested.json
Test read write with /usr/share/libelektra-test/test-data/yajl/testdata_array_broken.json
Test read write with /usr/share/libelektra-test/test-data/yajl/testdata_array_special_ending.json
Test read write with /usr/share/libelektra-test/test-data/yajl/testdata_array_outside.json
Test read write with /usr/share/libelektra-test/test-data/yajl/keyframes_complex.json
Test read write with /usr/share/libelektra-test/test-data/yajl/testdata_array_mixed2.json
Test read write with /usr/share/libelektra-test/test-data/yajl/testdata_array_special_start.json
Test read write with /usr/share/libelektra-test/test-data/yajl/testdata_array_mixed3.json
Test read write with /usr/share/libelektra-test/test-data/yajl/testdata_empty_in_array.json
Test read write with /usr/share/libelektra-test/test-data/yajl/testdata_empty_in_map.json
Test read write with /usr/share/libelektra-test/test-data/yajl/testdata_empty_in_array1.json
Test read write with /usr/share/libelektra-test/test-data/yajl/testdata_empty_in_map2.json
Test read write with /usr/share/libelektra-test/test-data/yajl/testdata_empty_in_map1.json

test_yajl Results: 676 Tests done ‚Äî 0 errors.
Running testmod_yambi

[==========] Running 5 tests from 1 test case.
[----------] Global test environment set-up.
[----------] 5 tests from yambi
[ RUN      ] yambi.basics
[       OK ] yambi.basics (0 ms)
[ RUN      ] yambi.empty
[       OK ] yambi.empty (0 ms)
[ RUN      ] yambi.scalar
[       OK ] yambi.scalar (1 ms)
[ RUN      ] yambi.list
[       OK ] yambi.list (0 ms)
[ RUN      ] yambi.map
[       OK ] yambi.map (0 ms)
[----------] 5 tests from yambi (1 ms total)

[----------] Global test environment tear-down
[==========] 5 tests from 1 test case ran. (1 ms total)
[  PASSED  ] 5 tests.
Running testmod_yamlsmith

‚öí YAMLSMITH     TESTS
=======================

‚Ä¢ Retrieve plugin contract

testmod_yamlsmith Results: 8 Tests done ‚Äî 0 errors.
Running testmod_yaypeg

[==========] Running 5 tests from 1 test case.
[----------] Global test environment set-up.
[----------] 5 tests from yaypeg
[ RUN      ] yaypeg.basics
[       OK ] yaypeg.basics (1 ms)
[ RUN      ] yaypeg.empty
[       OK ] yaypeg.empty (0 ms)
[ RUN      ] yaypeg.scalar
[       OK ] yaypeg.scalar (2 ms)
[ RUN      ] yaypeg.list
[       OK ] yaypeg.list (1 ms)
[ RUN      ] yaypeg.map
[       OK ] yaypeg.map (4 ms)
[----------] 5 tests from yaypeg (9 ms total)

[----------] Global test environment tear-down
[==========] 5 tests from 1 test case ran. (9 ms total)
[  PASSED  ] 5 tests.
Running testmod_zeromqsend

ZEROMQSEND TESTS
================

zeromq version is 4.2.1
test commit notification
test connect timeout
test subscribe message timeout

testmod_zeromqsend Results: 23 Tests done ‚Äî 0 errors.
Running testtool_automergestrategy

Running main() from gtest_main.cc
[==========] Running 9 tests from 1 test case.
[----------] Global test environment set-up.
[----------] 9 tests from AutoMergeStrategyTest
[ RUN      ] AutoMergeStrategyTest.DeleteEqualsMerges
[       OK ] AutoMergeStrategyTest.DeleteEqualsMerges (1 ms)
[ RUN      ] AutoMergeStrategyTest.EqualsDeleteMerges
[       OK ] AutoMergeStrategyTest.EqualsDeleteMerges (0 ms)
[ RUN      ] AutoMergeStrategyTest.EqualsModifyMerges
[       OK ] AutoMergeStrategyTest.EqualsModifyMerges (0 ms)
[ RUN      ] AutoMergeStrategyTest.EqualsModifyRespectsBinaryData
[       OK ] AutoMergeStrategyTest.EqualsModifyRespectsBinaryData (0 ms)
[ RUN      ] AutoMergeStrategyTest.EqualsModifyRespectsNullData
[       OK ] AutoMergeStrategyTest.EqualsModifyRespectsNullData (0 ms)
[ RUN      ] AutoMergeStrategyTest.ModifyEqualsMerges
[       OK ] AutoMergeStrategyTest.ModifyEqualsMerges (0 ms)
[ RUN      ] AutoMergeStrategyTest.ModifyEqualsRespectsBinaryData
[       OK ] AutoMergeStrategyTest.ModifyEqualsRespectsBinaryData (0 ms)
[ RUN      ] AutoMergeStrategyTest.AddEqualsKeyMerge
[       OK ] AutoMergeStrategyTest.AddEqualsKeyMerge (0 ms)
[ RUN      ] AutoMergeStrategyTest.EqualsAddKeyMerge
[       OK ] AutoMergeStrategyTest.EqualsAddKeyMerge (0 ms)
[----------] 9 tests from AutoMergeStrategyTest (1 ms total)

[----------] Global test environment tear-down
[==========] 9 tests from 1 test case ran. (1 ms total)
[  PASSED  ] 9 tests.
Running testtool_backend

Running main() from gtest_main.cc
[==========] Running 6 tests from 1 test case.
[----------] Global test environment set-up.
[----------] 6 tests from Backend
[ RUN      ] Backend.backendName
[       OK ] Backend.backendName (0 ms)
[ RUN      ] Backend.SimpleBackend
[       OK ] Backend.SimpleBackend (1 ms)
[ RUN      ] Backend.CrazyName
[       OK ] Backend.CrazyName (1 ms)
[ RUN      ] Backend.SimpleBackendWithConf
[       OK ] Backend.SimpleBackendWithConf (0 ms)
[ RUN      ] Backend.SimpleBackendWithNeededConf
[       OK ] Backend.SimpleBackendWithNeededConf (1 ms)
[ RUN      ] Backend.SimpleBackendWithUnderscore
[       OK ] Backend.SimpleBackendWithUnderscore (1 ms)
[----------] 6 tests from Backend (4 ms total)

[----------] Global test environment tear-down
[==========] 6 tests from 1 test case ran. (4 ms total)
[  PASSED  ] 6 tests.
Running testtool_backendbuilder

Running main() from gtest_main.cc
[==========] Running 30 tests from 2 test cases.
[----------] Global test environment set-up.
[----------] 26 tests from BackendBuilder
[ RUN      ] BackendBuilder.withDatabase
[       OK ] BackendBuilder.withDatabase (0 ms)
[ RUN      ] BackendBuilder.withDatabaseIrrelevantDep
[       OK ] BackendBuilder.withDatabaseIrrelevantDep (0 ms)
[ RUN      ] BackendBuilder.resolveDoubleNeeds
[       OK ] BackendBuilder.resolveDoubleNeeds (0 ms)
[ RUN      ] BackendBuilder.resolveDoubleNeedsVirtual
[       OK ] BackendBuilder.resolveDoubleNeedsVirtual (0 ms)
[ RUN      ] BackendBuilder.doubleAddWithConf
[       OK ] BackendBuilder.doubleAddWithConf (1 ms)
[ RUN      ] BackendBuilder.doubleAddWithConfVirtual
[       OK ] BackendBuilder.doubleAddWithConfVirtual (0 ms)
[ RUN      ] BackendBuilder.directPluginLoading
[       OK ] BackendBuilder.directPluginLoading (0 ms)
[ RUN      ] BackendBuilder.metadata
[       OK ] BackendBuilder.metadata (0 ms)
[ RUN      ] BackendBuilder.metadataTwo
[       OK ] BackendBuilder.metadataTwo (0 ms)
[ RUN      ] BackendBuilder.metadataTwoRev
[       OK ] BackendBuilder.metadataTwoRev (0 ms)
[ RUN      ] BackendBuilder.manualNeeds
[       OK ] BackendBuilder.manualNeeds (0 ms)
[ RUN      ] BackendBuilder.manualNeedsProvides
[       OK ] BackendBuilder.manualNeedsProvides (0 ms)
[ RUN      ] BackendBuilder.manualMultipleNeeds
[       OK ] BackendBuilder.manualMultipleNeeds (0 ms)
[ RUN      ] BackendBuilder.manualMultipleNeedsSingleLine
[       OK ] BackendBuilder.manualMultipleNeedsSingleLine (0 ms)
[ RUN      ] BackendBuilder.manualRecommends
[       OK ] BackendBuilder.manualRecommends (0 ms)
[ RUN      ] BackendBuilder.manualNoRecommends
[       OK ] BackendBuilder.manualNoRecommends (0 ms)
[ RUN      ] BackendBuilder.manualRecommendsProvides
[       OK ] BackendBuilder.manualRecommendsProvides (0 ms)
[ RUN      ] BackendBuilder.manualMultipleRecommends
[       OK ] BackendBuilder.manualMultipleRecommends (0 ms)
[ RUN      ] BackendBuilder.manualMultipleRecommendsSingleLine
[       OK ] BackendBuilder.manualMultipleRecommendsSingleLine (0 ms)
[ RUN      ] BackendBuilder.resolveDoubleRecommends
[       OK ] BackendBuilder.resolveDoubleRecommends (0 ms)
[ RUN      ] BackendBuilder.checkconfOkNoChange
[       OK ] BackendBuilder.checkconfOkNoChange (0 ms)
[ RUN      ] BackendBuilder.checkconfNotOKmissing
[       OK ] BackendBuilder.checkconfNotOKmissing (0 ms)
[ RUN      ] BackendBuilder.checkconfOkChanged
[       OK ] BackendBuilder.checkconfOkChanged (0 ms)
[ RUN      ] BackendBuilder.checkconfOkRemovedPluginConfig
[       OK ] BackendBuilder.checkconfOkRemovedPluginConfig (0 ms)
[ RUN      ] BackendBuilder.checkconfOkRemovedBackendConfig
[       OK ] BackendBuilder.checkconfOkRemovedBackendConfig (0 ms)
[ RUN      ] BackendBuilder.checkconfOkAppendBackendConfig
[       OK ] BackendBuilder.checkconfOkAppendBackendConfig (0 ms)
[----------] 26 tests from BackendBuilder (1 ms total)

[----------] 4 tests from MountBackendBuilder
[ RUN      ] MountBackendBuilder.basicAddRem
[       OK ] MountBackendBuilder.basicAddRem (2 ms)
[ RUN      ] MountBackendBuilder.basicSort
[       OK ] MountBackendBuilder.basicSort (9 ms)
[ RUN      ] MountBackendBuilder.allSort
[       OK ] MountBackendBuilder.allSort (94 ms)
[ RUN      ] MountBackendBuilder.resolveNeeds
[       OK ] MountBackendBuilder.resolveNeeds (4 ms)
[----------] 4 tests from MountBackendBuilder (109 ms total)

[----------] Global test environment tear-down
[==========] 30 tests from 2 test cases ran. (110 ms total)
[  PASSED  ] 30 tests.
Running testtool_backendparser

Running main() from gtest_main.cc
[==========] Running 10 tests from 1 test case.
[----------] Global test environment set-up.
[----------] 10 tests from MountBackendBuilder
[ RUN      ] MountBackendBuilder.parsePluginArguments
[       OK ] MountBackendBuilder.parsePluginArguments (1 ms)
[ RUN      ] MountBackendBuilder.parseArguments
[       OK ] MountBackendBuilder.parseArguments (0 ms)
[ RUN      ] MountBackendBuilder.parseVectorArguments
[       OK ] MountBackendBuilder.parseVectorArguments (0 ms)
[ RUN      ] MountBackendBuilder.parseArgumentsIdentical
[       OK ] MountBackendBuilder.parseArgumentsIdentical (1 ms)
[ RUN      ] MountBackendBuilder.parseArgumentsNearlyIdentical
[       OK ] MountBackendBuilder.parseArgumentsNearlyIdentical (0 ms)
[ RUN      ] MountBackendBuilder.parseArgumentsDoubleOccur
[       OK ] MountBackendBuilder.parseArgumentsDoubleOccur (0 ms)
[ RUN      ] MountBackendBuilder.parseArgumentsRef
[       OK ] MountBackendBuilder.parseArgumentsRef (0 ms)
[ RUN      ] MountBackendBuilder.parseArgumentsProvider
[       OK ] MountBackendBuilder.parseArgumentsProvider (1 ms)
[ RUN      ] MountBackendBuilder.parseArgumentsSameProvider
[       OK ] MountBackendBuilder.parseArgumentsSameProvider (1 ms)
[ RUN      ] MountBackendBuilder.parseArgumentsSameProviderAgain
[       OK ] MountBackendBuilder.parseArgumentsSameProviderAgain (0 ms)
[----------] 10 tests from MountBackendBuilder (4 ms total)

[----------] Global test environment tear-down
[==========] 10 tests from 1 test case ran. (4 ms total)
[  PASSED  ] 10 tests.
Running testtool_comparison

Running main() from gtest_main.cc
[==========] Running 9 tests from 2 test cases.
[----------] Global test environment set-up.
[----------] 4 tests from KeyDataEqualTest
[ RUN      ] KeyDataEqualTest.IsTrueForSameValuedKeys
[       OK ] KeyDataEqualTest.IsTrueForSameValuedKeys (0 ms)
[ RUN      ] KeyDataEqualTest.IsFalseForDifferentValuedKeys
[       OK ] KeyDataEqualTest.IsFalseForDifferentValuedKeys (0 ms)
[ RUN      ] KeyDataEqualTest.IsFalseForDifferentTypedKeys
[       OK ] KeyDataEqualTest.IsFalseForDifferentTypedKeys (0 ms)
[ RUN      ] KeyDataEqualTest.HandlesNullKeys
[       OK ] KeyDataEqualTest.HandlesNullKeys (0 ms)
[----------] 4 tests from KeyDataEqualTest (0 ms total)

[----------] 5 tests from KeyMetaEqual
[ RUN      ] KeyMetaEqual.IsTrueForEmptyMeta
[       OK ] KeyMetaEqual.IsTrueForEmptyMeta (0 ms)
[ RUN      ] KeyMetaEqual.IsTrueForEqualMeta
[       OK ] KeyMetaEqual.IsTrueForEqualMeta (0 ms)
[ RUN      ] KeyMetaEqual.IsFalseForDifferentMeta
[       OK ] KeyMetaEqual.IsFalseForDifferentMeta (0 ms)
[ RUN      ] KeyMetaEqual.IsFalseForMissingMeta
[       OK ] KeyMetaEqual.IsFalseForMissingMeta (0 ms)
[ RUN      ] KeyMetaEqual.HandlesNullKeys
[       OK ] KeyMetaEqual.HandlesNullKeys (0 ms)
[----------] 5 tests from KeyMetaEqual (0 ms total)

[----------] Global test environment tear-down
[==========] 9 tests from 2 test cases ran. (0 ms total)
[  PASSED  ] 9 tests.
Running testtool_keyhelper

Running main() from gtest_main.cc
[==========] Running 11 tests from 4 test cases.
[----------] Global test environment set-up.
[----------] 5 tests from RebasePath
[ RUN      ] RebasePath.RebasesCorrectlyWithValidArguments
[       OK ] RebasePath.RebasesCorrectlyWithValidArguments (0 ms)
[ RUN      ] RebasePath.RebasesCorrectlyWithCascadingParent
[       OK ] RebasePath.RebasesCorrectlyWithCascadingParent (0 ms)
[ RUN      ] RebasePath.WorksForKeyOnSameLevel
[       OK ] RebasePath.WorksForKeyOnSameLevel (0 ms)
[ RUN      ] RebasePath.ThrowsExceptionOnInvalidRebase
[       OK ] RebasePath.ThrowsExceptionOnInvalidRebase (0 ms)
[ RUN      ] RebasePath.CalculatesPathCorrectlyWithCascadingTarget
[       OK ] RebasePath.CalculatesPathCorrectlyWithCascadingTarget (0 ms)
[----------] 5 tests from RebasePath (0 ms total)

[----------] 4 tests from RebaseKey
[ RUN      ] RebaseKey.RebasesCorrectlyWithValidArguments
[       OK ] RebaseKey.RebasesCorrectlyWithValidArguments (0 ms)
[ RUN      ] RebaseKey.RebasesCorrectlyWithCascadingParent
[       OK ] RebaseKey.RebasesCorrectlyWithCascadingParent (0 ms)
[ RUN      ] RebaseKey.ThrowsExceptionOnInvalidRebase
[       OK ] RebaseKey.ThrowsExceptionOnInvalidRebase (0 ms)
[ RUN      ] RebaseKey.CreatesCopy
[       OK ] RebaseKey.CreatesCopy (0 ms)
[----------] 4 tests from RebaseKey (0 ms total)

[----------] 1 test from RemoveNamespace
[ RUN      ] RemoveNamespace.Basics
[       OK ] RemoveNamespace.Basics (0 ms)
[----------] 1 test from RemoveNamespace (0 ms total)

[----------] 1 test from CommonKeyName
[ RUN      ] CommonKeyName.Key1
[       OK ] CommonKeyName.Key1 (0 ms)
[----------] 1 test from CommonKeyName (0 ms total)

[----------] Global test environment tear-down
[==========] 11 tests from 4 test cases ran. (0 ms total)
[  PASSED  ] 11 tests.
Running testtool_mergecases

Running main() from gtest_main.cc
[==========] Running 10 tests from 1 test case.
[----------] Global test environment set-up.
[----------] 10 tests from ThreeWayMergeTest
[ RUN      ] ThreeWayMergeTest.EqualKeySetsMerge
[       OK ] ThreeWayMergeTest.EqualKeySetsMerge (0 ms)
[ RUN      ] ThreeWayMergeTest.EqualKeySetsWontCauseSync
[       OK ] ThreeWayMergeTest.EqualKeySetsWontCauseSync (0 ms)
[ RUN      ] ThreeWayMergeTest.CascadingParentsCauseNoCascadingKeys
[       OK ] ThreeWayMergeTest.CascadingParentsCauseNoCascadingKeys (0 ms)
[ RUN      ] ThreeWayMergeTest.SameDeletedKeyMerge
[       OK ] ThreeWayMergeTest.SameDeletedKeyMerge (0 ms)
[ RUN      ] ThreeWayMergeTest.DeleteModifyConflict
[       OK ] ThreeWayMergeTest.DeleteModifyConflict (0 ms)
[ RUN      ] ThreeWayMergeTest.ModifyDeleteConflict
[       OK ] ThreeWayMergeTest.ModifyDeleteConflict (0 ms)
[ RUN      ] ThreeWayMergeTest.SameModifyConflict
[       OK ] ThreeWayMergeTest.SameModifyConflict (0 ms)
[ RUN      ] ThreeWayMergeTest.SameAddedEqualValueMerges
[       OK ] ThreeWayMergeTest.SameAddedEqualValueMerges (0 ms)
[ RUN      ] ThreeWayMergeTest.SameAddedDifferentValueConflict
[       OK ] ThreeWayMergeTest.SameAddedDifferentValueConflict (0 ms)
[ RUN      ] ThreeWayMergeTest.SameMetaKeyModifyConflict
[       OK ] ThreeWayMergeTest.SameMetaKeyModifyConflict (0 ms)
[----------] 10 tests from ThreeWayMergeTest (1 ms total)

[----------] Global test environment tear-down
[==========] 10 tests from 1 test case ran. (1 ms total)
[  PASSED  ] 10 tests.
Running testtool_mergeresult

Running main() from gtest_main.cc
[==========] Running 7 tests from 1 test case.
[----------] Global test environment set-up.
[----------] 7 tests from MergeResult
[ RUN      ] MergeResult.ResolveConflictDeletesConflictMeta
[       OK ] MergeResult.ResolveConflictDeletesConflictMeta (0 ms)
[ RUN      ] MergeResult.ResolveConflictIgnoresOtherMeta
[       OK ] MergeResult.ResolveConflictIgnoresOtherMeta (0 ms)
[ RUN      ] MergeResult.ResolveConflictRemovesKeyFromConflicts
[       OK ] MergeResult.ResolveConflictRemovesKeyFromConflicts (0 ms)
[ RUN      ] MergeResult.HasConflictsWorks
[       OK ] MergeResult.HasConflictsWorks (0 ms)
[ RUN      ] MergeResult.IsConflictWorks
[       OK ] MergeResult.IsConflictWorks (0 ms)
[ RUN      ] MergeResult.CountsResolvedKeysCorrectly
[       OK ] MergeResult.CountsResolvedKeysCorrectly (0 ms)
[ RUN      ] MergeResult.CountsEqualKeysCorrectly
[       OK ] MergeResult.CountsEqualKeysCorrectly (0 ms)
[----------] 7 tests from MergeResult (1 ms total)

[----------] Global test environment tear-down
[==========] 7 tests from 1 test case ran. (1 ms total)
[  PASSED  ] 7 tests.
Running testtool_mergingkdb

Running main() from gtest_main.cc
[==========] Running 3 tests from 1 test case.
[----------] Global test environment set-up.
[----------] 3 tests from MergingKDBTest
[ RUN      ] MergingKDBTest.HandlesUnconflictingKeySets
[       OK ] MergingKDBTest.HandlesUnconflictingKeySets (94 ms)
[ RUN      ] MergingKDBTest.ThrowsIfNoConflictStrategyRegistered
[       OK ] MergingKDBTest.ThrowsIfNoConflictStrategyRegistered (174 ms)
[ RUN      ] MergingKDBTest.MergesResolvableConflicts
[       OK ] MergingKDBTest.MergesResolvableConflicts (197 ms)
[----------] 3 tests from MergingKDBTest (466 ms total)

[----------] Global test environment tear-down
[==========] 3 tests from 1 test case ran. (466 ms total)
[  PASSED  ] 3 tests.

  YOU HAVE 2 DISABLED TESTS
Running testtool_metamergestrategy

Running main() from gtest_main.cc
[==========] Running 1 test from 1 test case.
[----------] Global test environment set-up.
[----------] 1 test from MetaMergeStrategyTest
[ RUN      ] MetaMergeStrategyTest.MergesMetaWithInnerStrategy
user/parentm/config/key1
user/parentm/config/key2
user/parentm/config/key3
user/parentm/config/key4

[       OK ] MetaMergeStrategyTest.MergesMetaWithInnerStrategy (0 ms)
[----------] 1 test from MetaMergeStrategyTest (0 ms total)

[----------] Global test environment tear-down
[==========] 1 test from 1 test case ran. (0 ms total)
[  PASSED  ] 1 test.
Running testtool_newkeystrategy

Running main() from gtest_main.cc
[==========] Running 4 tests from 1 test case.
[----------] Global test environment set-up.
[----------] 4 tests from NewKeyStrategyTest
[ RUN      ] NewKeyStrategyTest.AddEqualsKeyMerge
[       OK ] NewKeyStrategyTest.AddEqualsKeyMerge (1 ms)
[ RUN      ] NewKeyStrategyTest.AddEqualsRespectsBinaryData
[       OK ] NewKeyStrategyTest.AddEqualsRespectsBinaryData (0 ms)
[ RUN      ] NewKeyStrategyTest.EqualsAddKeyMerge
[       OK ] NewKeyStrategyTest.EqualsAddKeyMerge (0 ms)
[ RUN      ] NewKeyStrategyTest.EqualsAddRespectsBinaryData
[       OK ] NewKeyStrategyTest.EqualsAddRespectsBinaryData (0 ms)
[----------] 4 tests from NewKeyStrategyTest (1 ms total)

[----------] Global test environment tear-down
[==========] 4 tests from 1 test case ran. (1 ms total)
[  PASSED  ] 4 tests.
Running testtool_onesidestrategy

Running main() from gtest_main.cc
[==========] Running 6 tests from 1 test case.
[----------] Global test environment set-up.
[----------] 6 tests from OneSideStrategyTest
[ RUN      ] OneSideStrategyTest.BaseWinsCorrectly
user/parentm/config/key1
user/parentm/config/key2
user/parentm/config/key3
user/parentm/config/key4

[       OK ] OneSideStrategyTest.BaseWinsCorrectly (0 ms)
[ RUN      ] OneSideStrategyTest.BaseWinnerRespectsBinaryData
[       OK ] OneSideStrategyTest.BaseWinnerRespectsBinaryData (0 ms)
[ RUN      ] OneSideStrategyTest.OursWinsCorrectly
user/parentm/config/key1
user/parentm/config/key2
user/parentm/config/key3
user/parentm/config/key4

[       OK ] OneSideStrategyTest.OursWinsCorrectly (0 ms)
[ RUN      ] OneSideStrategyTest.OursWinnerRespectsBinaryData
[       OK ] OneSideStrategyTest.OursWinnerRespectsBinaryData (0 ms)
[ RUN      ] OneSideStrategyTest.TheirsWinsCorrectly
user/parentm/config/key1
user/parentm/config/key2
user/parentm/config/key3
user/parentm/config/key4

[       OK ] OneSideStrategyTest.TheirsWinsCorrectly (0 ms)
[ RUN      ] OneSideStrategyTest.TheirsWinnerRespectsBinaryData
[       OK ] OneSideStrategyTest.TheirsWinnerRespectsBinaryData (0 ms)
[----------] 6 tests from OneSideStrategyTest (0 ms total)

[----------] Global test environment tear-down
[==========] 6 tests from 1 test case ran. (0 ms total)
[  PASSED  ] 6 tests.
Running testtool_plugindatabase

Running main() from gtest_main.cc
[==========] Running 3 tests from 1 test case.
[----------] Global test environment set-up.
[----------] 3 tests from PluginVariantsDatabase
[ RUN      ] PluginVariantsDatabase.listAllPlugins
[       OK ] PluginVariantsDatabase.listAllPlugins (1 ms)
[ RUN      ] PluginVariantsDatabase.listAllPluginsWithDisabled
[       OK ] PluginVariantsDatabase.listAllPluginsWithDisabled (1 ms)
[ RUN      ] PluginVariantsDatabase.getPluginVariants
[       OK ] PluginVariantsDatabase.getPluginVariants (21 ms)
[----------] 3 tests from PluginVariantsDatabase (23 ms total)

[----------] Global test environment tear-down
[==========] 3 tests from 1 test case ran. (23 ms total)
[  PASSED  ] 3 tests.
Running testtool_pluginspec

Running main() from gtest_main.cc
[==========] Running 5 tests from 1 test case.
[----------] Global test environment set-up.
[----------] 5 tests from PluginSpec
[ RUN      ] PluginSpec.construct
[       OK ] PluginSpec.construct (0 ms)
[ RUN      ] PluginSpec.appendConfig
[       OK ] PluginSpec.appendConfig (0 ms)
[ RUN      ] PluginSpec.wrongNames
[       OK ] PluginSpec.wrongNames (0 ms)
[ RUN      ] PluginSpec.compare
[       OK ] PluginSpec.compare (0 ms)
[ RUN      ] PluginSpec.hash
[       OK ] PluginSpec.hash (0 ms)
[----------] 5 tests from PluginSpec (0 ms total)

[----------] Global test environment tear-down
[==========] 5 tests from 1 test case ran. (0 ms total)
[  PASSED  ] 5 tests.
Running testtool_samemountpoint

Running main() from gtest_main.cc
[==========] Running 38 tests from 1 test case.
[----------] Global test environment set-up.
[----------] 38 tests from SameMountpoint
[ RUN      ] SameMountpoint.setMountpoints
[       OK ] SameMountpoint.setMountpoints (1 ms)
[ RUN      ] SameMountpoint.setMountpointsNamespaces
[       OK ] SameMountpoint.setMountpointsNamespaces (0 ms)
[ RUN      ] SameMountpoint.strangeMountpoints
[       OK ] SameMountpoint.strangeMountpoints (0 ms)
[ RUN      ] SameMountpoint.wrongMountpoints
[       OK ] SameMountpoint.wrongMountpoints (0 ms)
[ RUN      ] SameMountpoint.wrongElektraMountpoints
[       OK ] SameMountpoint.wrongElektraMountpoints (0 ms)
[ RUN      ] SameMountpoint.notSame
[       OK ] SameMountpoint.notSame (1 ms)
[ RUN      ] SameMountpoint.exactlySameHelloSpec
[       OK ] SameMountpoint.exactlySameHelloSpec (0 ms)
[ RUN      ] SameMountpoint.exactlySameHelloDir
[       OK ] SameMountpoint.exactlySameHelloDir (0 ms)
[ RUN      ] SameMountpoint.exactlySameHelloUser
[       OK ] SameMountpoint.exactlySameHelloUser (0 ms)
[ RUN      ] SameMountpoint.exactlySameHelloSystem
[       OK ] SameMountpoint.exactlySameHelloSystem (0 ms)
[ RUN      ] SameMountpoint.cascadingFirstSameHelloSpec
[       OK ] SameMountpoint.cascadingFirstSameHelloSpec (0 ms)
[ RUN      ] SameMountpoint.cascadingFirstSameHelloUser
[       OK ] SameMountpoint.cascadingFirstSameHelloUser (0 ms)
[ RUN      ] SameMountpoint.cascadingFirstSameHelloSystem
[       OK ] SameMountpoint.cascadingFirstSameHelloSystem (0 ms)
[ RUN      ] SameMountpoint.cascadingSameHelloSpec
[       OK ] SameMountpoint.cascadingSameHelloSpec (0 ms)
[ RUN      ] SameMountpoint.cascadingSameHelloDir
[       OK ] SameMountpoint.cascadingSameHelloDir (0 ms)
[ RUN      ] SameMountpoint.cascadingSameHelloUser
[       OK ] SameMountpoint.cascadingSameHelloUser (0 ms)
[ RUN      ] SameMountpoint.cascadingSameHelloSystem
[       OK ] SameMountpoint.cascadingSameHelloSystem (0 ms)
[ RUN      ] SameMountpoint.exactlySameSpec
[       OK ] SameMountpoint.exactlySameSpec (0 ms)
[ RUN      ] SameMountpoint.exactlySameDir
[       OK ] SameMountpoint.exactlySameDir (0 ms)
[ RUN      ] SameMountpoint.exactlySameUser
[       OK ] SameMountpoint.exactlySameUser (0 ms)
[ RUN      ] SameMountpoint.exactlySameSystem
[       OK ] SameMountpoint.exactlySameSystem (0 ms)
[ RUN      ] SameMountpoint.cascadingFirstSameSpec
[       OK ] SameMountpoint.cascadingFirstSameSpec (0 ms)
[ RUN      ] SameMountpoint.cascadingFirstSameDir
[       OK ] SameMountpoint.cascadingFirstSameDir (0 ms)
[ RUN      ] SameMountpoint.cascadingFirstSameUser
[       OK ] SameMountpoint.cascadingFirstSameUser (0 ms)
[ RUN      ] SameMountpoint.cascadingFirstSameSystem
[       OK ] SameMountpoint.cascadingFirstSameSystem (0 ms)
[ RUN      ] SameMountpoint.cascadingSameSpec
[       OK ] SameMountpoint.cascadingSameSpec (0 ms)
[ RUN      ] SameMountpoint.cascadingSameDir
[       OK ] SameMountpoint.cascadingSameDir (0 ms)
[ RUN      ] SameMountpoint.cascadingSameUser
[       OK ] SameMountpoint.cascadingSameUser (0 ms)
[ RUN      ] SameMountpoint.cascadingSameSystem
[       OK ] SameMountpoint.cascadingSameSystem (1 ms)
[ RUN      ] SameMountpoint.sameRoot
[       OK ] SameMountpoint.sameRoot (0 ms)
[ RUN      ] SameMountpoint.sameRootSpec
[       OK ] SameMountpoint.sameRootSpec (0 ms)
[ RUN      ] SameMountpoint.sameRootDir
[       OK ] SameMountpoint.sameRootDir (0 ms)
[ RUN      ] SameMountpoint.sameRootUser
[       OK ] SameMountpoint.sameRootUser (0 ms)
[ RUN      ] SameMountpoint.sameRootSystem
[       OK ] SameMountpoint.sameRootSystem (0 ms)
[ RUN      ] SameMountpoint.sameRootSlashSpec
[       OK ] SameMountpoint.sameRootSlashSpec (0 ms)
[ RUN      ] SameMountpoint.sameRootSlashDir
[       OK ] SameMountpoint.sameRootSlashDir (0 ms)
[ RUN      ] SameMountpoint.sameRootSlashUser
[       OK ] SameMountpoint.sameRootSlashUser (0 ms)
[ RUN      ] SameMountpoint.sameRootSlashSystem
[       OK ] SameMountpoint.sameRootSlashSystem (0 ms)
[----------] 38 tests from SameMountpoint (4 ms total)

[----------] Global test environment tear-down
[==========] 38 tests from 1 test case ran. (4 ms total)
[  PASSED  ] 38 tests.
Running testtool_specreader

Running main() from gtest_main.cc
[==========] Running 12 tests from 1 test case.
[----------] Global test environment set-up.
[----------] 12 tests from SpecReader
[ RUN      ] SpecReader.withDatabase
[       OK ] SpecReader.withDatabase (0 ms)
[ RUN      ] SpecReader.withDatabaseRecursive
[       OK ] SpecReader.withDatabaseRecursive (0 ms)
[ RUN      ] SpecReader.withNeeds
[       OK ] SpecReader.withNeeds (0 ms)
[ RUN      ] SpecReader.withNeedsResolved
[       OK ] SpecReader.withNeedsResolved (1 ms)
[ RUN      ] SpecReader.withNeedsResolvedPreferences
[       OK ] SpecReader.withNeedsResolvedPreferences (0 ms)
[ RUN      ] SpecReader.withNeedsResolvedPreferencesPlugins
[       OK ] SpecReader.withNeedsResolvedPreferencesPlugins (0 ms)
[ RUN      ] SpecReader.withNeedsResolvedNumerical
[       OK ] SpecReader.withNeedsResolvedNumerical (0 ms)
[ RUN      ] SpecReader.withNeedsResolvedPreferencesIgnored
[       OK ] SpecReader.withNeedsResolvedPreferencesIgnored (0 ms)
[ RUN      ] SpecReader.withMetadata
[       OK ] SpecReader.withMetadata (0 ms)
[ RUN      ] SpecReader.withMetadataPreference
[       OK ] SpecReader.withMetadataPreference (0 ms)
[ RUN      ] SpecReader.withMetadataPreferenceNumerical
[       OK ] SpecReader.withMetadataPreferenceNumerical (0 ms)
[ RUN      ] SpecReader.pluginConfiguration
[       OK ] SpecReader.pluginConfiguration (1 ms)
[----------] 12 tests from SpecReader (2 ms total)

[----------] Global test environment tear-down
[==========] 12 tests from 1 test case ran. (2 ms total)
[  PASSED  ] 12 tests.
Running testtool_umount

Running main() from gtest_main.cc
[==========] Running 20 tests from 1 test case.
[----------] Global test environment set-up.
[----------] 20 tests from Umount
[ RUN      ] Umount.SimpleRoot
[       OK ] Umount.SimpleRoot (1 ms)
[ RUN      ] Umount.SimpleSpec
[       OK ] Umount.SimpleSpec (0 ms)
[ RUN      ] Umount.SimpleDir
[       OK ] Umount.SimpleDir (0 ms)
[ RUN      ] Umount.SimpleUser
[       OK ] Umount.SimpleUser (0 ms)
[ RUN      ] Umount.SimpleSystem
[       OK ] Umount.SimpleSystem (0 ms)
[ RUN      ] Umount.SimpleCascading
[       OK ] Umount.SimpleCascading (0 ms)
[ RUN      ] Umount.InvolvedRoot
[       OK ] Umount.InvolvedRoot (0 ms)
[ RUN      ] Umount.InvolvedSpec
[       OK ] Umount.InvolvedSpec (0 ms)
[ RUN      ] Umount.InvolvedDir
[       OK ] Umount.InvolvedDir (0 ms)
[ RUN      ] Umount.InvolvedUser
[       OK ] Umount.InvolvedUser (0 ms)
[ RUN      ] Umount.InvolvedSystem
[       OK ] Umount.InvolvedSystem (0 ms)
[ RUN      ] Umount.InvolvedCascading
[       OK ] Umount.InvolvedCascading (0 ms)
[ RUN      ] Umount.SameSpec
[       OK ] Umount.SameSpec (0 ms)
[ RUN      ] Umount.OldSpec
[       OK ] Umount.OldSpec (0 ms)
[ RUN      ] Umount.SameUser
[       OK ] Umount.SameUser (0 ms)
[ RUN      ] Umount.SameSystem
[       OK ] Umount.SameSystem (0 ms)
[ RUN      ] Umount.SimilarOldNew
[       OK ] Umount.SimilarOldNew (0 ms)
[ RUN      ] Umount.SimilarOldNew2
[       OK ] Umount.SimilarOldNew2 (0 ms)
[ RUN      ] Umount.SimilarOldNew3
[       OK ] Umount.SimilarOldNew3 (0 ms)
[ RUN      ] Umount.SimilarOldNew4
[       OK ] Umount.SimilarOldNew4 (0 ms)
[----------] 20 tests from Umount (1 ms total)

[----------] Global test environment tear-down
[==========] 20 tests from 1 test case ran. (1 ms total)
[  PASSED  ] 20 tests.
Running check-env-dep


Running check_basic


ELEKTRA BASIC SCRIPTS TESTS

Check if script tests the correct version
Testing version
Testing invalid
kdb: unrecognized option '--ww'
Sorry, I could not process the given options (see errors above)

Usage: kdb ls <name>

List the names of keys below a given name.
List all keys below given name.
To also retrieve the value use the
export command.
-d --debug               Give debug information or ask debug questions (in interactive mode).
-H --help                Show the man page.
-m --min-depth <min>     Specify the minimum depth (default 0).
-M --max-depth <max>     Specify the maximum depth (unlimited by default).
-p --profile <name>      Use a different profile for kdb configuration.
-v --verbose             Explain what is happening.
-V --version             Print version info.
-0 --null                Use binary 0 termination.
-C --color <when>       Print never/auto(default)/always colored output.

Sorry, I could not process the arguments: 1 argument required

Usage: kdb ls <name>

List the names of keys below a given name.
List all keys below given name.
To also retrieve the value use the
export command.
-d --debug               Give debug information or ask debug questions (in interactive mode).
-H --help                Show the man page.
-m --min-depth <min>     Specify the minimum depth (default 0).
-M --max-depth <max>     Specify the maximum depth (unlimited by default).
-p --profile <name>      Use a different profile for kdb configuration.
-v --verbose             Explain what is happening.
-V --version             Print version info.
-0 --null                Use binary 0 termination.
-C --color <when>       Print never/auto(default)/always colored output.

The command kdb xx is not known
check_basic RESULTS: 7 test(s) done 0 error(s).
Running check_cmd_line_arguments


ELEKTRA CHECK CMD LINE ARGUMENTS

Check if script tests the correct version
kdb: invalid option -- 'z'
Sorry, I could not process the given options (see errors above)

Usage: kdb export <source> [<format>]

Export configuration from the key database.
The export utility allows you to export
all or parts of the configuration to stdout.

-d --debug               Give debug information or ask debug questions (in interactive mode).
-H --help                Show the man page.
-p --profile <name>      Use a different profile for kdb configuration.
-v --verbose             Explain what is happening.
-V --version             Print version info.
-E --without-elektra     Omit the `/elektra` directory.
-c --plugins-config <c>  Add a plugin configuration.
-C --color <when>       Print never/auto(default)/always colored output.

kdbOpen 1
ksNew 1
keyNew 18 5
user/tests/exporttest
keyEnd
ksEnd
Sorry, I could not fetch my own configuration:
Sorry, module [1m[34mdump[0m issued the error [1m[31mC03100[0m:
Validation Syntactic: Unknown command detected in dumpfile: invalidCommand.
Maybe you use a different file format? Try to remount with another plugin (eg. ini, ni, etc.)
[1mMountpoint: [0muser
[1mConfigfile: [0m/home/markus/.config/default.ecf
[1mAt: [0m/home/jenkins/workspace/libelektra_master-Q2SIBK3KE2NBEMJ4WVGJXAXCSCB77DUBUULVLZDKHQEV3WNDXBMA/libelektra/src/plugins/dump/dump.cpp:196
Running check_distribution


ELEKTRA CHECK DISTRIBUTION

Check if script tests the correct version
Testing sibling
  Check distribution of system/tests/script/distribution/a1 and system/tests/script/distribution/b2
  Check distribution of system//tests/script/distribution/a1 and system//tests/script/distribution/b2
  Check distribution of system/////tests/script/distribution///a1 and system//////tests/script/distribution////b2
Testing direct below
  Check distribution of system/tests/script/distribution and system/tests/script/distribution/b2
  Check distribution of system/tests/script/distribution/a1 and system/tests/script/distribution
  Check distribution of system////tests/script///distribution and system///tests/script///distribution///b2
  Check distribution of system///tests/script///distribution///a1 and system///tests/script///distribution
Testing below
  Check distribution of system/tests/script/distribution and system/tests/script/distribution/b2/more/below
  Check distribution of system/tests/script/distribution/a1/more/below and system/tests/script/distribution
  Check distribution of system////tests/script////distribution and system///tests/script//distribution/b2///more///below
  Check distribution of system////tests/script//distribution///a1/more///below and system///tests/script////distribution
Excluded tests with root, set WRITE_TO_SYSTEM=YES to include them
Testing cascading with normal
  Check distribution of /tests/script/distribution/a1 and system/tests/script/distribution/b2
Using name system/tests/script/distribution/a1
Using name system/tests/script/distribution/a1/xxx
  Check distribution of /tests/script/distribution and system/tests/script/distribution/b2
Using name system/tests/script/distribution
Using name system/tests/script/distribution/xxx
  Check distribution of /tests/script/distribution/a1 and system/tests/script/distribution
Using name system/tests/script/distribution/a1
Using name system/tests/script/distribution/a1/xxx
  Check distribution of /tests/script/distribution/a1//deep///below and system/tests/script/distribution
Using name system/tests/script/distribution/a1/deep/below
Using name system/tests/script/distribution/a1/deep/below/xxx
Testing cascading with cascading
  Check distribution of /tests/script/distribution/a1 and /tests/script/distribution/b2
Using name system/tests/script/distribution/a1
Using name system/tests/script/distribution/a1/xxx
Using name system/tests/script/distribution/b2
Using name system/tests/script/distribution/b2/xxx
  Check distribution of /tests/script/distribution and /tests/script/distribution/b2
Using name system/tests/script/distribution
Using name system/tests/script/distribution/xxx
Using name system/tests/script/distribution/b2
Using name system/tests/script/distribution/b2/xxx
  Check distribution of /tests/script/distribution/a1 and /tests/script/distribution
Using name system/tests/script/distribution/a1
Using name system/tests/script/distribution/a1/xxx
Using name system/tests/script/distribution
Using name system/tests/script/distribution/xxx
  Check distribution of /tests/script/distribution/a1//deep///below and /tests/script/distribution
Using name system/tests/script/distribution/a1/deep/below
Using name system/tests/script/distribution/a1/deep/below/xxx
Using name system/tests/script/distribution
Using name system/tests/script/distribution/xxx
check_distribution RESULTS: 306 test(s) done 0 error(s).
Running check_doc


ELEKTRA DOCU CONSISTENCY CHECK

ls: Zugriff auf '/home/jenkins/workspace/libelektra_master-Q2SIBK3KE2NBEMJ4WVGJXAXCSCB77DUBUULVLZDKHQEV3WNDXBMA/libelektra/doc/dev' nicht m√∂glich: Datei oder Verzeichnis nicht gefunden
ls: Zugriff auf '/home/jenkins/workspace/libelektra_master-Q2SIBK3KE2NBEMJ4WVGJXAXCSCB77DUBUULVLZDKHQEV3WNDXBMA/libelektra/doc/decisions' nicht m√∂glich: Datei oder Verzeichnis nicht gefunden
check_doc RESULTS: 0 test(s) done 0 error(s).
Running check_error


ELEKTRA CHECK ERROR

Check if script tests the correct version
Testing operations on erroneous backends
check_error RESULTS: 20 test(s) done 0 error(s).
Running check_export


ELEKTRA EXPORT SCRIPTS TESTS

Check if script tests the correct version
augeas not a read-write storage
base64 not a read-write storage
blockresolver not a read-write storage
boolean not a read-write storage
c not a read-write storage
cache not a read-write storage
cachefilter not a read-write storage
camel not a read-write storage
ccode not a read-write storage
conditionals not a read-write storage
constants not a read-write storage
counter not a read-write storage
cpptemplate not a read-write storage
cpptype not a read-write storage
crypto_botan not a read-write storage
crypto_gcrypt not a read-write storage
crypto_openssl not a read-write storage
csvstorage not a read-write storage
curlget not a read-write storage
date not a read-write storage
dbus not a read-write storage
dbusrecv not a read-write storage
desktop not a read-write storage
dini not a read-write storage
directoryvalue not a read-write storage
doc not a read-write storage
dpkg not a read-write storage
dump not a read-write storage
enum not a read-write storage
error not a read-write storage
fcrypt not a read-write storage
file not a read-write storage
filecheck not a read-write storage
fstab not a read-write storage
glob not a read-write storage
gopts not a read-write storage
gpgme not a read-write storage
hexcode not a read-write storage
hexnumber not a read-write storage
hidden not a read-write storage
hosts not a read-write storage
iconv not a read-write storage
ini not a read-write storage
internalnotification not a read-write storage
ipaddr not a read-write storage
iterate not a read-write storage
journald not a read-write storage
keytometa not a read-write storage
line not a read-write storage
lineendings not a read-write storage
list not a read-write storage
logchange not a read-write storage
lua not a read-write storage
macaddr not a read-write storage
mathcheck not a read-write storage
mini not a read-write storage
mmapstorage not a read-write storage
mmapstorage_crc not a read-write storage
mozprefs not a read-write storage
multifile not a read-write storage
network not a read-write storage
ni not a read-write storage
noresolver not a read-write storage
null not a read-write storage
passwd not a read-write storage
path not a read-write storage
process not a read-write storage
profile not a read-write storage
python not a read-write storage
python2 not a read-write storage
quickdump not a read-write storage
range not a read-write storage
reference not a read-write storage
regexstore not a read-write storage
rename not a read-write storage
required not a read-write storage
resolver_fm_b_b not a read-write storage
resolver_fm_hb_b not a read-write storage
resolver_fm_hp_b not a read-write storage
resolver_fm_hpu_b not a read-write storage
resolver_fm_pb_b not a read-write storage
resolver_fm_ub_x not a read-write storage
resolver_fm_uhb_xb not a read-write storage
resolver_fm_xb_x not a read-write storage
resolver_fm_xhp_x not a read-write storage
resolver_fm_xp_x not a read-write storage
rgbcolor not a read-write storage
shell not a read-write storage
simpleini not a read-write storage
simplespeclang not a read-write storage
spec not a read-write storage
specload not a read-write storage
struct not a read-write storage
sync not a read-write storage
syslog not a read-write storage
tcl not a read-write storage
template not a read-write storage
timeofday not a read-write storage
tracer not a read-write storage
type not a read-write storage
uname not a read-write storage
unit not a read-write storage
validation not a read-write storage
wresolver not a read-write storage
xerces not a read-write storage
xmltool not a read-write storage
yajl not a read-write storage
yambi not a read-write storage
yamlsmith not a read-write storage
yaypeg not a read-write storage
zeromqrecv not a read-write storage
zeromqsend not a read-write storage
check_export RESULTS: 4 test(s) done 0 error(s).
Running check_get_set


ELEKTRA BASIC COMMAND SCRIPTS TESTS

Check if script tests the correct version
augeas not a read-write storage
base64 not a read-write storage
blockresolver not a read-write storage
boolean not a read-write storage
c not a read-write storage
cache not a read-write storage
cachefilter not a read-write storage
camel not a read-write storage
ccode not a read-write storage
conditionals not a read-write storage
constants not a read-write storage
counter not a read-write storage
cpptemplate not a read-write storage
cpptype not a read-write storage
crypto_botan not a read-write storage
crypto_gcrypt not a read-write storage
crypto_openssl not a read-write storage
csvstorage not a read-write storage
curlget not a read-write storage
date not a read-write storage
dbus not a read-write storage
dbusrecv not a read-write storage
desktop not a read-write storage
dini not a read-write storage
directoryvalue not a read-write storage
doc not a read-write storage
dpkg not a read-write storage
dump not a read-write storage
enum not a read-write storage
error not a read-write storage
fcrypt not a read-write storage
file not a read-write storage
filecheck not a read-write storage
fstab not a read-write storage
glob not a read-write storage
gopts not a read-write storage
gpgme not a read-write storage
hexcode not a read-write storage
hexnumber not a read-write storage
hidden not a read-write storage
hosts not a read-write storage
iconv not a read-write storage
ini not a read-write storage
internalnotification not a read-write storage
ipaddr not a read-write storage
iterate not a read-write storage
journald not a read-write storage
keytometa not a read-write storage
line not a read-write storage
lineendings not a read-write storage
list not a read-write storage
logchange not a read-write storage
lua not a read-write storage
macaddr not a read-write storage
mathcheck not a read-write storage
mini not a read-write storage
mmapstorage not a read-write storage
mmapstorage_crc not a read-write storage
mozprefs not a read-write storage
multifile not a read-write storage
network not a read-write storage
ni not a read-write storage
noresolver not a read-write storage
null not a read-write storage
passwd not a read-write storage
path not a read-write storage
process not a read-write storage
profile not a read-write storage
python not a read-write storage
python2 not a read-write storage
quickdump not a read-write storage
range not a read-write storage
reference not a read-write storage
regexstore not a read-write storage
rename not a read-write storage
required not a read-write storage
resolver_fm_b_b not a read-write storage
resolver_fm_hb_b not a read-write storage
resolver_fm_hp_b not a read-write storage
resolver_fm_hpu_b not a read-write storage
resolver_fm_pb_b not a read-write storage
resolver_fm_ub_x not a read-write storage
resolver_fm_uhb_xb not a read-write storage
resolver_fm_xb_x not a read-write storage
resolver_fm_xhp_x not a read-write storage
resolver_fm_xp_x not a read-write storage
rgbcolor not a read-write storage
shell not a read-write storage
simpleini not a read-write storage
simplespeclang not a read-write storage
spec not a read-write storage
specload not a read-write storage
struct not a read-write storage
sync not a read-write storage
syslog not a read-write storage
tcl not a read-write storage
template not a read-write storage
timeofday not a read-write storage
tracer not a read-write storage
type not a read-write storage
uname not a read-write storage
unit not a read-write storage
validation not a read-write storage
wresolver not a read-write storage
xerces not a read-write storage
xmltool not a read-write storage
yajl not a read-write storage
yambi not a read-write storage
yamlsmith not a read-write storage
yaypeg not a read-write storage
zeromqrecv not a read-write storage
zeromqsend not a read-write storage
check_get_set RESULTS: 2 test(s) done 0 error(s).
Running check_import


ELEKTRA IMPORT SCRIPTS TESTS

Check if script tests the correct version
-- augeas not a read-write storage
-- base64 not a read-write storage
-- blockresolver not a read-write storage
-- boolean not a read-write storage
-- c not a read-write storage
-- cache not a read-write storage
-- cachefilter not a read-write storage
-- camel not a read-write storage
-- ccode not a read-write storage
-- conditionals not a read-write storage
-- constants not a read-write storage
-- counter not a read-write storage
-- cpptemplate not a read-write storage
-- cpptype not a read-write storage
-- crypto_botan not a read-write storage
-- crypto_gcrypt not a read-write storage
-- crypto_openssl not a read-write storage
-- csvstorage not a read-write storage
-- curlget not a read-write storage
-- date not a read-write storage
-- dbus not a read-write storage
-- dbusrecv not a read-write storage
-- desktop not a read-write storage
-- dini not a read-write storage
-- directoryvalue not a read-write storage
-- doc not a read-write storage
-- dpkg not a read-write storage
-- dump not a read-write storage
-- enum not a read-write storage
-- error not a read-write storage
-- fcrypt not a read-write storage
-- file not a read-write storage
-- filecheck not a read-write storage
-- fstab not a read-write storage
-- glob not a read-write storage
-- gopts not a read-write storage
-- gpgme not a read-write storage
-- hexcode not a read-write storage
-- hexnumber not a read-write storage
-- hidden not a read-write storage
-- hosts not a read-write storage
-- iconv not a read-write storage
-- ini not a read-write storage
-- internalnotification not a read-write storage
-- ipaddr not a read-write storage
-- iterate not a read-write storage
-- journald not a read-write storage
-- keytometa not a read-write storage
-- line not a read-write storage
-- lineendings not a read-write storage
-- list not a read-write storage
-- logchange not a read-write storage
-- lua not a read-write storage
-- macaddr not a read-write storage
-- mathcheck not a read-write storage
-- mini not a read-write storage
-- mmapstorage not a read-write storage
-- mmapstorage_crc not a read-write storage
-- mozprefs not a read-write storage
-- multifile not a read-write storage
-- network not a read-write storage
-- ni not a read-write storage
-- noresolver not a read-write storage
-- null not a read-write storage
-- passwd not a read-write storage
-- path not a read-write storage
-- process not a read-write storage
-- profile not a read-write storage
-- python not a read-write storage
-- python2 not a read-write storage
-- quickdump not a read-write storage
-- range not a read-write storage
-- reference not a read-write storage
-- regexstore not a read-write storage
-- rename not a read-write storage
-- required not a read-write storage
-- resolver_fm_b_b not a read-write storage
-- resolver_fm_hb_b not a read-write storage
-- resolver_fm_hp_b not a read-write storage
-- resolver_fm_hpu_b not a read-write storage
-- resolver_fm_pb_b not a read-write storage
-- resolver_fm_ub_x not a read-write storage
-- resolver_fm_uhb_xb not a read-write storage
-- resolver_fm_xb_x not a read-write storage
-- resolver_fm_xhp_x not a read-write storage
-- resolver_fm_xp_x not a read-write storage
-- rgbcolor not a read-write storage
-- shell not a read-write storage
-- simpleini not a read-write storage
-- simplespeclang not a read-write storage
-- spec not a read-write storage
-- specload not a read-write storage
-- struct not a read-write storage
-- sync not a read-write storage
-- syslog not a read-write storage
-- tcl not a read-write storage
-- template not a read-write storage
-- timeofday not a read-write storage
-- tracer not a read-write storage
-- type not a read-write storage
-- uname not a read-write storage
-- unit not a read-write storage
-- validation not a read-write storage
-- wresolver not a read-write storage
-- xerces not a read-write storage
-- xmltool not a read-write storage
-- yajl not a read-write storage
-- yambi not a read-write storage
-- yamlsmith not a read-write storage
-- yaypeg not a read-write storage
-- zeromqrecv not a read-write storage
-- zeromqsend not a read-write storage
check_import RESULTS: 4 test(s) done 0 error(s).
Running check_kdb_internal_check


ELEKTRA KDB INTERNAL TEST SUITE

Check if script tests the correct version
Running checks with >kdb<
Checking augeas base64 blockresolver boolean c cache cachefilter camel ccode conditionals constants counter cpptemplate cpptype crypto_botan crypto_gcrypt crypto_openssl csvstorage curlget date dbus dbusrecv desktop dini directoryvalue doc dpkg dump enum error fcrypt file filecheck fstab glob gopts gpgme hexcode hexnumber hidden hosts iconv ini internalnotification ipaddr iterate journald keytometa line lineendings list logchange lua macaddr mathcheck mini mmapstorage mmapstorage_crc mozprefs multifile network ni noresolver null passwd path process profile python python2 quickdump range reference regexstore rename required resolver_fm_b_b resolver_fm_hb_b resolver_fm_hp_b resolver_fm_hpu_b resolver_fm_pb_b resolver_fm_ub_x resolver_fm_uhb_xb resolver_fm_xb_x resolver_fm_xhp_x resolver_fm_xp_x rgbcolor shell simpleini simplespeclang spec specload struct sync syslog tcl template timeofday tracer type uname unit validation wresolver xerces xmltool yajl yambi yamlsmith yaypeg zeromqrecv zeromqsend
check_kdb_internal_check RESULTS: 218 test(s) done 0 error(s).
Running check_kdb_internal_suite


ELEKTRA KDB INTERNAL TEST SUITE

Check if script tests the correct version
augeas not a read-write storage
base64 not a read-write storage
blockresolver not a read-write storage
boolean not a read-write storage
c not a read-write storage
cache not a read-write storage
cachefilter not a read-write storage
camel not a read-write storage
ccode not a read-write storage
conditionals not a read-write storage
constants not a read-write storage
counter not a read-write storage
cpptemplate not a read-write storage
cpptype not a read-write storage
crypto_botan not a read-write storage
crypto_gcrypt not a read-write storage
crypto_openssl not a read-write storage
csvstorage not a read-write storage
curlget not a read-write storage
date not a read-write storage
dbus not a read-write storage
dbusrecv not a read-write storage
desktop not a read-write storage
dini not a read-write storage
directoryvalue not a read-write storage
doc not a read-write storage
dpkg not a read-write storage
dump not a read-write storage
enum not a read-write storage
error not a read-write storage
fcrypt not a read-write storage
file not a read-write storage
filecheck not a read-write storage
fstab not a read-write storage
glob not a read-write storage
gopts not a read-write storage
gpgme not a read-write storage
hexcode not a read-write storage
hexnumber not a read-write storage
hidden not a read-write storage
hosts not a read-write storage
iconv not a read-write storage
ini not a read-write storage
internalnotification not a read-write storage
ipaddr not a read-write storage
iterate not a read-write storage
journald not a read-write storage
keytometa not a read-write storage
line not a read-write storage
lineendings not a read-write storage
list not a read-write storage
logchange not a read-write storage
lua not a read-write storage
macaddr not a read-write storage
mathcheck not a read-write storage
mini not a read-write storage
mmapstorage not a read-write storage
mmapstorage_crc not a read-write storage
mozprefs not a read-write storage
multifile not a read-write storage
network not a read-write storage
ni not a read-write storage
noresolver not a read-write storage
null not a read-write storage
passwd not a read-write storage
path not a read-write storage
process not a read-write storage
profile not a read-write storage
python not a read-write storage
python2 not a read-write storage
quickdump not a read-write storage
range not a read-write storage
reference not a read-write storage
regexstore not a read-write storage
rename not a read-write storage
required not a read-write storage
resolver_fm_b_b not a read-write storage
resolver_fm_hb_b not a read-write storage
resolver_fm_hp_b not a read-write storage
resolver_fm_hpu_b not a read-write storage
resolver_fm_pb_b not a read-write storage
resolver_fm_ub_x not a read-write storage
resolver_fm_uhb_xb not a read-write storage
resolver_fm_xb_x not a read-write storage
resolver_fm_xhp_x not a read-write storage
resolver_fm_xp_x not a read-write storage
rgbcolor not a read-write storage
shell not a read-write storage
simpleini not a read-write storage
simplespeclang not a read-write storage
spec not a read-write storage
specload not a read-write storage
struct not a read-write storage
sync not a read-write storage
syslog not a read-write storage
tcl not a read-write storage
template not a read-write storage
timeofday not a read-write storage
tracer not a read-write storage
type not a read-write storage
uname not a read-write storage
unit not a read-write storage
validation not a read-write storage
wresolver not a read-write storage
xerces not a read-write storage
xmltool not a read-write storage
yajl not a read-write storage
yambi not a read-write storage
yamlsmith not a read-write storage
yaypeg not a read-write storage
zeromqrecv not a read-write storage
zeromqsend not a read-write storage
check_kdb_internal_suite RESULTS: 2 test(s) done 0 error(s).
Running check_merge


ELEKTRA MERGE SCRIPTS TESTS

Check if script tests the correct version
Testing trivial merging
Testing conflict
Testing binary data handling
Testing metadata
check_merge RESULTS: 30 test(s) done 0 error(s).
Running check_meta


ELEKTRA PLUGIN METATADA CONSISTENCY CHECK

ls: Zugriff auf '/home/jenkins/workspace/libelektra_master-Q2SIBK3KE2NBEMJ4WVGJXAXCSCB77DUBUULVLZDKHQEV3WNDXBMA/libelektra/src/plugins' nicht m√∂glich: Datei oder Verzeichnis nicht gefunden
check_meta RESULTS: 0 test(s) done 0 error(s).
Running check_mount


ELEKTRA MOUNT TESTS

Check if script tests the correct version
Test basic mounting
Mountpoint /test/script/mount does not exist
Test mounting plugin stack
Test simple mount configuration
Test multiple mount configurations
Test remounting the existing mount
Testing unmount via path
check_mount RESULTS: 22 test(s) done 0 error(s).
Running check_race


ELEKTRA RACE TESTS

Check if script tests the correct version
Will skip the test, because it is sensible to ulimit settings and race might hang
Running check_real_world


ELEKTRA CHECK REAL WORLD SUITE

Check if script tests the correct version
system/test/script/sys/uname/machine
system/test/script/sys/uname/nodename
system/test/script/sys/uname/release
system/test/script/sys/uname/sysname
system/test/script/sys/uname/version
x86_64
test_real_world_root.ecf on /test/script with name /test/script
test_real_world_sys.ni on /test/script/sys with name /test/script/sys
test_real_world_hosts on /test/script/sys/hosts with name /test/script/sys/hosts
test_real_world_apps.ini on /test/script/apps with name /test/script/apps
test_real_world_hosts on /test/script/sys/hosts with name /test/script/sys/hosts
check_real_world RESULTS: 112 test(s) done 0 error(s).
Running check_resolver


ELEKTRA CHECK RESOLVER

Check if script tests the correct version
dump and sync available
For system x app/config_file we got /etc/xdg/app/config_file
For system x app/config_file we got /xdg_dir/app/config_file
For system x app/config_file we got /xdg_dir3/app/config_file
For system x app/config_file we got /etc/xdg/app/config_file
For user x app/config_file we got /xdg_dir1/app/config_file
For system x app/config_file we got /etc/xdg/app/config_file
For system x app/config_file we got /etc/xdg/app/config_file
For system x app/config_file we got /etc/xdg/app/config_file
For system x app/config_file we got /etc/xdg/app/config_file
For system x app/config_file we got /etc/xdg/app/config_file
For dir x /a we got /tmp/a
For dir x /a/b we got /tmp/a/b
For dir x a we got /tmp/.dir/a
For dir x a/b we got /tmp/.dir/a/b
For spec w /app/config_file we got /C/app/config_file
For spec w app/config_file we got /C/usr/share/elektra/specification/app/config_file
For system w /app/config_file we got /C/app/config_file
For system w app/config_file we got /C/etc/kdb/app/config_file
For user w /app/config_file we got /D//app/config_file
For user w app/config_file we got /D/app/config_file
For dir w /a we got /tmp//a
For dir w /a/b we got /tmp//a/b
For dir w a we got /tmp/a
For dir w a/b we got /tmp/a/b
For system b x we got /etc/kdb/x
For system b x/a we got /etc/kdb/x/a
For system b /a we got /a
For system b /a/b/c we got /a/b/c
For spec b x we got /usr/share/elektra/specification/x
For spec b x/a we got /usr/share/elektra/specification/x/a
For spec b /x we got /x
For spec b /x/a we got /x/a
For user b x we got /home/.config/x
For user b x/a we got /home/.config/x/a
For user b /a we got /home/a
For system b x we got /etc/kdb/x
For system b x/a we got /etc/kdb/x/a
For system b /a we got /a
For system b /a/b/c we got /a/b/c
For spec b x we got /usr/share/elektra/specification/x
For spec b x/a we got /usr/share/elektra/specification/x/a
For spec b /x we got /x
For spec b /x/a we got /x/a
For user b x we got /home/.config/x
For user b x/a we got /home/.config/x/a
For user b /a we got /home/a
For dir b /a we got /tmp/a
For dir b /a/b we got /tmp/a/b
For dir b a we got /tmp/.dir/a
For dir b a/b we got /tmp/.dir/a/b
For dir b /a we got /tmp/tmp.qiEekEIHNa/a
For dir b /a/b we got /tmp/tmp.qiEekEIHNa/a/b
For dir b a we got /tmp/tmp.qiEekEIHNa/.dir/a
For dir b a/b we got /tmp/tmp.qiEekEIHNa/.dir/a/b
For dir b /a we got /tmp/tmp.qiEekEIHNa/a
For dir b /a/b we got /tmp/tmp.qiEekEIHNa/sub/a/b
For dir b a we got /tmp/tmp.qiEekEIHNa/.dir/a
For dir b a/b we got /tmp/tmp.qiEekEIHNa/sub/.dir/a/b
For user h x we got /nowhere/below/.config/x
For user u abc we got /home/markus/somewhere/test/.config/abc
check_resolver RESULTS: 182 test(s) done 0 error(s).
Running check_spec


ELEKTRA SPEC TESTS

Check if script tests the correct version
+ echo Test specification get
Test specification get
+ ROOT_FILE=spec_tests.ecf
+ ROOT_MOUNTPOINT=/test/script/spec
+ is_plugin_available dump
+ [ xdump = xaugeas ]
+ [ xdump = xbase64 ]
+ [ xdump = xblockresolver ]
+ [ xdump = xboolean ]
+ [ xdump = xc ]
+ [ xdump = xcache ]
+ [ xdump = xcachefilter ]
+ [ xdump = xcamel ]
+ [ xdump = xccode ]
+ [ xdump = xconditionals ]
+ [ xdump = xconstants ]
+ [ xdump = xcounter ]
+ [ xdump = xcpptemplate ]
+ [ xdump = xcpptype ]
+ [ xdump = xcrypto_botan ]
+ [ xdump = xcrypto_gcrypt ]
+ [ xdump = xcrypto_openssl ]
+ [ xdump = xcsvstorage ]
+ [ xdump = xcurlget ]
+ [ xdump = xdate ]
+ [ xdump = xdbus ]
+ [ xdump = xdbusrecv ]
+ [ xdump = xdesktop ]
+ [ xdump = xdini ]
+ [ xdump = xdirectoryvalue ]
+ [ xdump = xdoc ]
+ [ xdump = xdpkg ]
+ [ xdump = xdump ]
+ return 0
+ is_plugin_available list
+ [ xlist = xaugeas ]
+ [ xlist = xbase64 ]
+ [ xlist = xblockresolver ]
+ [ xlist = xboolean ]
+ [ xlist = xc ]
+ [ xlist = xcache ]
+ [ xlist = xcachefilter ]
+ [ xlist = xcamel ]
+ [ xlist = xccode ]
+ [ xlist = xconditionals ]
+ [ xlist = xconstants ]
+ [ xlist = xcounter ]
+ [ xlist = xcpptemplate ]
+ [ xlist = xcpptype ]
+ [ xlist = xcrypto_botan ]
+ [ xlist = xcrypto_gcrypt ]
+ [ xlist = xcrypto_openssl ]
+ [ xlist = xcsvstorage ]
+ [ xlist = xcurlget ]
+ [ xlist = xdate ]
+ [ xlist = xdbus ]
+ [ xlist = xdbusrecv ]
+ [ xlist = xdesktop ]
+ [ xlist = xdini ]
+ [ xlist = xdirectoryvalue ]
+ [ xlist = xdoc ]
+ [ xlist = xdpkg ]
+ [ xlist = xdump ]
+ [ xlist = xenum ]
+ [ xlist = xerror ]
+ [ xlist = xfcrypt ]
+ [ xlist = xfile ]
+ [ xlist = xfilecheck ]
+ [ xlist = xfstab ]
+ [ xlist = xglob ]
+ [ xlist = xgopts ]
+ [ xlist = xgpgme ]
+ [ xlist = xhexcode ]
+ [ xlist = xhexnumber ]
+ [ xlist = xhidden ]
+ [ xlist = xhosts ]
+ [ xlist = xiconv ]
+ [ xlist = xini ]
+ [ xlist = xinternalnotification ]
+ [ xlist = xipaddr ]
+ [ xlist = xiterate ]
+ [ xlist = xjournald ]
+ [ xlist = xkeytometa ]
+ [ xlist = xline ]
+ [ xlist = xlineendings ]
+ [ xlist = xlist ]
+ return 0
+ is_plugin_available sync
+ [ xsync = xaugeas ]
+ [ xsync = xbase64 ]
+ [ xsync = xblockresolver ]
+ [ xsync = xboolean ]
+ [ xsync = xc ]
+ [ xsync = xcache ]
+ [ xsync = xcachefilter ]
+ [ xsync = xcamel ]
+ [ xsync = xccode ]
+ [ xsync = xconditionals ]
+ [ xsync = xconstants ]
+ [ xsync = xcounter ]
+ [ xsync = xcpptemplate ]
+ [ xsync = xcpptype ]
+ [ xsync = xcrypto_botan ]
+ [ xsync = xcrypto_gcrypt ]
+ [ xsync = xcrypto_openssl ]
+ [ xsync = xcsvstorage ]
+ [ xsync = xcurlget ]
+ [ xsync = xdate ]
+ [ xsync = xdbus ]
+ [ xsync = xdbusrecv ]
+ [ xsync = xdesktop ]
+ [ xsync = xdini ]
+ [ xsync = xdirectoryvalue ]
+ [ xsync = xdoc ]
+ [ xsync = xdpkg ]
+ [ xsync = xdump ]
+ [ xsync = xenum ]
+ [ xsync = xerror ]
+ [ xsync = xfcrypt ]
+ [ xsync = xfile ]
+ [ xsync = xfilecheck ]
+ [ xsync = xfstab ]
+ [ xsync = xglob ]
+ [ xsync = xgopts ]
+ [ xsync = xgpgme ]
+ [ xsync = xhexcode ]
+ [ xsync = xhexnumber ]
+ [ xsync = xhidden ]
+ [ xsync = xhosts ]
+ [ xsync = xiconv ]
+ [ xsync = xini ]
+ [ xsync = xinternalnotification ]
+ [ xsync = xipaddr ]
+ [ xsync = xiterate ]
+ [ xsync = xjournald ]
+ [ xsync = xkeytometa ]
+ [ xsync = xline ]
+ [ xsync = xlineendings ]
+ [ xsync = xlist ]
+ [ xsync = xlogchange ]
+ [ xsync = xlua ]
+ [ xsync = xmacaddr ]
+ [ xsync = xmathcheck ]
+ [ xsync = xmini ]
+ [ xsync = xmmapstorage ]
+ [ xsync = xmmapstorage_crc ]
+ [ xsync = xmozprefs ]
+ [ xsync = xmultifile ]
+ [ xsync = xnetwork ]
+ [ xsync = xni ]
+ [ xsync = xnoresolver ]
+ [ xsync = xnull ]
+ [ xsync = xpasswd ]
+ [ xsync = xpath ]
+ [ xsync = xprocess ]
+ [ xsync = xprofile ]
+ [ xsync = xpython ]
+ [ xsync = xpython2 ]
+ [ xsync = xquickdump ]
+ [ xsync = xrange ]
+ [ xsync = xreference ]
+ [ xsync = xregexstore ]
+ [ xsync = xrename ]
+ [ xsync = xrequired ]
+ [ xsync = xresolver_fm_b_b ]
+ [ xsync = xresolver_fm_hb_b ]
+ [ xsync = xresolver_fm_hp_b ]
+ [ xsync = xresolver_fm_hpu_b ]
+ [ xsync = xresolver_fm_pb_b ]
+ [ xsync = xresolver_fm_ub_x ]
+ [ xsync = xresolver_fm_uhb_xb ]
+ [ xsync = xresolver_fm_xb_x ]
+ [ xsync = xresolver_fm_xhp_x ]
+ [ xsync = xresolver_fm_xp_x ]
+ [ xsync = xrgbcolor ]
+ [ xsync = xshell ]
+ [ xsync = xsimpleini ]
+ [ xsync = xsimplespeclang ]
+ [ xsync = xspec ]
+ [ xsync = xspecload ]
+ [ xsync = xstruct ]
+ [ xsync = xsync ]
+ return 0
+ kdb mount spec_tests.ecf /test/script/spec dump
+ succeed_if could not mount root: spec_tests.ecf at /test/script/spec
+ [ 0 != 0 ]
+ nbTest=3
+ kdb file -n system/test/script/spec
+ SYSTEM_FILE=/etc/kdb/spec_tests.ecf
+ [ ! -f /etc/kdb/spec_tests.ecf ]
+ exit_if_fail System File /etc/kdb/spec_tests.ecf already exists
+ [ 0 != 0 ]
+ nbTest=4
+ kdb mount spec_tests.ecf spec/test/script/spec dump
+ succeed_if could not mount spec root: spec_tests.ecf at spec/test/script/spec
+ [ 0 != 0 ]
+ nbTest=5
+ kdb file -n spec/test/script/spec
+ SPEC_FILE=/usr/share/elektra/specification/spec_tests.ecf
+ [ ! -f /usr/share/elektra/specification/spec_tests.ecf ]
+ exit_if_fail Spec File /usr/share/elektra/specification/spec_tests.ecf already exists
+ [ 0 != 0 ]
+ nbTest=6
+ kdb get /test/script/spec
Did not find key '/test/script/spec'
+ [ 11 != 0 ]
+ succeed_if getting cascading should fail if nothing is there
+ [ 0 != 0 ]
+ nbTest=7
+ kdb set spec/test/script/spec/test
+ succeed_if could not create key
+ [ 0 != 0 ]
+ nbTest=8
+ kdb get /test/script/spec
Did not find key '/test/script/spec'
+ [ 11 != 0 ]
+ succeed_if getting cascading should fail if nothing is there
+ [ 0 != 0 ]
+ nbTest=9
+ kdb setmeta spec/test/script/spec/first default 20
+ succeed_if could not set meta
+ [ 0 != 0 ]
+ nbTest=10
+ kdb get /test/script/spec/first
+ [ x20 = x20 ]
+ succeed_if could not get default value
+ [ 0 != 0 ]
+ nbTest=11
+ kdb umount /test/script/spec
+ succeed_if could not unmount previously mounted mountpoint
+ [ 0 != 0 ]
+ nbTest=12
+ kdb umount spec/test/script/spec
+ succeed_if could not unmount previously mounted spec mountpoint
+ [ 0 != 0 ]
+ nbTest=13
+ rm -f /etc/kdb/spec_tests.ecf
+ rm -f /usr/share/elektra/specification/spec_tests.ecf
+ echo Test mounting plugin stack
Test mounting plugin stack
+ end_script spec tests
+ command -v cleanup
+ printf check_spec RESULTS: 13 test(s) done
check_spec RESULTS: 13 test(s) done+ [ 0 -ne 0 ]
+ echo  0 error(s).
 0 error(s).
+ exit 0

Following test cases failed: 
testmod_gopts
testmod_lua
testmod_quickdump
testmod_specload

run_all RESULTS: 156 test(s) done 4 error(s).
